PRT1
125
320
465
4 0 34 0 (1736 0 0 ) (1784 0 0 ) (1784 0 128 ) (1736 0 128 ) 
4 0 1 0 (1736 64 128 ) (1736 64 120 ) (1736 8 120 ) (1736 8 128 ) 
4 0 2 0 (1736 64 120 ) (1736 64 0 ) (1736 0 0 ) (1736 0 120 ) 
4 1 2 0 (1720 8 120 ) (1720 64 120 ) (1736 64 120 ) (1736 8 120 ) 
4 1 3 0 (1720 64 128 ) (1720 64 120 ) (1720 8 120 ) (1720 8 128 ) 
4 2 36 0 (1720 0 0 ) (1736 0 0 ) (1736 0 120 ) (1720 0 120 ) 
4 2 3 0 (1720 64 120 ) (1720 64 0 ) (1720 0 0 ) (1720 0 120 ) 
4 3 37 0 (1656 0 0 ) (1720 0 0 ) (1720 0 128 ) (1656 0 128 ) 
4 3 4 0 (1656 64 0 ) (1656 0 0 ) (1656 0 128 ) (1656 64 128 ) 
4 4 38 0 (1472 0 0 ) (1656 0 0 ) (1656 0 152 ) (1472 0 152 ) 
4 4 10 0 (1472 248 0 ) (1472 0 0 ) (1472 0 152 ) (1472 248 152 ) 
4 5 56 0 (1024 384 168 ) (1024 0 168 ) (1024 0 376 ) (1024 384 376 ) 
4 5 40 0 (1024 0 376 ) (1024 0 168 ) (1144 0 168 ) (1144 0 376 ) 
4 5 13 0 (1144 0 168 ) (1024 0 168 ) (1024 384 168 ) (1144 384 168 ) 
4 6 54 0 (1024 640 0 ) (1024 576 0 ) (1024 576 168 ) (1024 640 168 ) 
4 6 16 0 (1024 576 0 ) (1024 584 0 ) (1152 584 0 ) (1152 576 0 ) 
4 6 15 0 (1024 584 0 ) (1024 640 0 ) (1152 640 0 ) (1152 584 0 ) 
4 6 14 0 (1152 640 0 ) (1376 640 0 ) (1376 576 0 ) (1152 576 0 ) 
4 6 7 0 (1024 576 0 ) (1376 576 0 ) (1376 576 168 ) (1024 576 168 ) 
4 7 54 0 (1024 576 0 ) (1024 488 0 ) (1024 488 168 ) (1024 576 168 ) 
4 7 30 0 (1024 488 0 ) (1024 576 0 ) (1152 576 0 ) (1152 488 0 ) 
4 7 23 0 (1152 576 0 ) (1424 576 0 ) (1424 488 0 ) (1152 488 0 ) 
4 7 17 0 (1424 576 0 ) (1440 576 0 ) (1440 488 0 ) (1424 488 0 ) 
4 7 8 0 (1024 488 0 ) (1440 488 0 ) (1440 488 168 ) (1024 488 168 ) 
4 8 54 0 (1024 488 0 ) (1024 448 0 ) (1024 448 168 ) (1024 488 168 ) 
4 8 30 0 (1024 448 0 ) (1024 488 0 ) (1152 488 0 ) (1152 448 0 ) 
4 8 23 0 (1152 488 0 ) (1424 488 0 ) (1424 448 0 ) (1152 448 0 ) 
4 8 18 0 (1424 488 0 ) (1472 488 0 ) (1472 448 0 ) (1424 448 0 ) 
4 8 9 0 (1152 448 0 ) (1472 448 0 ) (1472 448 168 ) (1152 448 168 ) 
4 9 23 0 (1152 448 0 ) (1424 448 0 ) (1424 400 0 ) (1152 400 0 ) 
4 9 18 0 (1424 448 0 ) (1472 448 0 ) (1472 400 0 ) (1424 400 0 ) 
4 9 11 0 (1256 400 0 ) (1280 400 0 ) (1280 400 168 ) (1256 400 168 ) 
4 9 10 0 (1280 400 0 ) (1472 400 0 ) (1472 400 168 ) (1280 400 168 ) 
4 10 39 0 (1280 0 0 ) (1472 0 0 ) (1472 0 168 ) (1280 0 168 ) 
4 10 26 0 (1424 0 0 ) (1280 0 0 ) (1280 312 0 ) (1424 312 0 ) 
4 10 24 0 (1280 312 0 ) (1280 400 0 ) (1424 400 0 ) (1424 312 0 ) 
4 10 22 0 (1472 0 0 ) (1424 0 0 ) (1424 24 0 ) (1472 24 0 ) 
4 10 18 0 (1424 24 0 ) (1424 400 0 ) (1472 400 0 ) (1472 24 0 ) 
4 10 12 0 (1280 320 0 ) (1280 312 0 ) (1280 312 168 ) (1280 320 168 ) 
4 10 11 0 (1280 400 168 ) (1280 400 0 ) (1280 320 0 ) (1280 320 168 ) 
4 11 25 0 (1256 320 0 ) (1256 400 0 ) (1272 400 0 ) (1272 320 0 ) 
4 11 24 0 (1272 400 0 ) (1280 400 0 ) (1280 320 0 ) (1272 320 0 ) 
4 11 12 0 (1272 320 0 ) (1280 320 0 ) (1280 320 168 ) (1272 320 168 ) 
4 12 24 0 (1272 320 0 ) (1280 320 0 ) (1280 312 0 ) (1272 312 0 ) 
4 13 56 0 (1024 384 0 ) (1024 0 0 ) (1024 0 168 ) (1024 384 168 ) 
4 13 40 0 (1024 0 168 ) (1024 0 0 ) (1144 0 0 ) (1144 0 168 ) 
4 13 33 0 (1144 0 0 ) (1024 0 0 ) (1024 384 0 ) (1144 384 0 ) 
4 14 23 0 (1152 576 -56 ) (1376 576 -56 ) (1376 576 0 ) (1152 576 0 ) 
4 14 16 0 (1152 576 -48 ) (1152 576 0 ) (1152 584 0 ) (1152 584 -48 ) 
4 14 15 0 (1152 640 0 ) (1152 640 -56 ) (1152 584 -56 ) (1152 584 0 ) 
4 15 60 0 (1024 640 -56 ) (1024 584 -56 ) (1024 584 -48 ) (1024 640 -48 ) 
4 15 59 0 (1024 584 -48 ) (1024 584 0 ) (1024 640 0 ) (1024 640 -48 ) 
4 15 16 0 (1152 584 -48 ) (1152 584 0 ) (1024 584 0 ) (1024 584 -48 ) 
4 16 59 0 (1024 576 -48 ) (1024 576 0 ) (1024 584 0 ) (1024 584 -48 ) 
4 16 30 0 (1152 576 -48 ) (1152 576 0 ) (1024 576 0 ) (1024 576 -48 ) 
4 17 23 0 (1424 576 0 ) (1424 576 -56 ) (1424 488 -56 ) (1424 488 0 ) 
4 17 19 0 (1424 488 -32 ) (1424 488 -56 ) (1440 488 -56 ) (1440 488 -32 ) 
4 17 18 0 (1424 488 0 ) (1424 488 -32 ) (1440 488 -32 ) (1440 488 0 ) 
4 18 26 0 (1424 24 -32 ) (1424 24 0 ) (1424 312 0 ) (1424 312 -32 ) 
4 18 24 0 (1424 312 0 ) (1424 400 0 ) (1424 400 -32 ) (1424 312 -32 ) 
4 18 23 0 (1424 400 0 ) (1424 488 0 ) (1424 488 -32 ) (1424 400 -32 ) 
4 18 22 0 (1424 24 0 ) (1424 24 -24 ) (1472 24 -24 ) (1472 24 0 ) 
4 18 20 0 (1424 48 -32 ) (1424 96 -32 ) (1472 96 -32 ) (1472 48 -32 ) 
4 18 19 0 (1424 96 -32 ) (1424 488 -32 ) (1472 488 -32 ) (1472 96 -32 ) 
4 19 27 0 (1424 312 -56 ) (1424 96 -56 ) (1424 96 -48 ) (1424 312 -48 ) 
4 19 26 0 (1424 96 -48 ) (1424 96 -32 ) (1424 312 -32 ) (1424 312 -48 ) 
4 19 24 0 (1424 400 -56 ) (1424 312 -56 ) (1424 312 -32 ) (1424 400 -32 ) 
4 19 23 0 (1424 488 -56 ) (1424 400 -56 ) (1424 400 -32 ) (1424 488 -32 ) 
4 19 21 0 (1472 96 -48 ) (1472 96 -40 ) (1424 96 -40 ) (1424 96 -48 ) 
4 19 20 0 (1472 96 -40 ) (1472 96 -32 ) (1424 96 -32 ) (1424 96 -40 ) 
4 20 26 0 (1424 48 -40 ) (1424 48 -32 ) (1424 96 -32 ) (1424 96 -40 ) 
4 20 21 0 (1424 72 -40 ) (1424 96 -40 ) (1472 96 -40 ) (1472 72 -40 ) 
4 21 26 0 (1424 72 -40 ) (1424 96 -40 ) (1424 96 -48 ) (1424 72 -48 ) 
4 22 42 0 (1472 0 -16 ) (1472 0 0 ) (1424 0 0 ) (1424 0 -16 ) 
4 22 26 0 (1424 0 -24 ) (1424 0 0 ) (1424 24 0 ) (1424 24 -24 ) 
4 23 31 0 (1152 576 -48 ) (1152 576 -56 ) (1152 512 -56 ) (1152 512 -48 ) 
4 23 32 0 (1152 504 -56 ) (1152 448 -56 ) (1152 448 -48 ) (1152 504 -48 ) 
4 23 30 0 (1152 576 0 ) (1152 576 -48 ) (1152 448 -48 ) (1152 448 0 ) 
4 23 25 0 (1256 400 -56 ) (1272 400 -56 ) (1272 400 0 ) (1256 400 0 ) 
4 23 24 0 (1272 400 -56 ) (1424 400 -56 ) (1424 400 0 ) (1272 400 0 ) 
4 24 29 0 (1280 312 -56 ) (1336 312 -56 ) (1336 312 -48 ) (1280 312 -48 ) 
4 24 27 0 (1416 312 -56 ) (1424 312 -56 ) (1424 312 -48 ) (1416 312 -48 ) 
4 24 28 0 (1344 312 -56 ) (1408 312 -56 ) (1408 312 -48 ) (1344 312 -48 ) 
4 24 26 0 (1424 312 -48 ) (1424 312 0 ) (1280 312 0 ) (1280 312 -48 ) 
4 24 25 0 (1272 400 0 ) (1272 400 -56 ) (1272 320 -56 ) (1272 320 0 ) 
4 26 45 0 (1424 0 -48 ) (1424 0 0 ) (1280 0 0 ) (1280 0 -48 ) 
4 26 29 0 (1280 312 -48 ) (1336 312 -48 ) (1336 0 -48 ) (1280 0 -48 ) 
4 26 27 0 (1416 312 -48 ) (1424 312 -48 ) (1424 0 -48 ) (1416 0 -48 ) 
4 26 28 0 (1344 312 -48 ) (1408 312 -48 ) (1408 0 -48 ) (1344 0 -48 ) 
4 27 46 0 (1416 0 -56 ) (1424 0 -56 ) (1424 0 -48 ) (1416 0 -48 ) 
4 28 47 0 (1344 0 -56 ) (1408 0 -56 ) (1408 0 -48 ) (1344 0 -48 ) 
4 29 48 0 (1280 0 -56 ) (1336 0 -56 ) (1336 0 -48 ) (1280 0 -48 ) 
4 30 59 0 (1024 448 -48 ) (1024 448 0 ) (1024 576 0 ) (1024 576 -48 ) 
4 30 31 0 (1024 512 -48 ) (1024 576 -48 ) (1152 576 -48 ) (1152 512 -48 ) 
4 30 32 0 (1152 448 -48 ) (1024 448 -48 ) (1024 504 -48 ) (1152 504 -48 ) 
4 31 61 0 (1024 576 -56 ) (1024 512 -56 ) (1024 512 -48 ) (1024 576 -48 ) 
4 32 62 0 (1024 504 -56 ) (1024 448 -56 ) (1024 448 -48 ) (1024 504 -48 ) 
4 33 65 0 (1024 384 -56 ) (1024 0 -56 ) (1024 0 -32 ) (1024 384 -32 ) 
4 33 64 0 (1024 0 -32 ) (1024 0 0 ) (1024 384 0 ) (1024 384 -32 ) 
4 33 49 0 (1024 0 0 ) (1024 0 -56 ) (1144 0 -56 ) (1144 0 0 ) 
4 34 35 0 (1736 -64 120 ) (1736 -64 128 ) (1736 -8 128 ) (1736 -8 120 ) 
4 34 36 0 (1736 0 0 ) (1736 -64 0 ) (1736 -64 120 ) (1736 0 120 ) 
4 35 36 0 (1720 -64 120 ) (1720 -8 120 ) (1736 -8 120 ) (1736 -64 120 ) 
4 35 37 0 (1720 -64 120 ) (1720 -64 128 ) (1720 -8 128 ) (1720 -8 120 ) 
4 36 37 0 (1720 0 0 ) (1720 -64 0 ) (1720 -64 120 ) (1720 0 120 ) 
4 37 38 0 (1656 0 0 ) (1656 -64 0 ) (1656 -64 128 ) (1656 0 128 ) 
4 38 39 0 (1472 0 152 ) (1472 0 0 ) (1472 -248 0 ) (1472 -248 152 ) 
4 39 45 0 (1280 0 0 ) (1424 0 0 ) (1424 -312 0 ) (1280 -312 0 ) 
4 39 44 0 (1472 -112 0 ) (1472 -312 0 ) (1424 -312 0 ) (1424 -112 0 ) 
4 39 43 0 (1472 -24 0 ) (1472 -112 0 ) (1424 -112 0 ) (1424 -24 0 ) 
4 39 42 0 (1424 0 0 ) (1472 0 0 ) (1472 -24 0 ) (1424 -24 0 ) 
4 40 75 0 (1024 0 376 ) (1024 0 0 ) (1024 -384 0 ) (1024 -384 376 ) 
4 40 49 0 (1024 -384 0 ) (1024 0 0 ) (1144 0 0 ) (1144 -384 0 ) 
4 41 84 0 (1024 -576 0 ) (1024 -640 0 ) (1024 -640 168 ) (1024 -576 168 ) 
4 41 83 0 (1024 -488 0 ) (1024 -576 0 ) (1024 -576 168 ) (1024 -488 168 ) 
4 41 82 0 (1024 -448 0 ) (1024 -488 0 ) (1024 -488 168 ) (1024 -448 168 ) 
4 41 50 0 (1024 -640 0 ) (1024 -448 0 ) (1152 -448 0 ) (1152 -640 0 ) 
4 42 45 0 (1424 -24 0 ) (1424 0 0 ) (1424 0 -16 ) (1424 -24 -16 ) 
4 42 43 0 (1424 -24 0 ) (1424 -24 -8 ) (1472 -24 -8 ) (1472 -24 0 ) 
4 43 45 0 (1424 -112 0 ) (1424 -24 0 ) (1424 -24 -8 ) (1424 -112 -8 ) 
4 43 44 0 (1424 -112 0 ) (1424 -112 -8 ) (1472 -112 -8 ) (1472 -112 0 ) 
4 44 46 0 (1424 -112 -48 ) (1424 -112 -56 ) (1424 -312 -56 ) (1424 -312 -48 ) 
4 44 45 0 (1424 -312 0 ) (1424 -112 0 ) (1424 -112 -48 ) (1424 -312 -48 ) 
4 45 48 0 (1280 -312 -48 ) (1280 0 -48 ) (1336 0 -48 ) (1336 -312 -48 ) 
4 45 47 0 (1344 0 -48 ) (1408 0 -48 ) (1408 -312 -48 ) (1344 -312 -48 ) 
4 45 46 0 (1416 0 -48 ) (1424 0 -48 ) (1424 -312 -48 ) (1416 -312 -48 ) 
4 49 86 0 (1024 -384 0 ) (1024 0 0 ) (1024 0 -56 ) (1024 -384 -56 ) 
4 50 105 0 (1024 -584 0 ) (1024 -576 0 ) (1024 -576 -48 ) (1024 -584 -48 ) 
4 50 106 0 (1024 -640 0 ) (1024 -584 0 ) (1024 -584 -48 ) (1024 -640 -48 ) 
4 50 101 0 (1024 -576 0 ) (1024 -448 0 ) (1024 -448 -48 ) (1024 -576 -48 ) 
4 50 53 0 (1152 -584 -48 ) (1152 -640 -48 ) (1024 -640 -48 ) (1024 -584 -48 ) 
4 50 51 0 (1152 -448 -48 ) (1152 -504 -48 ) (1024 -504 -48 ) (1024 -448 -48 ) 
4 50 52 0 (1152 -512 -48 ) (1152 -576 -48 ) (1024 -576 -48 ) (1024 -512 -48 ) 
4 51 102 0 (1024 -448 -56 ) (1024 -504 -56 ) (1024 -504 -48 ) (1024 -448 -48 ) 
4 52 103 0 (1024 -512 -56 ) (1024 -576 -56 ) (1024 -576 -48 ) (1024 -512 -48 ) 
4 53 106 0 (1024 -584 -56 ) (1024 -640 -56 ) (1024 -640 -48 ) (1024 -584 -48 ) 
4 54 59 0 (384 640 0 ) (1024 640 0 ) (1024 448 0 ) (384 448 0 ) 
4 54 55 0 (672 448 0 ) (864 448 0 ) (864 448 96 ) (672 448 96 ) 
4 55 63 0 (672 448 0 ) (864 448 0 ) (864 384 0 ) (672 384 0 ) 
4 55 56 0 (672 384 0 ) (864 384 0 ) (864 384 96 ) (672 384 96 ) 
4 56 75 0 (392 0 0 ) (1024 0 0 ) (1024 0 376 ) (392 0 376 ) 
4 56 67 0 (704 0 0 ) (392 0 0 ) (392 384 0 ) (704 384 0 ) 
4 56 64 0 (1024 0 0 ) (704 0 0 ) (704 384 0 ) (1024 384 0 ) 
4 57 76 0 (64 0 0 ) (256 0 0 ) (256 0 168 ) (64 0 168 ) 
4 57 74 0 (112 0 0 ) (64 0 0 ) (64 8 0 ) (112 8 0 ) 
4 57 73 0 (64 8 0 ) (64 96 0 ) (112 96 0 ) (112 8 0 ) 
4 57 72 0 (64 96 0 ) (64 312 0 ) (112 312 0 ) (112 96 0 ) 
4 57 68 0 (256 0 0 ) (112 0 0 ) (112 312 0 ) (256 312 0 ) 
4 57 58 0 (64 248 0 ) (64 0 0 ) (64 0 152 ) (64 248 152 ) 
4 58 115 0 (0 0 0 ) (0 0 152 ) (0 248 152 ) (0 248 0 ) 
4 58 85 0 (0 0 152 ) (0 0 0 ) (64 0 0 ) (64 0 152 ) 
4 59 63 0 (864 448 0 ) (672 448 0 ) (672 448 -48 ) (864 448 -48 ) 
4 59 61 0 (384 512 -48 ) (384 576 -48 ) (1024 576 -48 ) (1024 512 -48 ) 
4 59 60 0 (384 584 -48 ) (384 640 -48 ) (1024 640 -48 ) (1024 584 -48 ) 
4 59 62 0 (1024 448 -48 ) (384 448 -48 ) (384 504 -48 ) (1024 504 -48 ) 
4 62 63 0 (672 448 -56 ) (864 448 -56 ) (864 448 -48 ) (672 448 -48 ) 
4 63 67 0 (672 384 -56 ) (704 384 -56 ) (704 384 0 ) (672 384 0 ) 
4 63 66 0 (704 384 -56 ) (832 384 -56 ) (832 384 -32 ) (704 384 -32 ) 
4 63 65 0 (832 384 -56 ) (864 384 -56 ) (864 384 -32 ) (832 384 -32 ) 
4 63 64 0 (864 384 -32 ) (864 384 0 ) (704 384 0 ) (704 384 -32 ) 
4 64 87 0 (864 0 0 ) (704 0 0 ) (704 0 -32 ) (864 0 -32 ) 
4 64 86 0 (1024 0 -32 ) (1024 0 0 ) (864 0 0 ) (864 0 -32 ) 
4 64 67 0 (704 384 0 ) (704 384 -32 ) (704 0 -32 ) (704 0 0 ) 
4 64 66 0 (704 64 -32 ) (704 384 -32 ) (832 384 -32 ) (832 64 -32 ) 
4 64 65 0 (1024 0 -32 ) (832 0 -32 ) (832 384 -32 ) (1024 384 -32 ) 
4 65 88 0 (832 0 -56 ) (864 0 -56 ) (864 0 -32 ) (832 0 -32 ) 
4 65 86 0 (864 0 -56 ) (1024 0 -56 ) (1024 0 -32 ) (864 0 -32 ) 
4 65 66 0 (832 64 -32 ) (832 384 -32 ) (832 384 -56 ) (832 64 -56 ) 
4 66 67 0 (704 384 -32 ) (704 384 -56 ) (704 64 -56 ) (704 64 -32 ) 
4 67 91 0 (392 0 -56 ) (672 0 -56 ) (672 0 0 ) (392 0 0 ) 
4 67 90 0 (672 0 -56 ) (704 0 -56 ) (704 0 -32 ) (672 0 -32 ) 
4 67 87 0 (704 0 -32 ) (704 0 0 ) (672 0 0 ) (672 0 -32 ) 
4 68 95 0 (128 0 0 ) (120 0 0 ) (120 0 -48 ) (128 0 -48 ) 
4 68 96 0 (120 0 0 ) (112 0 0 ) (112 0 -48 ) (120 0 -48 ) 
4 68 93 0 (200 0 0 ) (192 0 0 ) (192 0 -48 ) (200 0 -48 ) 
4 68 94 0 (192 0 0 ) (128 0 0 ) (128 0 -48 ) (192 0 -48 ) 
4 68 92 0 (256 0 -48 ) (256 0 0 ) (200 0 0 ) (200 0 -48 ) 
4 68 74 0 (112 0 -16 ) (112 0 0 ) (112 8 0 ) (112 8 -16 ) 
4 68 73 0 (112 8 0 ) (112 96 0 ) (112 96 -8 ) (112 8 -8 ) 
4 68 72 0 (112 96 0 ) (112 312 0 ) (112 312 -48 ) (112 96 -48 ) 
4 68 71 0 (112 0 -48 ) (112 312 -48 ) (120 312 -48 ) (120 0 -48 ) 
4 68 70 0 (128 312 -48 ) (192 312 -48 ) (192 0 -48 ) (128 0 -48 ) 
4 68 69 0 (200 312 -48 ) (256 312 -48 ) (256 0 -48 ) (200 0 -48 ) 
4 69 92 0 (200 0 -56 ) (256 0 -56 ) (256 0 -48 ) (200 0 -48 ) 
4 70 94 0 (128 0 -56 ) (192 0 -56 ) (192 0 -48 ) (128 0 -48 ) 
4 71 96 0 (112 0 -56 ) (120 0 -56 ) (120 0 -48 ) (112 0 -48 ) 
4 71 72 0 (112 312 -56 ) (112 96 -56 ) (112 96 -48 ) (112 312 -48 ) 
4 72 73 0 (64 96 0 ) (64 96 -8 ) (112 96 -8 ) (112 96 0 ) 
4 73 74 0 (64 8 0 ) (64 8 -8 ) (112 8 -8 ) (112 8 0 ) 
4 74 108 0 (112 0 -16 ) (112 0 0 ) (64 0 0 ) (64 0 -16 ) 
4 75 97 0 (672 -312 0 ) (672 -384 0 ) (392 -384 0 ) (392 -312 0 ) 
4 75 91 0 (392 0 0 ) (672 0 0 ) (672 -312 0 ) (392 -312 0 ) 
4 75 87 0 (672 0 0 ) (864 0 0 ) (864 -384 0 ) (672 -384 0 ) 
4 75 86 0 (864 0 0 ) (1024 0 0 ) (1024 -384 0 ) (864 -384 0 ) 
4 75 79 0 (672 -384 0 ) (864 -384 0 ) (864 -384 96 ) (672 -384 96 ) 
4 76 108 0 (64 0 0 ) (112 0 0 ) (112 -312 0 ) (64 -312 0 ) 
4 76 95 0 (120 0 0 ) (128 0 0 ) (128 -312 0 ) (120 -312 0 ) 
4 76 96 0 (112 0 0 ) (120 0 0 ) (120 -312 0 ) (112 -312 0 ) 
4 76 93 0 (192 0 0 ) (200 0 0 ) (200 -312 0 ) (192 -312 0 ) 
4 76 94 0 (128 0 0 ) (192 0 0 ) (192 -312 0 ) (128 -312 0 ) 
4 76 92 0 (200 0 0 ) (256 0 0 ) (256 -312 0 ) (200 -312 0 ) 
4 76 85 0 (64 0 152 ) (64 0 0 ) (64 -248 0 ) (64 -248 152 ) 
4 76 78 0 (256 -312 168 ) (64 -312 168 ) (64 -312 0 ) (256 -312 0 ) 
4 77 98 0 (280 -320 0 ) (280 -384 0 ) (264 -384 0 ) (264 -320 0 ) 
4 77 80 0 (264 -384 0 ) (280 -384 0 ) (280 -384 168 ) (264 -384 168 ) 
4 77 78 0 (264 -320 0 ) (264 -384 0 ) (264 -384 168 ) (264 -320 168 ) 
4 78 108 0 (112 -384 0 ) (64 -384 0 ) (64 -312 0 ) (112 -312 0 ) 
4 78 99 0 (264 -384 0 ) (112 -384 0 ) (112 -312 0 ) (264 -312 0 ) 
4 78 80 0 (64 -384 168 ) (64 -384 0 ) (264 -384 0 ) (264 -384 168 ) 
4 79 87 0 (864 -448 0 ) (672 -448 0 ) (672 -384 0 ) (864 -384 0 ) 
4 79 82 0 (672 -448 0 ) (864 -448 0 ) (864 -448 96 ) (672 -448 96 ) 
4 80 108 0 (64 -400 0 ) (64 -384 0 ) (112 -384 0 ) (112 -400 0 ) 
4 80 98 0 (264 -384 0 ) (280 -384 0 ) (280 -400 0 ) (264 -400 0 ) 
4 80 99 0 (112 -384 0 ) (264 -384 0 ) (264 -400 0 ) (112 -400 0 ) 
4 80 81 0 (280 -400 168 ) (64 -400 168 ) (64 -400 0 ) (280 -400 0 ) 
4 81 108 0 (112 -448 0 ) (64 -448 0 ) (64 -400 0 ) (112 -400 0 ) 
4 81 100 0 (384 -448 0 ) (112 -448 0 ) (112 -400 0 ) (384 -400 0 ) 
4 81 82 0 (64 -448 168 ) (64 -448 0 ) (384 -448 0 ) (384 -448 168 ) 
4 82 108 0 (112 -488 0 ) (64 -488 0 ) (64 -448 0 ) (112 -448 0 ) 
4 82 101 0 (1024 -448 0 ) (1024 -488 0 ) (112 -488 0 ) (112 -448 0 ) 
4 82 83 0 (1024 -488 168 ) (96 -488 168 ) (96 -488 0 ) (1024 -488 0 ) 
4 83 114 0 (112 -576 0 ) (96 -576 0 ) (96 -488 0 ) (112 -488 0 ) 
4 83 101 0 (1024 -488 0 ) (1024 -576 0 ) (112 -576 0 ) (112 -488 0 ) 
4 83 84 0 (1024 -576 168 ) (160 -576 168 ) (160 -576 0 ) (1024 -576 0 ) 
4 84 107 0 (384 -640 0 ) (160 -640 0 ) (160 -576 0 ) (384 -576 0 ) 
4 84 105 0 (1024 -576 0 ) (1024 -584 0 ) (384 -584 0 ) (384 -576 0 ) 
4 84 106 0 (1024 -584 0 ) (1024 -640 0 ) (384 -640 0 ) (384 -584 0 ) 
4 85 120 0 (0 -248 152 ) (0 0 152 ) (0 0 0 ) (0 -248 0 ) 
4 86 88 0 (864 0 -56 ) (864 -64 -56 ) (864 -64 -32 ) (864 0 -32 ) 
4 86 89 0 (864 -64 -56 ) (864 -384 -56 ) (864 -384 -32 ) (864 -64 -32 ) 
4 86 87 0 (864 -384 -32 ) (864 -384 0 ) (864 0 0 ) (864 0 -32 ) 
4 87 101 0 (864 -448 -32 ) (864 -448 0 ) (672 -448 0 ) (672 -448 -32 ) 
4 87 97 0 (672 -384 0 ) (672 -312 0 ) (672 -312 -32 ) (672 -384 -32 ) 
4 87 91 0 (672 -312 0 ) (672 0 0 ) (672 0 -32 ) (672 -312 -32 ) 
4 87 88 0 (832 0 -32 ) (864 0 -32 ) (864 -64 -32 ) (832 -64 -32 ) 
4 87 89 0 (864 -64 -32 ) (864 -448 -32 ) (704 -448 -32 ) (704 -64 -32 ) 
4 87 90 0 (672 -448 -32 ) (672 0 -32 ) (704 0 -32 ) (704 -448 -32 ) 
4 88 89 0 (832 -64 -56 ) (864 -64 -56 ) (864 -64 -32 ) (832 -64 -32 ) 
4 89 102 0 (704 -448 -56 ) (864 -448 -56 ) (864 -448 -48 ) (704 -448 -48 ) 
4 89 101 0 (864 -448 -48 ) (864 -448 -32 ) (704 -448 -32 ) (704 -448 -48 ) 
4 89 90 0 (704 -64 -56 ) (704 -448 -56 ) (704 -448 -32 ) (704 -64 -32 ) 
4 90 102 0 (672 -448 -56 ) (704 -448 -56 ) (704 -448 -48 ) (672 -448 -48 ) 
4 90 101 0 (704 -448 -48 ) (704 -448 -32 ) (672 -448 -32 ) (672 -448 -48 ) 
4 90 97 0 (672 -312 -56 ) (672 -384 -56 ) (672 -384 -32 ) (672 -312 -32 ) 
4 90 91 0 (672 0 -56 ) (672 -312 -56 ) (672 -312 -32 ) (672 0 -32 ) 
4 91 97 0 (392 -312 -56 ) (672 -312 -56 ) (672 -312 0 ) (392 -312 0 ) 
4 92 99 0 (200 -312 -56 ) (256 -312 -56 ) (256 -312 0 ) (200 -312 0 ) 
4 92 93 0 (200 -312 -48 ) (200 -312 0 ) (200 0 0 ) (200 0 -48 ) 
4 93 99 0 (200 -312 -48 ) (200 -312 0 ) (192 -312 0 ) (192 -312 -48 ) 
4 93 94 0 (192 -312 -48 ) (192 -312 0 ) (192 0 0 ) (192 0 -48 ) 
4 94 99 0 (128 -312 -56 ) (192 -312 -56 ) (192 -312 0 ) (128 -312 0 ) 
4 94 95 0 (128 -312 -48 ) (128 -312 0 ) (128 0 0 ) (128 0 -48 ) 
4 95 99 0 (128 -312 -48 ) (128 -312 0 ) (120 -312 0 ) (120 -312 -48 ) 
4 95 96 0 (120 -312 -48 ) (120 -312 0 ) (120 0 0 ) (120 0 -48 ) 
4 96 113 0 (112 -112 -56 ) (112 -312 -56 ) (112 -312 -48 ) (112 -112 -48 ) 
4 96 112 0 (112 -312 -48 ) (112 -312 -40 ) (112 -88 -40 ) (112 -88 -48 ) 
4 96 111 0 (112 -312 -40 ) (112 -312 -16 ) (112 -64 -16 ) (112 -64 -40 ) 
4 96 110 0 (112 -64 -16 ) (112 -40 -16 ) (112 -40 -32 ) (112 -64 -32 ) 
4 96 109 0 (112 -40 -24 ) (112 -40 -16 ) (112 -16 -16 ) (112 -16 -24 ) 
4 96 108 0 (112 -312 -16 ) (112 -312 0 ) (112 0 0 ) (112 0 -16 ) 
4 96 99 0 (112 -312 0 ) (112 -312 -56 ) (120 -312 -56 ) (120 -312 0 ) 
4 98 100 0 (264 -400 -56 ) (280 -400 -56 ) (280 -400 0 ) (264 -400 0 ) 
4 98 99 0 (264 -320 -56 ) (264 -400 -56 ) (264 -400 0 ) (264 -320 0 ) 
4 99 113 0 (112 -312 -56 ) (112 -400 -56 ) (112 -400 -48 ) (112 -312 -48 ) 
4 99 112 0 (112 -400 -48 ) (112 -400 -40 ) (112 -312 -40 ) (112 -312 -48 ) 
4 99 111 0 (112 -400 -40 ) (112 -400 -16 ) (112 -312 -16 ) (112 -312 -40 ) 
4 99 108 0 (112 -400 -16 ) (112 -400 0 ) (112 -312 0 ) (112 -312 -16 ) 
4 99 100 0 (112 -400 0 ) (112 -400 -56 ) (264 -400 -56 ) (264 -400 0 ) 
4 100 113 0 (112 -400 -56 ) (112 -448 -56 ) (112 -448 -48 ) (112 -400 -48 ) 
4 100 112 0 (112 -448 -48 ) (112 -448 -40 ) (112 -400 -40 ) (112 -400 -48 ) 
4 100 111 0 (112 -448 -40 ) (112 -448 -16 ) (112 -400 -16 ) (112 -400 -40 ) 
4 100 108 0 (112 -448 -16 ) (112 -448 0 ) (112 -400 0 ) (112 -400 -16 ) 
4 100 104 0 (112 -448 -48 ) (112 -448 -56 ) (384 -448 -56 ) (384 -448 -48 ) 
4 100 101 0 (112 -448 0 ) (112 -448 -48 ) (384 -448 -48 ) (384 -448 0 ) 
4 101 114 0 (112 -576 -48 ) (112 -576 0 ) (112 -488 0 ) (112 -488 -48 ) 
4 101 112 0 (112 -448 -40 ) (112 -448 -48 ) (112 -488 -48 ) (112 -488 -40 ) 
4 101 111 0 (112 -448 -16 ) (112 -448 -40 ) (112 -488 -40 ) (112 -488 -16 ) 
4 101 108 0 (112 -488 0 ) (112 -448 0 ) (112 -448 -16 ) (112 -488 -16 ) 
4 101 107 0 (160 -576 -48 ) (384 -576 -48 ) (384 -576 0 ) (160 -576 0 ) 
4 101 105 0 (384 -576 -48 ) (1024 -576 -48 ) (1024 -576 0 ) (384 -576 0 ) 
4 101 103 0 (1024 -576 -48 ) (384 -576 -48 ) (384 -512 -48 ) (1024 -512 -48 ) 
4 101 102 0 (384 -504 -48 ) (384 -448 -48 ) (1024 -448 -48 ) (1024 -504 -48 ) 
4 101 104 0 (384 -576 -48 ) (112 -576 -48 ) (112 -448 -48 ) (384 -448 -48 ) 
4 102 104 0 (384 -504 -48 ) (384 -448 -48 ) (384 -448 -56 ) (384 -504 -56 ) 
4 103 104 0 (384 -576 -56 ) (384 -576 -48 ) (384 -512 -48 ) (384 -512 -56 ) 
4 104 114 0 (112 -488 -56 ) (112 -576 -56 ) (112 -576 -48 ) (112 -488 -48 ) 
4 104 113 0 (112 -448 -56 ) (112 -488 -56 ) (112 -488 -48 ) (112 -448 -48 ) 
4 104 107 0 (160 -576 -56 ) (384 -576 -56 ) (384 -576 -48 ) (160 -576 -48 ) 
4 105 107 0 (384 -576 0 ) (384 -576 -48 ) (384 -584 -48 ) (384 -584 0 ) 
4 105 106 0 (384 -584 0 ) (384 -584 -48 ) (1024 -584 -48 ) (1024 -584 0 ) 
4 106 107 0 (384 -584 -56 ) (384 -640 -56 ) (384 -640 0 ) (384 -584 0 ) 
4 108 114 0 (96 -488 -16 ) (112 -488 -16 ) (112 -488 0 ) (96 -488 0 ) 
4 108 111 0 (112 -488 -16 ) (64 -488 -16 ) (64 -64 -16 ) (112 -64 -16 ) 
4 108 110 0 (64 -64 -16 ) (64 -40 -16 ) (112 -40 -16 ) (112 -64 -16 ) 
4 108 109 0 (64 -40 -16 ) (64 -16 -16 ) (112 -16 -16 ) (112 -40 -16 ) 
4 109 110 0 (112 -40 -24 ) (112 -40 -16 ) (64 -40 -16 ) (64 -40 -24 ) 
4 110 111 0 (112 -64 -32 ) (112 -64 -16 ) (64 -64 -16 ) (64 -64 -32 ) 
4 111 114 0 (96 -488 -40 ) (112 -488 -40 ) (112 -488 -16 ) (96 -488 -16 ) 
4 111 112 0 (112 -488 -40 ) (64 -488 -40 ) (64 -88 -40 ) (112 -88 -40 ) 
4 112 114 0 (96 -488 -48 ) (112 -488 -48 ) (112 -488 -40 ) (96 -488 -40 ) 
4 112 113 0 (112 -488 -48 ) (64 -488 -48 ) (64 -112 -48 ) (112 -112 -48 ) 
4 113 114 0 (96 -488 -56 ) (112 -488 -56 ) (112 -488 -48 ) (96 -488 -48 ) 
4 115 120 0 (-120 0 0 ) (0 0 0 ) (0 0 152 ) (-120 0 152 ) 
4 115 116 0 (-120 0 120 ) (-120 0 128 ) (-120 64 128 ) (-120 64 120 ) 
4 115 118 0 (-120 64 0 ) (-120 0 0 ) (-120 0 120 ) (-120 64 120 ) 
4 116 121 0 (-120 0 120 ) (-120 0 128 ) (-184 0 128 ) (-184 0 120 ) 
4 116 117 0 (-184 64 128 ) (-184 64 120 ) (-184 8 120 ) (-184 8 128 ) 
4 116 118 0 (-184 64 120 ) (-120 64 120 ) (-120 0 120 ) (-184 0 120 ) 
4 117 119 0 (-200 64 128 ) (-200 64 120 ) (-200 8 120 ) (-200 8 128 ) 
4 117 118 0 (-200 8 120 ) (-200 64 120 ) (-184 64 120 ) (-184 8 120 ) 
4 118 123 0 (-200 0 0 ) (-120 0 0 ) (-120 0 120 ) (-200 0 120 ) 
4 118 119 0 (-200 64 120 ) (-200 64 0 ) (-200 0 0 ) (-200 0 120 ) 
4 119 124 0 (-248 0 0 ) (-200 0 0 ) (-200 0 128 ) (-248 0 128 ) 
4 120 121 0 (-120 -64 120 ) (-120 -64 128 ) (-120 0 128 ) (-120 0 120 ) 
4 120 123 0 (-120 0 0 ) (-120 -64 0 ) (-120 -64 120 ) (-120 0 120 ) 
4 121 122 0 (-184 -8 120 ) (-184 -64 120 ) (-184 -64 128 ) (-184 -8 128 ) 
4 121 123 0 (-120 -64 120 ) (-184 -64 120 ) (-184 0 120 ) (-120 0 120 ) 
4 122 124 0 (-200 -64 120 ) (-200 -64 128 ) (-200 -8 128 ) (-200 -8 120 ) 
4 122 123 0 (-184 -64 120 ) (-200 -64 120 ) (-200 -8 120 ) (-184 -8 120 ) 
4 123 124 0 (-200 0 0 ) (-200 -64 0 ) (-200 -64 120 ) (-200 0 120 ) 
4 0 (1784 0 0 ) (1736 0 0 ) (1736 64 0 ) (1784 64 0 ) 
4 0 (1736 8 120 ) (1736 0 120 ) (1736 0 128 ) (1736 8 128 ) 
4 0 (1784 0 128 ) (1784 0 0 ) (1784 64 0 ) (1784 64 128 ) 
4 0 (1784 64 0 ) (1736 64 0 ) (1736 64 128 ) (1784 64 128 ) 
4 0 (1784 64 128 ) (1736 64 128 ) (1736 0 128 ) (1784 0 128 ) 
4 1 (1736 64 120 ) (1720 64 120 ) (1720 64 128 ) (1736 64 128 ) 
4 1 (1736 8 128 ) (1736 64 128 ) (1720 64 128 ) (1720 8 128 ) 
4 1 (1720 8 128 ) (1720 8 120 ) (1736 8 120 ) (1736 8 128 ) 
4 2 (1736 0 0 ) (1720 0 0 ) (1720 64 0 ) (1736 64 0 ) 
4 2 (1736 0 120 ) (1736 8 120 ) (1720 8 120 ) (1720 0 120 ) 
4 2 (1736 64 120 ) (1736 64 0 ) (1720 64 0 ) (1720 64 120 ) 
4 3 (1720 0 0 ) (1656 0 0 ) (1656 64 0 ) (1720 64 0 ) 
4 3 (1720 8 128 ) (1720 0 128 ) (1720 0 120 ) (1720 8 120 ) 
4 3 (1720 64 0 ) (1656 64 0 ) (1656 64 128 ) (1720 64 128 ) 
4 3 (1720 64 128 ) (1656 64 128 ) (1656 0 128 ) (1720 0 128 ) 
4 4 (1656 0 0 ) (1472 0 0 ) (1472 248 0 ) (1656 248 0 ) 
4 4 (1656 248 152 ) (1472 248 152 ) (1472 0 152 ) (1656 0 152 ) 
4 4 (1656 248 128 ) (1656 248 152 ) (1656 0 152 ) (1656 0 128 ) 
4 4 (1656 248 128 ) (1656 64 128 ) (1656 64 0 ) (1656 248 0 ) 
4 4 (1472 248 0 ) (1472 248 152 ) (1656 248 152 ) (1656 248 0 ) 
4 5 (1144 0 376 ) (1144 0 168 ) (1144 384 168 ) (1144 384 376 ) 
4 5 (1144 384 376 ) (1144 384 168 ) (1024 384 168 ) (1024 384 376 ) 
4 5 (1024 0 376 ) (1144 0 376 ) (1144 384 376 ) (1024 384 376 ) 
4 6 (1024 640 168 ) (1376 640 168 ) (1376 640 0 ) (1024 640 0 ) 
4 6 (1376 640 168 ) (1024 640 168 ) (1024 576 168 ) (1376 576 168 ) 
4 6 (1376 576 168 ) (1376 576 0 ) (1376 640 0 ) (1376 640 168 ) 
4 7 (1440 576 168 ) (1024 576 168 ) (1024 488 168 ) (1440 488 168 ) 
4 7 (1376 576 168 ) (1440 576 168 ) (1440 576 0 ) (1376 576 0 ) 
4 7 (1440 488 168 ) (1440 488 0 ) (1440 576 0 ) (1440 576 168 ) 
4 8 (1024 448 0 ) (1152 448 0 ) (1152 448 168 ) (1024 448 168 ) 
4 8 (1440 488 168 ) (1472 488 168 ) (1472 488 0 ) (1440 488 0 ) 
4 8 (1472 488 152 ) (1472 448 152 ) (1472 448 0 ) (1472 488 0 ) 
4 8 (1472 448 152 ) (1472 488 152 ) (1472 488 168 ) (1472 448 168 ) 
4 8 (1024 488 168 ) (1024 448 168 ) (1472 448 168 ) (1472 488 168 ) 
4 9 (1152 400 0 ) (1256 400 0 ) (1256 400 168 ) (1152 400 168 ) 
4 9 (1152 448 168 ) (1152 400 168 ) (1472 400 168 ) (1472 448 168 ) 
4 9 (1472 400 152 ) (1472 448 152 ) (1472 448 168 ) (1472 400 168 ) 
4 9 (1472 448 152 ) (1472 400 152 ) (1472 400 0 ) (1472 448 0 ) 
4 9 (1152 448 168 ) (1152 448 0 ) (1152 400 0 ) (1152 400 168 ) 
4 10 (1280 312 0 ) (1280 0 0 ) (1280 0 168 ) (1280 312 168 ) 
4 10 (1280 384 168 ) (1280 0 168 ) (1472 0 168 ) (1472 384 168 ) 
4 10 (1280 400 168 ) (1280 384 168 ) (1472 384 168 ) (1472 400 168 ) 
4 10 (1472 400 152 ) (1472 400 168 ) (1472 0 168 ) (1472 0 152 ) 
4 10 (1472 400 152 ) (1472 248 152 ) (1472 248 0 ) (1472 400 0 ) 
4 11 (1256 320 168 ) (1256 320 0 ) (1272 320 0 ) (1272 320 168 ) 
4 11 (1280 400 168 ) (1256 400 168 ) (1256 384 168 ) (1280 384 168 ) 
4 11 (1280 320 168 ) (1280 384 168 ) (1256 384 168 ) (1256 320 168 ) 
4 11 (1256 400 168 ) (1256 400 0 ) (1256 320 0 ) (1256 320 168 ) 
4 12 (1272 312 0 ) (1280 312 0 ) (1280 312 168 ) (1272 312 168 ) 
4 12 (1272 312 168 ) (1280 312 168 ) (1280 320 168 ) (1272 320 168 ) 
4 12 (1272 320 168 ) (1272 320 0 ) (1272 312 0 ) (1272 312 168 ) 
4 13 (1144 384 168 ) (1144 0 168 ) (1144 0 0 ) (1144 384 0 ) 
4 13 (1024 384 168 ) (1144 384 168 ) (1144 384 0 ) (1024 384 0 ) 
4 14 (1152 584 -56 ) (1152 576 -56 ) (1152 576 -48 ) (1152 584 -48 ) 
4 14 (1152 640 -56 ) (1376 640 -56 ) (1376 576 -56 ) (1152 576 -56 ) 
4 14 (1152 640 0 ) (1376 640 0 ) (1376 640 -56 ) (1152 640 -56 ) 
4 14 (1376 576 0 ) (1376 576 -56 ) (1376 640 -56 ) (1376 640 0 ) 
4 15 (1024 584 -56 ) (1152 584 -56 ) (1152 584 -48 ) (1024 584 -48 ) 
4 15 (1024 584 -56 ) (1024 640 -56 ) (1152 640 -56 ) (1152 584 -56 ) 
4 15 (1024 640 0 ) (1152 640 0 ) (1152 640 -56 ) (1024 640 -56 ) 
4 16 (1024 584 -48 ) (1152 584 -48 ) (1152 576 -48 ) (1024 576 -48 ) 
4 17 (1424 488 -56 ) (1424 576 -56 ) (1440 576 -56 ) (1440 488 -56 ) 
4 17 (1424 576 0 ) (1440 576 0 ) (1440 576 -56 ) (1424 576 -56 ) 
4 17 (1440 488 0 ) (1440 488 -56 ) (1440 576 -56 ) (1440 576 0 ) 
4 18 (1424 24 -24 ) (1424 24 -32 ) (1472 24 -32 ) (1472 24 -24 ) 
4 18 (1472 24 -32 ) (1424 24 -32 ) (1424 48 -32 ) (1472 48 -32 ) 
4 18 (1440 488 -32 ) (1440 488 0 ) (1472 488 0 ) (1472 488 -32 ) 
4 18 (1472 488 -32 ) (1472 488 0 ) (1472 24 0 ) (1472 24 -32 ) 
4 19 (1472 96 -56 ) (1472 96 -48 ) (1424 96 -48 ) (1424 96 -56 ) 
4 19 (1424 96 -56 ) (1424 488 -56 ) (1472 488 -56 ) (1472 96 -56 ) 
4 19 (1472 488 -32 ) (1472 96 -32 ) (1472 96 -56 ) (1472 488 -56 ) 
4 19 (1440 488 -32 ) (1472 488 -32 ) (1472 488 -56 ) (1440 488 -56 ) 
4 20 (1472 48 -40 ) (1424 48 -40 ) (1424 72 -40 ) (1472 72 -40 ) 
4 20 (1472 96 -40 ) (1472 96 -32 ) (1472 48 -32 ) (1472 48 -40 ) 
4 20 (1472 48 -40 ) (1472 48 -32 ) (1424 48 -32 ) (1424 48 -40 ) 
4 21 (1472 72 -48 ) (1472 96 -48 ) (1472 96 -40 ) (1472 72 -40 ) 
4 21 (1424 72 -48 ) (1424 96 -48 ) (1472 96 -48 ) (1472 72 -48 ) 
4 21 (1424 72 -48 ) (1472 72 -48 ) (1472 72 -40 ) (1424 72 -40 ) 
4 22 (1472 0 -24 ) (1472 0 -16 ) (1424 0 -16 ) (1424 0 -24 ) 
4 22 (1472 24 -24 ) (1472 24 0 ) (1472 0 0 ) (1472 0 -24 ) 
4 22 (1424 0 -24 ) (1424 24 -24 ) (1472 24 -24 ) (1472 0 -24 ) 
4 23 (1152 448 -56 ) (1152 400 -56 ) (1152 400 0 ) (1152 448 0 ) 
4 23 (1152 512 -56 ) (1152 504 -56 ) (1152 504 -48 ) (1152 512 -48 ) 
4 23 (1152 400 0 ) (1152 400 -56 ) (1256 400 -56 ) (1256 400 0 ) 
4 23 (1376 576 0 ) (1424 576 0 ) (1424 576 -56 ) (1376 576 -56 ) 
4 23 (1152 400 -56 ) (1152 576 -56 ) (1424 576 -56 ) (1424 400 -56 ) 
4 24 (1336 312 -56 ) (1344 312 -56 ) (1344 312 -48 ) (1336 312 -48 ) 
4 24 (1408 312 -56 ) (1416 312 -56 ) (1416 312 -48 ) (1408 312 -48 ) 
4 24 (1272 312 -56 ) (1280 312 -56 ) (1280 312 -48 ) (1272 312 -48 ) 
4 24 (1280 312 0 ) (1272 312 0 ) (1272 312 -48 ) (1280 312 -48 ) 
4 24 (1272 320 -56 ) (1272 312 -56 ) (1272 312 0 ) (1272 320 0 ) 
4 24 (1272 400 -56 ) (1424 400 -56 ) (1424 312 -56 ) (1272 312 -56 ) 
4 25 (1256 400 0 ) (1256 400 -56 ) (1256 320 -56 ) (1256 320 0 ) 
4 25 (1256 400 -56 ) (1272 400 -56 ) (1272 320 -56 ) (1256 320 -56 ) 
4 25 (1256 320 0 ) (1256 320 -56 ) (1272 320 -56 ) (1272 320 0 ) 
4 26 (1336 312 -48 ) (1344 312 -48 ) (1344 0 -48 ) (1336 0 -48 ) 
4 26 (1408 312 -48 ) (1416 312 -48 ) (1416 0 -48 ) (1408 0 -48 ) 
4 26 (1424 24 -48 ) (1424 24 -24 ) (1424 0 -24 ) (1424 0 -48 ) 
4 26 (1424 72 -48 ) (1424 72 -40 ) (1424 48 -40 ) (1424 48 -48 ) 
4 26 (1424 48 -48 ) (1424 48 -32 ) (1424 24 -32 ) (1424 24 -48 ) 
4 26 (1280 312 0 ) (1280 312 -48 ) (1280 0 -48 ) (1280 0 0 ) 
4 27 (1424 0 -56 ) (1416 0 -56 ) (1416 312 -56 ) (1424 312 -56 ) 
4 27 (1424 48 -48 ) (1424 24 -48 ) (1424 24 -56 ) (1424 48 -56 ) 
4 27 (1424 96 -48 ) (1424 48 -48 ) (1424 48 -56 ) (1424 96 -56 ) 
4 27 (1424 24 -48 ) (1424 0 -48 ) (1424 0 -56 ) (1424 24 -56 ) 
4 27 (1416 0 -48 ) (1416 312 -48 ) (1416 312 -56 ) (1416 0 -56 ) 
4 28 (1344 0 -48 ) (1344 312 -48 ) (1344 312 -56 ) (1344 0 -56 ) 
4 28 (1408 0 -56 ) (1408 312 -56 ) (1408 312 -48 ) (1408 0 -48 ) 
4 28 (1408 0 -56 ) (1344 0 -56 ) (1344 312 -56 ) (1408 312 -56 ) 
4 29 (1336 0 -56 ) (1280 0 -56 ) (1280 312 -56 ) (1336 312 -56 ) 
4 29 (1280 0 -48 ) (1280 312 -48 ) (1280 312 -56 ) (1280 0 -56 ) 
4 29 (1336 0 -56 ) (1336 312 -56 ) (1336 312 -48 ) (1336 0 -48 ) 
4 30 (1152 448 -48 ) (1152 448 0 ) (1024 448 0 ) (1024 448 -48 ) 
4 30 (1024 504 -48 ) (1024 512 -48 ) (1152 512 -48 ) (1152 504 -48 ) 
4 31 (1024 576 -48 ) (1152 576 -48 ) (1152 576 -56 ) (1024 576 -56 ) 
4 31 (1024 512 -56 ) (1024 576 -56 ) (1152 576 -56 ) (1152 512 -56 ) 
4 31 (1024 512 -56 ) (1152 512 -56 ) (1152 512 -48 ) (1024 512 -48 ) 
4 32 (1024 448 -56 ) (1152 448 -56 ) (1152 448 -48 ) (1024 448 -48 ) 
4 32 (1024 504 -48 ) (1152 504 -48 ) (1152 504 -56 ) (1024 504 -56 ) 
4 32 (1024 448 -56 ) (1024 504 -56 ) (1152 504 -56 ) (1152 448 -56 ) 
4 33 (1024 384 0 ) (1144 384 0 ) (1144 384 -56 ) (1024 384 -56 ) 
4 33 (1144 0 -56 ) (1024 0 -56 ) (1024 384 -56 ) (1144 384 -56 ) 
4 33 (1144 0 0 ) (1144 0 -56 ) (1144 384 -56 ) (1144 384 0 ) 
4 34 (1736 0 0 ) (1784 0 0 ) (1784 -64 0 ) (1736 -64 0 ) 
4 34 (1736 -8 128 ) (1736 0 128 ) (1736 0 120 ) (1736 -8 120 ) 
4 34 (1784 0 128 ) (1784 -64 128 ) (1784 -64 0 ) (1784 0 0 ) 
4 34 (1784 -64 128 ) (1736 -64 128 ) (1736 -64 0 ) (1784 -64 0 ) 
4 34 (1736 -64 128 ) (1784 -64 128 ) (1784 0 128 ) (1736 0 128 ) 
4 35 (1736 -64 128 ) (1720 -64 128 ) (1720 -64 120 ) (1736 -64 120 ) 
4 35 (1720 -8 128 ) (1720 -64 128 ) (1736 -64 128 ) (1736 -8 128 ) 
4 35 (1736 -8 128 ) (1736 -8 120 ) (1720 -8 120 ) (1720 -8 128 ) 
4 36 (1720 0 0 ) (1736 0 0 ) (1736 -64 0 ) (1720 -64 0 ) 
4 36 (1736 -8 120 ) (1736 0 120 ) (1720 0 120 ) (1720 -8 120 ) 
4 36 (1720 -64 120 ) (1720 -64 0 ) (1736 -64 0 ) (1736 -64 120 ) 
4 37 (1656 0 0 ) (1720 0 0 ) (1720 -64 0 ) (1656 -64 0 ) 
4 37 (1720 -8 120 ) (1720 0 120 ) (1720 0 128 ) (1720 -8 128 ) 
4 37 (1720 -64 128 ) (1656 -64 128 ) (1656 -64 0 ) (1720 -64 0 ) 
4 37 (1720 -64 128 ) (1720 0 128 ) (1656 0 128 ) (1656 -64 128 ) 
4 38 (1472 0 0 ) (1656 0 0 ) (1656 -248 0 ) (1472 -248 0 ) 
4 38 (1656 -248 152 ) (1656 0 152 ) (1472 0 152 ) (1472 -248 152 ) 
4 38 (1656 -248 128 ) (1656 0 128 ) (1656 0 152 ) (1656 -248 152 ) 
4 38 (1656 -64 128 ) (1656 -248 128 ) (1656 -248 0 ) (1656 -64 0 ) 
4 38 (1656 -248 0 ) (1656 -248 152 ) (1472 -248 152 ) (1472 -248 0 ) 
4 39 (1280 0 168 ) (1280 0 0 ) (1280 -312 0 ) (1280 -312 168 ) 
4 39 (1280 -312 168 ) (1280 -312 0 ) (1472 -312 0 ) (1472 -312 168 ) 
4 39 (1472 -248 152 ) (1472 -312 152 ) (1472 -312 0 ) (1472 -248 0 ) 
4 39 (1472 -312 168 ) (1472 -312 152 ) (1472 0 152 ) (1472 0 168 ) 
4 39 (1472 0 168 ) (1280 0 168 ) (1280 -312 168 ) (1472 -312 168 ) 
4 40 (1024 -384 168 ) (1024 -384 0 ) (1144 -384 0 ) (1144 -384 168 ) 
4 40 (1024 -384 376 ) (1024 -384 168 ) (1144 -384 168 ) (1144 -384 376 ) 
4 40 (1144 -384 376 ) (1144 -384 0 ) (1144 0 0 ) (1144 0 376 ) 
4 40 (1024 -384 376 ) (1144 -384 376 ) (1144 0 376 ) (1024 0 376 ) 
4 41 (1152 -448 168 ) (1024 -448 168 ) (1024 -640 168 ) (1152 -640 168 ) 
4 41 (1152 -448 168 ) (1152 -640 168 ) (1152 -640 0 ) (1152 -448 0 ) 
4 41 (1024 -640 168 ) (1024 -640 0 ) (1152 -640 0 ) (1152 -640 168 ) 
4 41 (1024 -448 168 ) (1152 -448 168 ) (1152 -448 0 ) (1024 -448 0 ) 
4 42 (1424 -24 -8 ) (1424 -24 -16 ) (1472 -24 -16 ) (1472 -24 -8 ) 
4 42 (1424 -24 -16 ) (1424 0 -16 ) (1472 0 -16 ) (1472 -24 -16 ) 
4 42 (1472 -24 -16 ) (1472 0 -16 ) (1472 0 0 ) (1472 -24 0 ) 
4 43 (1472 -112 -8 ) (1472 -24 -8 ) (1472 -24 0 ) (1472 -112 0 ) 
4 43 (1472 -112 -8 ) (1424 -112 -8 ) (1424 -24 -8 ) (1472 -24 -8 ) 
4 44 (1472 -312 -56 ) (1472 -112 -56 ) (1472 -112 0 ) (1472 -312 0 ) 
4 44 (1424 -312 -56 ) (1424 -112 -56 ) (1472 -112 -56 ) (1472 -312 -56 ) 
4 44 (1472 -112 -16 ) (1472 -112 -56 ) (1424 -112 -56 ) (1424 -112 -16 ) 
4 44 (1472 -112 -8 ) (1472 -112 -16 ) (1424 -112 -16 ) (1424 -112 -8 ) 
4 44 (1424 -312 0 ) (1424 -312 -56 ) (1472 -312 -56 ) (1472 -312 0 ) 
4 45 (1280 -312 0 ) (1280 0 0 ) (1280 0 -48 ) (1280 -312 -48 ) 
4 45 (1336 0 -48 ) (1344 0 -48 ) (1344 -312 -48 ) (1336 -312 -48 ) 
4 45 (1408 0 -48 ) (1416 0 -48 ) (1416 -312 -48 ) (1408 -312 -48 ) 
4 45 (1424 -112 -8 ) (1424 -112 -16 ) (1424 -24 -16 ) (1424 -24 -8 ) 
4 45 (1424 -112 -16 ) (1424 -112 -48 ) (1424 0 -48 ) (1424 0 -16 ) 
4 45 (1280 -312 0 ) (1280 -312 -48 ) (1424 -312 -48 ) (1424 -312 0 ) 
4 46 (1416 0 -56 ) (1424 0 -56 ) (1424 -312 -56 ) (1416 -312 -56 ) 
4 46 (1424 -112 -48 ) (1424 -112 -56 ) (1424 0 -56 ) (1424 0 -48 ) 
4 46 (1424 -312 -48 ) (1416 -312 -48 ) (1416 -312 -56 ) (1424 -312 -56 ) 
4 46 (1416 0 -56 ) (1416 -312 -56 ) (1416 -312 -48 ) (1416 0 -48 ) 
4 47 (1344 0 -56 ) (1344 -312 -56 ) (1344 -312 -48 ) (1344 0 -48 ) 
4 47 (1344 0 -56 ) (1408 0 -56 ) (1408 -312 -56 ) (1344 -312 -56 ) 
4 47 (1408 -312 -48 ) (1344 -312 -48 ) (1344 -312 -56 ) (1408 -312 -56 ) 
4 47 (1408 0 -48 ) (1408 -312 -48 ) (1408 -312 -56 ) (1408 0 -56 ) 
4 48 (1280 0 -56 ) (1280 -312 -56 ) (1280 -312 -48 ) (1280 0 -48 ) 
4 48 (1336 -312 -48 ) (1280 -312 -48 ) (1280 -312 -56 ) (1336 -312 -56 ) 
4 48 (1280 0 -56 ) (1336 0 -56 ) (1336 -312 -56 ) (1280 -312 -56 ) 
4 48 (1336 0 -48 ) (1336 -312 -48 ) (1336 -312 -56 ) (1336 0 -56 ) 
4 49 (1024 -384 -56 ) (1144 -384 -56 ) (1144 -384 -48 ) (1024 -384 -48 ) 
4 49 (1144 -384 -48 ) (1144 -384 0 ) (1024 -384 0 ) (1024 -384 -48 ) 
4 49 (1024 -384 -56 ) (1024 0 -56 ) (1144 0 -56 ) (1144 -384 -56 ) 
4 49 (1144 0 0 ) (1144 -384 0 ) (1144 -384 -56 ) (1144 0 -56 ) 
4 50 (1152 -576 -48 ) (1152 -584 -48 ) (1024 -584 -48 ) (1024 -576 -48 ) 
4 50 (1152 -504 -48 ) (1152 -512 -48 ) (1024 -512 -48 ) (1024 -504 -48 ) 
4 50 (1152 -448 -48 ) (1152 -448 0 ) (1152 -640 0 ) (1152 -640 -48 ) 
4 50 (1152 -640 -48 ) (1152 -640 0 ) (1024 -640 0 ) (1024 -640 -48 ) 
4 50 (1024 -448 0 ) (1152 -448 0 ) (1152 -448 -48 ) (1024 -448 -48 ) 
4 51 (1024 -448 -48 ) (1152 -448 -48 ) (1152 -448 -56 ) (1024 -448 -56 ) 
4 51 (1024 -504 -56 ) (1024 -448 -56 ) (1152 -448 -56 ) (1152 -504 -56 ) 
4 51 (1152 -448 -48 ) (1152 -504 -48 ) (1152 -504 -56 ) (1152 -448 -56 ) 
4 51 (1024 -504 -56 ) (1152 -504 -56 ) (1152 -504 -48 ) (1024 -504 -48 ) 
4 52 (1024 -576 -56 ) (1152 -576 -56 ) (1152 -576 -48 ) (1024 -576 -48 ) 
4 52 (1024 -512 -48 ) (1152 -512 -48 ) (1152 -512 -56 ) (1024 -512 -56 ) 
4 52 (1152 -512 -48 ) (1152 -576 -48 ) (1152 -576 -56 ) (1152 -512 -56 ) 
4 52 (1024 -576 -56 ) (1024 -512 -56 ) (1152 -512 -56 ) (1152 -576 -56 ) 
4 53 (1152 -584 -48 ) (1152 -640 -48 ) (1152 -640 -56 ) (1152 -584 -56 ) 
4 53 (1024 -640 -56 ) (1024 -584 -56 ) (1152 -584 -56 ) (1152 -640 -56 ) 
4 53 (1024 -640 -56 ) (1152 -640 -56 ) (1152 -640 -48 ) (1024 -640 -48 ) 
4 53 (1024 -584 -48 ) (1152 -584 -48 ) (1152 -584 -56 ) (1024 -584 -56 ) 
4 54 (864 448 96 ) (864 448 168 ) (672 448 168 ) (672 448 96 ) 
4 54 (864 448 0 ) (1024 448 0 ) (1024 448 168 ) (864 448 168 ) 
4 54 (384 448 0 ) (672 448 0 ) (672 448 168 ) (384 448 168 ) 
4 54 (384 640 168 ) (384 640 0 ) (384 448 0 ) (384 448 168 ) 
4 54 (384 640 168 ) (1024 640 168 ) (1024 640 0 ) (384 640 0 ) 
4 54 (1024 640 168 ) (384 640 168 ) (384 448 168 ) (1024 448 168 ) 
4 55 (864 384 96 ) (864 384 0 ) (864 448 0 ) (864 448 96 ) 
4 55 (672 448 96 ) (672 448 0 ) (672 384 0 ) (672 384 96 ) 
4 55 (864 384 96 ) (864 448 96 ) (672 448 96 ) (672 384 96 ) 
4 56 (392 384 376 ) (392 384 0 ) (392 0 0 ) (392 0 376 ) 
4 56 (392 384 376 ) (672 384 376 ) (672 384 0 ) (392 384 0 ) 
4 56 (864 384 376 ) (1024 384 376 ) (1024 384 0 ) (864 384 0 ) 
4 56 (672 384 96 ) (672 384 376 ) (864 384 376 ) (864 384 96 ) 
4 56 (1024 384 376 ) (392 384 376 ) (392 0 376 ) (1024 0 376 ) 
4 57 (64 312 0 ) (64 248 0 ) (64 248 152 ) (64 312 152 ) 
4 57 (64 0 152 ) (64 0 168 ) (64 312 168 ) (64 312 152 ) 
4 57 (256 0 168 ) (256 312 168 ) (64 312 168 ) (64 0 168 ) 
4 57 (256 312 168 ) (256 0 168 ) (256 0 0 ) (256 312 0 ) 
4 57 (64 312 0 ) (64 312 168 ) (256 312 168 ) (256 312 0 ) 
4 58 (64 0 0 ) (0 0 0 ) (0 248 0 ) (64 248 0 ) 
4 58 (0 248 152 ) (0 0 152 ) (64 0 152 ) (64 248 152 ) 
4 58 (0 248 152 ) (64 248 152 ) (64 248 0 ) (0 248 0 ) 
4 59 (672 448 0 ) (384 448 0 ) (384 448 -48 ) (672 448 -48 ) 
4 59 (1024 448 -48 ) (1024 448 0 ) (864 448 0 ) (864 448 -48 ) 
4 59 (384 576 -48 ) (384 584 -48 ) (1024 584 -48 ) (1024 576 -48 ) 
4 59 (384 504 -48 ) (384 512 -48 ) (1024 512 -48 ) (1024 504 -48 ) 
4 59 (384 640 0 ) (384 640 -48 ) (384 448 -48 ) (384 448 0 ) 
4 59 (384 640 -48 ) (384 640 0 ) (1024 640 0 ) (1024 640 -48 ) 
4 60 (1024 584 -48 ) (384 584 -48 ) (384 584 -56 ) (1024 584 -56 ) 
4 60 (384 640 -48 ) (384 640 -56 ) (384 584 -56 ) (384 584 -48 ) 
4 60 (384 640 -56 ) (1024 640 -56 ) (1024 584 -56 ) (384 584 -56 ) 
4 60 (384 640 -48 ) (1024 640 -48 ) (1024 640 -56 ) (384 640 -56 ) 
4 61 (1024 512 -48 ) (384 512 -48 ) (384 512 -56 ) (1024 512 -56 ) 
4 61 (384 576 -56 ) (384 512 -56 ) (384 512 -48 ) (384 576 -48 ) 
4 61 (1024 576 -56 ) (1024 512 -56 ) (384 512 -56 ) (384 576 -56 ) 
4 61 (1024 576 -56 ) (384 576 -56 ) (384 576 -48 ) (1024 576 -48 ) 
4 62 (384 448 -56 ) (672 448 -56 ) (672 448 -48 ) (384 448 -48 ) 
4 62 (864 448 -56 ) (1024 448 -56 ) (1024 448 -48 ) (864 448 -48 ) 
4 62 (1024 504 -56 ) (384 504 -56 ) (384 504 -48 ) (1024 504 -48 ) 
4 62 (1024 504 -56 ) (1024 448 -56 ) (384 448 -56 ) (384 504 -56 ) 
4 62 (384 504 -56 ) (384 448 -56 ) (384 448 -48 ) (384 504 -48 ) 
4 63 (864 384 0 ) (864 384 -56 ) (864 448 -56 ) (864 448 0 ) 
4 63 (672 448 -56 ) (864 448 -56 ) (864 384 -56 ) (672 384 -56 ) 
4 63 (672 448 0 ) (672 448 -56 ) (672 384 -56 ) (672 384 0 ) 
4 64 (832 0 -32 ) (704 0 -32 ) (704 64 -32 ) (832 64 -32 ) 
4 64 (864 384 -32 ) (864 384 0 ) (1024 384 0 ) (1024 384 -32 ) 
4 65 (832 0 -32 ) (832 64 -32 ) (832 64 -56 ) (832 0 -56 ) 
4 65 (864 384 -32 ) (1024 384 -32 ) (1024 384 -56 ) (864 384 -56 ) 
4 65 (1024 0 -56 ) (832 0 -56 ) (832 384 -56 ) (1024 384 -56 ) 
4 66 (704 64 -56 ) (704 384 -56 ) (832 384 -56 ) (832 64 -56 ) 
4 66 (832 64 -56 ) (832 64 -32 ) (704 64 -32 ) (704 64 -56 ) 
4 67 (704 0 -56 ) (392 0 -56 ) (392 384 -56 ) (704 384 -56 ) 
4 67 (392 384 0 ) (672 384 0 ) (672 384 -56 ) (392 384 -56 ) 
4 67 (704 64 -32 ) (704 0 -32 ) (704 0 -56 ) (704 64 -56 ) 
4 67 (392 384 0 ) (392 384 -56 ) (392 0 -56 ) (392 0 0 ) 
4 68 (112 0 -48 ) (112 0 -16 ) (112 8 -16 ) (112 8 -48 ) 
4 68 (112 96 -8 ) (112 96 -48 ) (112 8 -48 ) (112 8 -8 ) 
4 68 (120 312 -48 ) (128 312 -48 ) (128 0 -48 ) (120 0 -48 ) 
4 68 (192 312 -48 ) (200 312 -48 ) (200 0 -48 ) (192 0 -48 ) 
4 68 (256 312 0 ) (256 0 0 ) (256 0 -48 ) (256 312 -48 ) 
4 68 (256 312 0 ) (256 312 -48 ) (112 312 -48 ) (112 312 0 ) 
4 69 (256 312 -48 ) (256 0 -48 ) (256 0 -56 ) (256 312 -56 ) 
4 69 (256 0 -56 ) (200 0 -56 ) (200 312 -56 ) (256 312 -56 ) 
4 69 (200 312 -56 ) (200 312 -48 ) (256 312 -48 ) (256 312 -56 ) 
4 69 (200 312 -48 ) (200 312 -56 ) (200 0 -56 ) (200 0 -48 ) 
4 70 (128 312 -48 ) (128 312 -56 ) (128 0 -56 ) (128 0 -48 ) 
4 70 (192 0 -56 ) (128 0 -56 ) (128 312 -56 ) (192 312 -56 ) 
4 70 (192 312 -56 ) (128 312 -56 ) (128 312 -48 ) (192 312 -48 ) 
4 70 (192 0 -48 ) (192 0 -56 ) (192 312 -56 ) (192 312 -48 ) 
4 71 (112 8 -56 ) (112 0 -56 ) (112 0 -48 ) (112 8 -48 ) 
4 71 (112 96 -56 ) (112 8 -56 ) (112 8 -48 ) (112 96 -48 ) 
4 71 (120 312 -56 ) (112 312 -56 ) (112 312 -48 ) (120 312 -48 ) 
4 71 (120 0 -56 ) (112 0 -56 ) (112 312 -56 ) (120 312 -56 ) 
4 71 (120 0 -48 ) (120 0 -56 ) (120 312 -56 ) (120 312 -48 ) 
4 72 (64 96 -8 ) (64 96 -56 ) (112 96 -56 ) (112 96 -8 ) 
4 72 (112 312 0 ) (112 312 -56 ) (64 312 -56 ) (64 312 0 ) 
4 72 (64 312 -56 ) (64 96 -56 ) (64 96 0 ) (64 312 0 ) 
4 72 (64 96 -56 ) (64 312 -56 ) (112 312 -56 ) (112 96 -56 ) 
4 73 (64 8 -8 ) (64 8 0 ) (64 96 0 ) (64 96 -8 ) 
4 73 (112 8 -8 ) (64 8 -8 ) (64 96 -8 ) (112 96 -8 ) 
4 74 (64 0 -16 ) (64 0 0 ) (64 8 0 ) (64 8 -16 ) 
4 74 (112 8 -8 ) (112 8 -16 ) (64 8 -16 ) (64 8 -8 ) 
4 74 (64 0 -16 ) (64 8 -16 ) (112 8 -16 ) (112 0 -16 ) 
4 75 (392 -384 0 ) (672 -384 0 ) (672 -384 168 ) (392 -384 168 ) 
4 75 (672 -384 168 ) (672 -384 376 ) (392 -384 376 ) (392 -384 168 ) 
4 75 (864 -384 96 ) (864 -384 376 ) (672 -384 376 ) (672 -384 96 ) 
4 75 (864 -384 0 ) (1024 -384 0 ) (1024 -384 376 ) (864 -384 376 ) 
4 75 (392 0 376 ) (392 0 0 ) (392 -384 0 ) (392 -384 376 ) 
4 75 (1024 0 376 ) (392 0 376 ) (392 -384 376 ) (1024 -384 376 ) 
4 76 (64 -248 0 ) (64 -312 0 ) (64 -312 152 ) (64 -248 152 ) 
4 76 (64 0 168 ) (64 0 152 ) (64 -312 152 ) (64 -312 168 ) 
4 76 (256 0 168 ) (64 0 168 ) (64 -312 168 ) (256 -312 168 ) 
4 76 (256 0 168 ) (256 -312 168 ) (256 -312 0 ) (256 0 0 ) 
4 77 (264 -320 168 ) (264 -384 168 ) (280 -384 168 ) (280 -320 168 ) 
4 77 (280 -320 168 ) (280 -384 168 ) (280 -384 0 ) (280 -320 0 ) 
4 77 (280 -320 168 ) (280 -320 0 ) (264 -320 0 ) (264 -320 168 ) 
4 78 (64 -312 0 ) (64 -384 0 ) (64 -384 152 ) (64 -312 152 ) 
4 78 (64 -384 152 ) (64 -384 168 ) (64 -312 168 ) (64 -312 152 ) 
4 78 (264 -320 168 ) (264 -320 0 ) (264 -312 0 ) (264 -312 168 ) 
4 78 (264 -312 168 ) (64 -312 168 ) (64 -384 168 ) (264 -384 168 ) 
4 78 (264 -312 0 ) (256 -312 0 ) (256 -312 168 ) (264 -312 168 ) 
4 79 (672 -400 0 ) (672 -448 0 ) (672 -448 96 ) (672 -400 96 ) 
4 79 (672 -384 96 ) (672 -384 0 ) (672 -400 0 ) (672 -400 96 ) 
4 79 (864 -448 96 ) (864 -448 0 ) (864 -384 0 ) (864 -384 96 ) 
4 79 (864 -448 96 ) (864 -384 96 ) (672 -384 96 ) (672 -448 96 ) 
4 80 (64 -384 0 ) (64 -400 0 ) (64 -400 152 ) (64 -384 152 ) 
4 80 (64 -400 152 ) (64 -400 168 ) (64 -384 168 ) (64 -384 152 ) 
4 80 (64 -400 168 ) (280 -400 168 ) (280 -384 168 ) (64 -384 168 ) 
4 80 (280 -384 0 ) (280 -384 168 ) (280 -400 168 ) (280 -400 0 ) 
4 81 (64 -400 0 ) (64 -448 0 ) (64 -448 152 ) (64 -400 152 ) 
4 81 (64 -448 152 ) (64 -448 168 ) (64 -400 168 ) (64 -400 152 ) 
4 81 (384 -400 168 ) (64 -400 168 ) (64 -448 168 ) (384 -448 168 ) 
4 81 (384 -400 0 ) (280 -400 0 ) (280 -400 168 ) (384 -400 168 ) 
4 81 (384 -448 168 ) (384 -448 0 ) (384 -400 0 ) (384 -400 168 ) 
4 82 (64 -448 0 ) (64 -488 0 ) (64 -488 152 ) (64 -448 152 ) 
4 82 (64 -488 152 ) (64 -488 168 ) (64 -448 168 ) (64 -448 152 ) 
4 82 (96 -488 168 ) (64 -488 168 ) (64 -488 0 ) (96 -488 0 ) 
4 82 (864 -448 168 ) (1024 -448 168 ) (1024 -448 0 ) (864 -448 0 ) 
4 82 (672 -448 96 ) (672 -448 168 ) (864 -448 168 ) (864 -448 96 ) 
4 82 (384 -448 168 ) (672 -448 168 ) (672 -448 0 ) (384 -448 0 ) 
4 82 (1024 -488 168 ) (1024 -448 168 ) (64 -448 168 ) (64 -488 168 ) 
4 83 (160 -576 168 ) (96 -576 168 ) (96 -576 0 ) (160 -576 0 ) 
4 83 (96 -576 168 ) (1024 -576 168 ) (1024 -488 168 ) (96 -488 168 ) 
4 83 (96 -488 168 ) (96 -488 0 ) (96 -576 0 ) (96 -576 168 ) 
4 84 (160 -640 0 ) (1024 -640 0 ) (1024 -640 168 ) (160 -640 168 ) 
4 84 (1024 -576 168 ) (160 -576 168 ) (160 -640 168 ) (1024 -640 168 ) 
4 84 (160 -576 168 ) (160 -576 0 ) (160 -640 0 ) (160 -640 168 ) 
4 85 (0 -248 0 ) (0 0 0 ) (64 0 0 ) (64 -248 0 ) 
4 85 (64 -248 152 ) (64 0 152 ) (0 0 152 ) (0 -248 152 ) 
4 85 (0 -248 0 ) (64 -248 0 ) (64 -248 152 ) (0 -248 152 ) 
4 86 (864 0 -56 ) (1024 0 -56 ) (1024 -384 -56 ) (864 -384 -56 ) 
4 86 (864 -384 0 ) (864 -384 -56 ) (1024 -384 -56 ) (1024 -384 0 ) 
4 87 (672 -448 -32 ) (672 -448 0 ) (672 -400 0 ) (672 -400 -32 ) 
4 87 (672 -400 0 ) (672 -384 0 ) (672 -384 -32 ) (672 -400 -32 ) 
4 87 (704 0 -32 ) (832 0 -32 ) (832 -64 -32 ) (704 -64 -32 ) 
4 87 (864 -384 -32 ) (864 -384 0 ) (864 -448 0 ) (864 -448 -32 ) 
4 88 (832 0 -56 ) (864 0 -56 ) (864 -64 -56 ) (832 -64 -56 ) 
4 88 (832 0 -56 ) (832 -64 -56 ) (832 -64 -32 ) (832 0 -32 ) 
4 89 (832 -64 -32 ) (832 -64 -56 ) (704 -64 -56 ) (704 -64 -32 ) 
4 89 (864 -64 -56 ) (864 -448 -56 ) (704 -448 -56 ) (704 -64 -56 ) 
4 89 (864 -384 -32 ) (864 -448 -32 ) (864 -448 -56 ) (864 -384 -56 ) 
4 90 (672 -400 -56 ) (672 -448 -56 ) (672 -448 -32 ) (672 -400 -32 ) 
4 90 (672 -384 -56 ) (672 -400 -56 ) (672 -400 -32 ) (672 -384 -32 ) 
4 90 (704 0 -32 ) (704 -64 -32 ) (704 -64 -56 ) (704 0 -56 ) 
4 90 (672 0 -56 ) (704 0 -56 ) (704 -448 -56 ) (672 -448 -56 ) 
4 91 (392 0 -56 ) (392 -312 -56 ) (392 -312 0 ) (392 0 0 ) 
4 91 (392 0 -56 ) (672 0 -56 ) (672 -312 -56 ) (392 -312 -56 ) 
4 92 (200 0 -56 ) (200 -312 -56 ) (200 -312 -48 ) (200 0 -48 ) 
4 92 (200 0 -56 ) (256 0 -56 ) (256 -312 -56 ) (200 -312 -56 ) 
4 92 (256 0 0 ) (256 -312 0 ) (256 -312 -56 ) (256 0 -56 ) 
4 93 (192 -312 -48 ) (192 0 -48 ) (200 0 -48 ) (200 -312 -48 ) 
4 94 (128 0 -56 ) (128 -312 -56 ) (128 -312 -48 ) (128 0 -48 ) 
4 94 (192 0 -48 ) (192 -312 -48 ) (192 -312 -56 ) (192 0 -56 ) 
4 94 (128 0 -56 ) (192 0 -56 ) (192 -312 -56 ) (128 -312 -56 ) 
4 95 (120 -312 -48 ) (120 0 -48 ) (128 0 -48 ) (128 -312 -48 ) 
4 96 (112 -40 -56 ) (112 -112 -56 ) (112 -112 -48 ) (112 -40 -48 ) 
4 96 (112 -88 -40 ) (112 -64 -40 ) (112 -64 -48 ) (112 -88 -48 ) 
4 96 (112 -40 -32 ) (112 -40 -48 ) (112 -64 -48 ) (112 -64 -32 ) 
4 96 (112 -16 -56 ) (112 -40 -56 ) (112 -40 -24 ) (112 -16 -24 ) 
4 96 (112 0 -56 ) (112 -16 -56 ) (112 -16 -16 ) (112 0 -16 ) 
4 96 (120 0 -48 ) (120 -312 -48 ) (120 -312 -56 ) (120 0 -56 ) 
4 96 (112 0 -56 ) (120 0 -56 ) (120 -312 -56 ) (112 -312 -56 ) 
4 97 (392 -312 0 ) (392 -312 -56 ) (392 -384 -56 ) (392 -384 0 ) 
4 97 (672 -312 -56 ) (672 -384 -56 ) (392 -384 -56 ) (392 -312 -56 ) 
4 97 (392 -384 0 ) (392 -384 -56 ) (672 -384 -56 ) (672 -384 0 ) 
4 98 (280 -400 -56 ) (264 -400 -56 ) (264 -320 -56 ) (280 -320 -56 ) 
4 98 (280 -320 0 ) (280 -400 0 ) (280 -400 -56 ) (280 -320 -56 ) 
4 98 (280 -320 0 ) (280 -320 -56 ) (264 -320 -56 ) (264 -320 0 ) 
4 99 (264 -320 0 ) (264 -320 -56 ) (264 -312 -56 ) (264 -312 0 ) 
4 99 (120 -312 -48 ) (128 -312 -48 ) (128 -312 -56 ) (120 -312 -56 ) 
4 99 (192 -312 -48 ) (200 -312 -48 ) (200 -312 -56 ) (192 -312 -56 ) 
4 99 (256 -312 0 ) (264 -312 0 ) (264 -312 -56 ) (256 -312 -56 ) 
4 99 (264 -400 -56 ) (112 -400 -56 ) (112 -312 -56 ) (264 -312 -56 ) 
4 100 (384 -448 -56 ) (112 -448 -56 ) (112 -400 -56 ) (384 -400 -56 ) 
4 100 (280 -400 0 ) (384 -400 0 ) (384 -400 -56 ) (280 -400 -56 ) 
4 100 (384 -448 0 ) (384 -448 -56 ) (384 -400 -56 ) (384 -400 0 ) 
4 101 (112 -576 0 ) (112 -576 -48 ) (160 -576 -48 ) (160 -576 0 ) 
4 101 (384 -512 -48 ) (384 -504 -48 ) (1024 -504 -48 ) (1024 -512 -48 ) 
4 101 (864 -448 -48 ) (864 -448 0 ) (1024 -448 0 ) (1024 -448 -48 ) 
4 101 (384 -448 -48 ) (384 -448 0 ) (672 -448 0 ) (672 -448 -48 ) 
4 102 (384 -504 -48 ) (384 -504 -56 ) (1024 -504 -56 ) (1024 -504 -48 ) 
4 102 (1024 -448 -56 ) (1024 -504 -56 ) (384 -504 -56 ) (384 -448 -56 ) 
4 102 (864 -448 -48 ) (1024 -448 -48 ) (1024 -448 -56 ) (864 -448 -56 ) 
4 102 (384 -448 -48 ) (672 -448 -48 ) (672 -448 -56 ) (384 -448 -56 ) 
4 103 (384 -576 -56 ) (1024 -576 -56 ) (1024 -576 -48 ) (384 -576 -48 ) 
4 103 (1024 -512 -56 ) (1024 -576 -56 ) (384 -576 -56 ) (384 -512 -56 ) 
4 103 (1024 -512 -48 ) (1024 -512 -56 ) (384 -512 -56 ) (384 -512 -48 ) 
4 104 (112 -576 -48 ) (112 -576 -56 ) (160 -576 -56 ) (160 -576 -48 ) 
4 104 (384 -512 -56 ) (384 -504 -56 ) (384 -504 -48 ) (384 -512 -48 ) 
4 104 (384 -576 -56 ) (112 -576 -56 ) (112 -448 -56 ) (384 -448 -56 ) 
4 105 (1024 -584 -48 ) (384 -584 -48 ) (384 -576 -48 ) (1024 -576 -48 ) 
4 106 (1024 -584 -48 ) (1024 -584 -56 ) (384 -584 -56 ) (384 -584 -48 ) 
4 106 (1024 -584 -56 ) (1024 -640 -56 ) (384 -640 -56 ) (384 -584 -56 ) 
4 106 (384 -640 -56 ) (1024 -640 -56 ) (1024 -640 0 ) (384 -640 0 ) 
4 107 (384 -640 -56 ) (160 -640 -56 ) (160 -576 -56 ) (384 -576 -56 ) 
4 107 (160 -640 -56 ) (384 -640 -56 ) (384 -640 0 ) (160 -640 0 ) 
4 107 (384 -584 -48 ) (384 -584 -56 ) (384 -576 -56 ) (384 -576 -48 ) 
4 107 (160 -576 0 ) (160 -576 -56 ) (160 -640 -56 ) (160 -640 0 ) 
4 108 (64 -488 0 ) (64 -488 -16 ) (96 -488 -16 ) (96 -488 0 ) 
4 108 (64 -16 -16 ) (64 0 -16 ) (112 0 -16 ) (112 -16 -16 ) 
4 108 (64 -488 -16 ) (64 -488 0 ) (64 0 0 ) (64 0 -16 ) 
4 109 (64 -16 -24 ) (64 -16 -16 ) (112 -16 -16 ) (112 -16 -24 ) 
4 109 (64 -40 -24 ) (64 -40 -16 ) (64 -16 -16 ) (64 -16 -24 ) 
4 109 (112 -40 -24 ) (64 -40 -24 ) (64 -16 -24 ) (112 -16 -24 ) 
4 110 (64 -64 -16 ) (64 -40 -16 ) (64 -40 -32 ) (64 -64 -32 ) 
4 110 (64 -40 -32 ) (64 -40 -24 ) (112 -40 -24 ) (112 -40 -32 ) 
4 110 (112 -64 -32 ) (64 -64 -32 ) (64 -40 -32 ) (112 -40 -32 ) 
4 111 (64 -488 -16 ) (64 -488 -40 ) (96 -488 -40 ) (96 -488 -16 ) 
4 111 (64 -88 -40 ) (64 -64 -40 ) (112 -64 -40 ) (112 -88 -40 ) 
4 111 (64 -488 -40 ) (64 -488 -16 ) (64 -64 -16 ) (64 -64 -40 ) 
4 111 (64 -64 -40 ) (64 -64 -32 ) (112 -64 -32 ) (112 -64 -40 ) 
4 112 (64 -488 -40 ) (64 -488 -48 ) (96 -488 -48 ) (96 -488 -40 ) 
4 112 (64 -112 -48 ) (64 -88 -48 ) (112 -88 -48 ) (112 -112 -48 ) 
4 112 (64 -488 -48 ) (64 -488 -40 ) (64 -88 -40 ) (64 -88 -48 ) 
4 112 (64 -88 -40 ) (112 -88 -40 ) (112 -88 -48 ) (64 -88 -48 ) 
4 113 (64 -488 -48 ) (64 -488 -56 ) (96 -488 -56 ) (96 -488 -48 ) 
4 113 (64 -112 -56 ) (64 -488 -56 ) (64 -488 -48 ) (64 -112 -48 ) 
4 113 (112 -112 -56 ) (112 -488 -56 ) (64 -488 -56 ) (64 -112 -56 ) 
4 113 (64 -112 -56 ) (64 -112 -48 ) (112 -112 -48 ) (112 -112 -56 ) 
4 114 (96 -576 -56 ) (112 -576 -56 ) (112 -576 0 ) (96 -576 0 ) 
4 114 (112 -488 -56 ) (112 -576 -56 ) (96 -576 -56 ) (96 -488 -56 ) 
4 114 (96 -488 0 ) (96 -488 -56 ) (96 -576 -56 ) (96 -576 0 ) 
4 115 (-120 248 0 ) (-120 64 0 ) (-120 64 128 ) (-120 248 128 ) 
4 115 (-120 0 128 ) (-120 0 152 ) (-120 248 152 ) (-120 248 128 ) 
4 115 (0 0 0 ) (-120 0 0 ) (-120 248 0 ) (0 248 0 ) 
4 115 (0 248 152 ) (-120 248 152 ) (-120 0 152 ) (0 0 152 ) 
4 115 (0 248 152 ) (0 248 0 ) (-120 248 0 ) (-120 248 152 ) 
4 116 (-184 8 120 ) (-184 0 120 ) (-184 0 128 ) (-184 8 128 ) 
4 116 (-184 64 120 ) (-184 64 128 ) (-120 64 128 ) (-120 64 120 ) 
4 116 (-184 64 128 ) (-184 0 128 ) (-120 0 128 ) (-120 64 128 ) 
4 117 (-184 8 128 ) (-184 64 128 ) (-200 64 128 ) (-200 8 128 ) 
4 117 (-184 64 120 ) (-200 64 120 ) (-200 64 128 ) (-184 64 128 ) 
4 117 (-200 8 128 ) (-200 8 120 ) (-184 8 120 ) (-184 8 128 ) 
4 118 (-184 0 120 ) (-184 8 120 ) (-200 8 120 ) (-200 0 120 ) 
4 118 (-120 0 0 ) (-200 0 0 ) (-200 64 0 ) (-120 64 0 ) 
4 118 (-200 64 120 ) (-120 64 120 ) (-120 64 0 ) (-200 64 0 ) 
4 119 (-200 64 128 ) (-248 64 128 ) (-248 0 128 ) (-200 0 128 ) 
4 119 (-200 0 0 ) (-248 0 0 ) (-248 64 0 ) (-200 64 0 ) 
4 119 (-248 64 128 ) (-200 64 128 ) (-200 64 0 ) (-248 64 0 ) 
4 119 (-200 8 128 ) (-200 0 128 ) (-200 0 120 ) (-200 8 120 ) 
4 119 (-248 64 128 ) (-248 64 0 ) (-248 0 0 ) (-248 0 128 ) 
4 120 (-120 -64 0 ) (-120 -248 0 ) (-120 -248 128 ) (-120 -64 128 ) 
4 120 (-120 -248 128 ) (-120 -248 152 ) (-120 0 152 ) (-120 0 128 ) 
4 120 (-120 0 0 ) (0 0 0 ) (0 -248 0 ) (-120 -248 0 ) 
4 120 (-120 -248 152 ) (0 -248 152 ) (0 0 152 ) (-120 0 152 ) 
4 120 (-120 -248 152 ) (-120 -248 0 ) (0 -248 0 ) (0 -248 152 ) 
4 121 (-184 0 120 ) (-184 -8 120 ) (-184 -8 128 ) (-184 0 128 ) 
4 121 (-120 -64 120 ) (-120 -64 128 ) (-184 -64 128 ) (-184 -64 120 ) 
4 121 (-184 -64 128 ) (-120 -64 128 ) (-120 0 128 ) (-184 0 128 ) 
4 122 (-200 -8 128 ) (-200 -64 128 ) (-184 -64 128 ) (-184 -8 128 ) 
4 122 (-184 -64 128 ) (-200 -64 128 ) (-200 -64 120 ) (-184 -64 120 ) 
4 122 (-184 -8 128 ) (-184 -8 120 ) (-200 -8 120 ) (-200 -8 128 ) 
4 123 (-184 -8 120 ) (-184 0 120 ) (-200 0 120 ) (-200 -8 120 ) 
4 123 (-200 0 0 ) (-120 0 0 ) (-120 -64 0 ) (-200 -64 0 ) 
4 123 (-200 -64 0 ) (-120 -64 0 ) (-120 -64 120 ) (-200 -64 120 ) 
4 124 (-248 -64 128 ) (-200 -64 128 ) (-200 0 128 ) (-248 0 128 ) 
4 124 (-248 0 0 ) (-200 0 0 ) (-200 -64 0 ) (-248 -64 0 ) 
4 124 (-248 -64 0 ) (-200 -64 0 ) (-200 -64 128 ) (-248 -64 128 ) 
4 124 (-200 -8 120 ) (-200 0 120 ) (-200 0 128 ) (-200 -8 128 ) 
4 124 (-248 0 0 ) (-248 -64 0 ) (-248 -64 128 ) (-248 0 128 ) 
