PRT1
179
468
593
4 0 3 0 (2184 0 0 ) (2560 0 0 ) (2560 0 128 ) (2184 0 128 ) 
4 0 1 0 (2184 72 0 ) (2184 64 0 ) (2184 64 128 ) (2184 72 128 ) 
4 0 2 0 (2184 64 0 ) (2184 0 0 ) (2184 0 128 ) (2184 64 128 ) 
4 1 2 0 (2176 64 0 ) (2184 64 0 ) (2184 64 128 ) (2176 64 128 ) 
4 2 6 0 (2048 0 0 ) (2048 0 128 ) (2048 64 128 ) (2048 64 0 ) 
4 2 4 0 (2048 0 128 ) (2048 0 0 ) (2184 0 0 ) (2184 0 128 ) 
4 3 5 0 (2184 -64 0 ) (2184 -72 0 ) (2184 -72 128 ) (2184 -64 128 ) 
4 3 4 0 (2184 0 0 ) (2184 -64 0 ) (2184 -64 128 ) (2184 0 128 ) 
4 4 43 0 (2048 -64 128 ) (2048 0 128 ) (2048 0 0 ) (2048 -64 0 ) 
4 4 5 0 (2176 -64 0 ) (2184 -64 0 ) (2184 -64 128 ) (2176 -64 128 ) 
4 6 43 0 (2040 0 0 ) (2048 0 0 ) (2048 0 128 ) (2040 0 128 ) 
4 6 7 0 (2040 72 0 ) (2040 0 0 ) (2040 0 128 ) (2040 72 128 ) 
4 7 44 0 (1856 0 0 ) (2040 0 0 ) (2040 0 152 ) (1856 0 152 ) 
4 7 13 0 (1856 248 0 ) (1856 0 0 ) (1856 0 152 ) (1856 248 152 ) 
4 8 82 0 (1024 384 168 ) (1024 0 168 ) (1024 0 376 ) (1024 384 376 ) 
4 8 45 0 (1024 0 376 ) (1024 0 168 ) (1144 0 168 ) (1144 0 376 ) 
4 8 21 0 (1048 0 168 ) (1024 0 168 ) (1024 384 168 ) (1048 384 168 ) 
4 8 20 0 (1080 0 168 ) (1048 0 168 ) (1048 16 168 ) (1080 16 168 ) 
4 8 17 0 (1048 16 168 ) (1048 384 168 ) (1080 384 168 ) (1080 16 168 ) 
4 8 16 0 (1144 0 168 ) (1080 0 168 ) (1080 384 168 ) (1144 384 168 ) 
4 9 78 0 (1024 640 0 ) (1024 576 0 ) (1024 576 168 ) (1024 640 168 ) 
4 9 22 0 (1024 576 0 ) (1024 640 0 ) (1760 640 0 ) (1760 576 0 ) 
4 9 10 0 (1024 576 0 ) (1760 576 0 ) (1760 576 168 ) (1024 576 168 ) 
4 10 78 0 (1024 576 0 ) (1024 488 0 ) (1024 488 168 ) (1024 576 168 ) 
4 10 23 0 (1024 488 0 ) (1024 576 0 ) (1824 576 0 ) (1824 488 0 ) 
4 10 11 0 (1024 488 0 ) (1824 488 0 ) (1824 488 168 ) (1024 488 168 ) 
4 11 78 0 (1024 488 0 ) (1024 448 0 ) (1024 448 168 ) (1024 488 168 ) 
4 11 24 0 (1024 448 0 ) (1024 488 0 ) (1856 488 0 ) (1856 448 0 ) 
4 11 12 0 (1536 448 0 ) (1856 448 0 ) (1856 448 168 ) (1536 448 168 ) 
4 12 25 0 (1536 448 0 ) (1856 448 0 ) (1856 400 0 ) (1536 400 0 ) 
4 12 15 0 (1640 400 0 ) (1656 400 0 ) (1656 400 168 ) (1640 400 168 ) 
4 12 14 0 (1656 400 0 ) (1664 400 0 ) (1664 400 168 ) (1656 400 168 ) 
4 12 13 0 (1664 400 0 ) (1856 400 0 ) (1856 400 168 ) (1664 400 168 ) 
4 13 46 0 (1664 0 0 ) (1856 0 0 ) (1856 0 168 ) (1664 0 168 ) 
4 13 26 0 (1856 0 0 ) (1664 0 0 ) (1664 400 0 ) (1856 400 0 ) 
4 13 14 0 (1664 400 168 ) (1664 400 0 ) (1664 312 0 ) (1664 312 168 ) 
4 14 37 0 (1656 312 0 ) (1656 400 0 ) (1664 400 0 ) (1664 312 0 ) 
4 14 15 0 (1656 400 168 ) (1656 400 0 ) (1656 320 0 ) (1656 320 168 ) 
4 15 38 0 (1640 320 0 ) (1640 400 0 ) (1656 400 0 ) (1656 320 0 ) 
4 16 50 0 (1080 0 0 ) (1144 0 0 ) (1144 0 144 ) (1080 0 144 ) 
4 16 49 0 (1144 0 144 ) (1144 0 168 ) (1080 0 168 ) (1080 0 144 ) 
4 16 39 0 (1144 0 0 ) (1080 0 0 ) (1080 384 0 ) (1144 384 0 ) 
4 16 20 0 (1080 0 144 ) (1080 0 168 ) (1080 16 168 ) (1080 16 144 ) 
4 16 18 0 (1080 384 0 ) (1080 288 0 ) (1080 288 56 ) (1080 384 56 ) 
4 16 19 0 (1080 256 0 ) (1080 16 0 ) (1080 16 56 ) (1080 256 56 ) 
4 16 17 0 (1080 16 56 ) (1080 16 168 ) (1080 384 168 ) (1080 384 56 ) 
4 17 21 0 (1048 16 56 ) (1048 16 168 ) (1048 384 168 ) (1048 384 56 ) 
4 17 20 0 (1048 16 168 ) (1048 16 144 ) (1080 16 144 ) (1080 16 168 ) 
4 17 18 0 (1048 288 56 ) (1048 384 56 ) (1080 384 56 ) (1080 288 56 ) 
4 17 19 0 (1080 16 56 ) (1048 16 56 ) (1048 256 56 ) (1080 256 56 ) 
4 18 40 0 (1048 288 0 ) (1048 384 0 ) (1080 384 0 ) (1080 288 0 ) 
4 18 21 0 (1048 384 0 ) (1048 288 0 ) (1048 288 56 ) (1048 384 56 ) 
4 19 41 0 (1048 16 0 ) (1048 256 0 ) (1080 256 0 ) (1080 16 0 ) 
4 19 21 0 (1048 256 0 ) (1048 16 0 ) (1048 16 56 ) (1048 256 56 ) 
4 20 49 0 (1080 0 144 ) (1080 0 168 ) (1048 0 168 ) (1048 0 144 ) 
4 20 21 0 (1048 0 144 ) (1048 0 168 ) (1048 16 168 ) (1048 16 144 ) 
4 21 83 0 (1024 384 0 ) (1024 0 0 ) (1024 0 144 ) (1024 384 144 ) 
4 21 82 0 (1024 0 144 ) (1024 0 168 ) (1024 384 168 ) (1024 384 144 ) 
4 21 52 0 (1024 0 168 ) (1024 0 0 ) (1048 0 0 ) (1048 0 168 ) 
4 21 42 0 (1048 0 0 ) (1024 0 0 ) (1024 384 0 ) (1048 384 0 ) 
4 22 86 0 (1024 640 -56 ) (1024 576 -56 ) (1024 576 0 ) (1024 640 0 ) 
4 22 23 0 (1024 576 -56 ) (1760 576 -56 ) (1760 576 0 ) (1024 576 0 ) 
4 23 86 0 (1024 576 -56 ) (1024 488 -56 ) (1024 488 0 ) (1024 576 0 ) 
4 23 24 0 (1024 488 -56 ) (1824 488 -56 ) (1824 488 0 ) (1024 488 0 ) 
4 24 86 0 (1024 488 -56 ) (1024 448 -56 ) (1024 448 0 ) (1024 488 0 ) 
4 24 25 0 (1536 448 -56 ) (1856 448 -56 ) (1856 448 0 ) (1536 448 0 ) 
4 25 38 0 (1640 400 -56 ) (1656 400 -56 ) (1656 400 0 ) (1640 400 0 ) 
4 25 37 0 (1656 400 -56 ) (1664 400 -56 ) (1664 400 0 ) (1656 400 0 ) 
4 25 35 0 (1768 400 -56 ) (1856 400 -56 ) (1856 400 -48 ) (1768 400 -48 ) 
4 25 36 0 (1664 400 -56 ) (1768 400 -56 ) (1768 400 -48 ) (1664 400 -48 ) 
4 25 33 0 (1856 400 -48 ) (1856 400 -40 ) (1792 400 -40 ) (1792 400 -48 ) 
4 25 34 0 (1792 400 -40 ) (1664 400 -40 ) (1664 400 -48 ) (1792 400 -48 ) 
4 25 31 0 (1856 400 -40 ) (1856 400 -32 ) (1808 400 -32 ) (1808 400 -40 ) 
4 25 29 0 (1856 400 -32 ) (1856 400 -24 ) (1824 400 -24 ) (1824 400 -32 ) 
4 25 30 0 (1824 400 -24 ) (1808 400 -24 ) (1808 400 -32 ) (1824 400 -32 ) 
4 25 32 0 (1808 400 -24 ) (1664 400 -24 ) (1664 400 -40 ) (1808 400 -40 ) 
4 25 27 0 (1856 400 -24 ) (1856 400 -16 ) (1664 400 -16 ) (1664 400 -24 ) 
4 25 26 0 (1856 400 -16 ) (1856 400 0 ) (1664 400 0 ) (1664 400 -16 ) 
4 26 67 0 (1768 0 0 ) (1664 0 0 ) (1664 0 -16 ) (1768 0 -16 ) 
4 26 57 0 (1856 0 -16 ) (1856 0 0 ) (1768 0 0 ) (1768 0 -16 ) 
4 26 37 0 (1664 400 0 ) (1664 400 -16 ) (1664 312 -16 ) (1664 312 0 ) 
4 26 28 0 (1664 0 -16 ) (1664 24 -16 ) (1840 24 -16 ) (1840 0 -16 ) 
4 26 27 0 (1664 24 -16 ) (1664 400 -16 ) (1856 400 -16 ) (1856 24 -16 ) 
4 27 37 0 (1664 400 -16 ) (1664 400 -24 ) (1664 312 -24 ) (1664 312 -16 ) 
4 27 29 0 (1824 400 -24 ) (1856 400 -24 ) (1856 48 -24 ) (1824 48 -24 ) 
4 27 30 0 (1808 400 -24 ) (1824 400 -24 ) (1824 24 -24 ) (1808 24 -24 ) 
4 27 32 0 (1664 24 -24 ) (1664 400 -24 ) (1808 400 -24 ) (1808 24 -24 ) 
4 27 28 0 (1664 24 -24 ) (1840 24 -24 ) (1840 24 -16 ) (1664 24 -16 ) 
4 28 67 0 (1768 0 -16 ) (1664 0 -16 ) (1664 0 -24 ) (1768 0 -24 ) 
4 28 58 0 (1840 0 -16 ) (1768 0 -16 ) (1768 0 -24 ) (1840 0 -24 ) 
4 28 30 0 (1808 24 -24 ) (1824 24 -24 ) (1824 0 -24 ) (1808 0 -24 ) 
4 28 32 0 (1664 0 -24 ) (1664 24 -24 ) (1808 24 -24 ) (1808 0 -24 ) 
4 29 31 0 (1824 400 -32 ) (1856 400 -32 ) (1856 72 -32 ) (1824 72 -32 ) 
4 29 30 0 (1824 400 -32 ) (1824 48 -32 ) (1824 48 -24 ) (1824 400 -24 ) 
4 30 61 0 (1824 0 -24 ) (1808 0 -24 ) (1808 0 -32 ) (1824 0 -32 ) 
4 30 31 0 (1808 72 -32 ) (1808 400 -32 ) (1824 400 -32 ) (1824 72 -32 ) 
4 30 32 0 (1808 0 -32 ) (1808 0 -24 ) (1808 400 -24 ) (1808 400 -32 ) 
4 31 33 0 (1808 400 -40 ) (1856 400 -40 ) (1856 96 -40 ) (1808 96 -40 ) 
4 31 32 0 (1808 400 -40 ) (1808 72 -40 ) (1808 72 -32 ) (1808 400 -32 ) 
4 32 67 0 (1768 0 -24 ) (1664 0 -24 ) (1664 0 -40 ) (1768 0 -40 ) 
4 32 63 0 (1768 0 -32 ) (1768 0 -40 ) (1808 0 -40 ) (1808 0 -32 ) 
4 32 61 0 (1808 0 -24 ) (1768 0 -24 ) (1768 0 -32 ) (1808 0 -32 ) 
4 32 37 0 (1664 400 -24 ) (1664 400 -40 ) (1664 312 -40 ) (1664 312 -24 ) 
4 32 33 0 (1792 400 -40 ) (1808 400 -40 ) (1808 96 -40 ) (1792 96 -40 ) 
4 32 34 0 (1664 0 -40 ) (1664 400 -40 ) (1792 400 -40 ) (1792 0 -40 ) 
4 33 35 0 (1792 400 -48 ) (1856 400 -48 ) (1856 120 -48 ) (1792 120 -48 ) 
4 33 34 0 (1792 400 -48 ) (1792 96 -48 ) (1792 96 -40 ) (1792 400 -40 ) 
4 34 67 0 (1768 0 -40 ) (1664 0 -40 ) (1664 0 -48 ) (1768 0 -48 ) 
4 34 65 0 (1792 0 -40 ) (1768 0 -40 ) (1768 0 -48 ) (1792 0 -48 ) 
4 34 37 0 (1664 400 -40 ) (1664 400 -48 ) (1664 312 -48 ) (1664 312 -40 ) 
4 34 35 0 (1768 400 -48 ) (1792 400 -48 ) (1792 120 -48 ) (1768 120 -48 ) 
4 34 36 0 (1664 0 -48 ) (1664 400 -48 ) (1768 400 -48 ) (1768 0 -48 ) 
4 35 36 0 (1768 120 -48 ) (1768 400 -48 ) (1768 400 -56 ) (1768 120 -56 ) 
4 36 67 0 (1664 0 -56 ) (1768 0 -56 ) (1768 0 -48 ) (1664 0 -48 ) 
4 36 37 0 (1664 400 -48 ) (1664 400 -56 ) (1664 312 -56 ) (1664 312 -48 ) 
4 37 38 0 (1656 400 0 ) (1656 400 -56 ) (1656 320 -56 ) (1656 320 0 ) 
4 39 70 0 (1080 0 -56 ) (1144 0 -56 ) (1144 0 0 ) (1080 0 0 ) 
4 39 41 0 (1080 256 -56 ) (1080 16 -56 ) (1080 16 0 ) (1080 256 0 ) 
4 39 40 0 (1080 384 -56 ) (1080 288 -56 ) (1080 288 0 ) (1080 384 0 ) 
4 40 42 0 (1048 384 -56 ) (1048 288 -56 ) (1048 288 0 ) (1048 384 0 ) 
4 41 42 0 (1048 256 -56 ) (1048 16 -56 ) (1048 16 0 ) (1048 256 0 ) 
4 42 94 0 (1024 64 -56 ) (1024 0 -56 ) (1024 0 -32 ) (1024 64 -32 ) 
4 42 93 0 (1024 0 -32 ) (1024 0 0 ) (1024 64 0 ) (1024 64 -32 ) 
4 42 92 0 (1024 384 -56 ) (1024 64 -56 ) (1024 64 0 ) (1024 384 0 ) 
4 42 72 0 (1024 0 0 ) (1024 0 -56 ) (1048 0 -56 ) (1048 0 0 ) 
4 43 44 0 (2040 0 0 ) (2040 -72 0 ) (2040 -72 128 ) (2040 0 128 ) 
4 44 46 0 (1856 0 152 ) (1856 0 0 ) (1856 -248 0 ) (1856 -248 152 ) 
4 45 99 0 (1024 0 376 ) (1024 0 168 ) (1024 -384 168 ) (1024 -384 376 ) 
4 45 49 0 (1048 0 168 ) (1144 0 168 ) (1144 -384 168 ) (1048 -384 168 ) 
4 45 52 0 (1024 -384 168 ) (1024 0 168 ) (1048 0 168 ) (1048 -384 168 ) 
4 46 67 0 (1664 0 0 ) (1768 0 0 ) (1768 -400 0 ) (1664 -400 0 ) 
4 46 57 0 (1768 0 0 ) (1856 0 0 ) (1856 -400 0 ) (1768 -400 0 ) 
4 46 53 0 (1664 -400 0 ) (1856 -400 0 ) (1856 -400 168 ) (1664 -400 168 ) 
4 46 47 0 (1664 -312 0 ) (1664 -320 0 ) (1664 -320 168 ) (1664 -312 168 ) 
4 46 48 0 (1664 -320 0 ) (1664 -400 0 ) (1664 -400 168 ) (1664 -320 168 ) 
4 47 68 0 (1664 -312 0 ) (1664 -320 0 ) (1656 -320 0 ) (1656 -312 0 ) 
4 47 48 0 (1656 -320 0 ) (1664 -320 0 ) (1664 -320 168 ) (1656 -320 168 ) 
4 48 69 0 (1664 -320 0 ) (1664 -400 0 ) (1640 -400 0 ) (1640 -320 0 ) 
4 48 53 0 (1640 -400 0 ) (1664 -400 0 ) (1664 -400 168 ) (1640 -400 168 ) 
4 49 51 0 (1080 -384 144 ) (1048 -384 144 ) (1048 -16 144 ) (1080 -16 144 ) 
4 49 50 0 (1144 -384 144 ) (1080 -384 144 ) (1080 0 144 ) (1144 0 144 ) 
4 49 52 0 (1048 -384 144 ) (1048 -384 168 ) (1048 0 168 ) (1048 0 144 ) 
4 50 70 0 (1080 0 0 ) (1144 0 0 ) (1144 -16 0 ) (1080 -16 0 ) 
4 50 71 0 (1144 -16 0 ) (1144 -384 0 ) (1080 -384 0 ) (1080 -16 0 ) 
4 50 51 0 (1080 -16 0 ) (1080 -384 0 ) (1080 -384 144 ) (1080 -16 144 ) 
4 51 71 0 (1080 -16 0 ) (1080 -384 0 ) (1048 -384 0 ) (1048 -16 0 ) 
4 51 52 0 (1048 -16 0 ) (1048 -384 0 ) (1048 -384 144 ) (1048 -16 144 ) 
4 52 99 0 (1024 -384 168 ) (1024 0 168 ) (1024 0 0 ) (1024 -384 0 ) 
4 52 72 0 (1024 -384 0 ) (1024 0 0 ) (1048 0 0 ) (1048 -384 0 ) 
4 53 73 0 (1536 -400 0 ) (1856 -400 0 ) (1856 -448 0 ) (1536 -448 0 ) 
4 53 54 0 (1536 -448 0 ) (1856 -448 0 ) (1856 -448 168 ) (1536 -448 168 ) 
4 54 109 0 (1024 -488 168 ) (1024 -448 168 ) (1024 -448 0 ) (1024 -488 0 ) 
4 54 74 0 (1024 -488 0 ) (1024 -448 0 ) (1856 -448 0 ) (1856 -488 0 ) 
4 54 55 0 (1024 -488 0 ) (1824 -488 0 ) (1824 -488 168 ) (1024 -488 168 ) 
4 55 109 0 (1024 -576 168 ) (1024 -488 168 ) (1024 -488 0 ) (1024 -576 0 ) 
4 55 75 0 (1024 -576 0 ) (1024 -488 0 ) (1824 -488 0 ) (1824 -576 0 ) 
4 55 56 0 (1024 -576 0 ) (1760 -576 0 ) (1760 -576 168 ) (1024 -576 168 ) 
4 56 109 0 (1024 -640 168 ) (1024 -576 168 ) (1024 -576 0 ) (1024 -640 0 ) 
4 56 76 0 (1024 -640 0 ) (1024 -576 0 ) (1760 -576 0 ) (1760 -640 0 ) 
4 57 73 0 (1856 -400 -16 ) (1856 -400 0 ) (1768 -400 0 ) (1768 -400 -16 ) 
4 57 67 0 (1768 -400 -16 ) (1768 -400 0 ) (1768 0 0 ) (1768 0 -16 ) 
4 57 58 0 (1768 -24 -16 ) (1768 0 -16 ) (1840 0 -16 ) (1840 -24 -16 ) 
4 57 59 0 (1856 -400 -16 ) (1768 -400 -16 ) (1768 -24 -16 ) (1856 -24 -16 ) 
4 58 67 0 (1768 -24 -16 ) (1768 0 -16 ) (1768 0 -24 ) (1768 -24 -24 ) 
4 58 61 0 (1768 -24 -24 ) (1768 0 -24 ) (1824 0 -24 ) (1824 -24 -24 ) 
4 58 59 0 (1768 -24 -24 ) (1840 -24 -24 ) (1840 -24 -16 ) (1768 -24 -16 ) 
4 59 73 0 (1856 -400 -24 ) (1856 -400 -16 ) (1768 -400 -16 ) (1768 -400 -24 ) 
4 59 67 0 (1768 -400 -24 ) (1768 -400 -16 ) (1768 -24 -16 ) (1768 -24 -24 ) 
4 59 60 0 (1856 -400 -24 ) (1824 -400 -24 ) (1824 -48 -24 ) (1856 -48 -24 ) 
4 59 61 0 (1824 -400 -24 ) (1768 -400 -24 ) (1768 -24 -24 ) (1824 -24 -24 ) 
4 60 73 0 (1856 -400 -32 ) (1856 -400 -24 ) (1824 -400 -24 ) (1824 -400 -32 ) 
4 60 62 0 (1856 -400 -32 ) (1824 -400 -32 ) (1824 -72 -32 ) (1856 -72 -32 ) 
4 60 61 0 (1824 -48 -32 ) (1824 -400 -32 ) (1824 -400 -24 ) (1824 -48 -24 ) 
4 61 73 0 (1824 -400 -24 ) (1768 -400 -24 ) (1768 -400 -32 ) (1824 -400 -32 ) 
4 61 67 0 (1768 -400 -32 ) (1768 -400 -24 ) (1768 0 -24 ) (1768 0 -32 ) 
4 61 62 0 (1824 -400 -32 ) (1808 -400 -32 ) (1808 -72 -32 ) (1824 -72 -32 ) 
4 61 63 0 (1808 -400 -32 ) (1768 -400 -32 ) (1768 0 -32 ) (1808 0 -32 ) 
4 62 73 0 (1856 -400 -40 ) (1856 -400 -32 ) (1808 -400 -32 ) (1808 -400 -40 ) 
4 62 64 0 (1856 -400 -40 ) (1808 -400 -40 ) (1808 -96 -40 ) (1856 -96 -40 ) 
4 62 63 0 (1808 -72 -40 ) (1808 -400 -40 ) (1808 -400 -32 ) (1808 -72 -32 ) 
4 63 73 0 (1808 -400 -32 ) (1768 -400 -32 ) (1768 -400 -40 ) (1808 -400 -40 ) 
4 63 67 0 (1768 -400 -40 ) (1768 -400 -32 ) (1768 0 -32 ) (1768 0 -40 ) 
4 63 64 0 (1808 -400 -40 ) (1792 -400 -40 ) (1792 -96 -40 ) (1808 -96 -40 ) 
4 63 65 0 (1792 -400 -40 ) (1768 -400 -40 ) (1768 0 -40 ) (1792 0 -40 ) 
4 64 73 0 (1856 -400 -48 ) (1856 -400 -40 ) (1792 -400 -40 ) (1792 -400 -48 ) 
4 64 66 0 (1856 -400 -48 ) (1792 -400 -48 ) (1792 -120 -48 ) (1856 -120 -48 ) 
4 64 65 0 (1792 -96 -48 ) (1792 -400 -48 ) (1792 -400 -40 ) (1792 -96 -40 ) 
4 65 73 0 (1792 -400 -40 ) (1768 -400 -40 ) (1768 -400 -48 ) (1792 -400 -48 ) 
4 65 67 0 (1768 -400 -48 ) (1768 -400 -40 ) (1768 0 -40 ) (1768 0 -48 ) 
4 65 66 0 (1792 -400 -48 ) (1768 -400 -48 ) (1768 -120 -48 ) (1792 -120 -48 ) 
4 66 73 0 (1768 -400 -56 ) (1856 -400 -56 ) (1856 -400 -48 ) (1768 -400 -48 ) 
4 66 67 0 (1768 -120 -56 ) (1768 -400 -56 ) (1768 -400 -48 ) (1768 -120 -48 ) 
4 67 73 0 (1664 -400 -56 ) (1768 -400 -56 ) (1768 -400 0 ) (1664 -400 0 ) 
4 67 68 0 (1664 -312 -56 ) (1664 -320 -56 ) (1664 -320 0 ) (1664 -312 0 ) 
4 67 69 0 (1664 -320 -56 ) (1664 -400 -56 ) (1664 -400 0 ) (1664 -320 0 ) 
4 68 69 0 (1656 -320 -56 ) (1664 -320 -56 ) (1664 -320 0 ) (1656 -320 0 ) 
4 69 73 0 (1640 -400 -56 ) (1664 -400 -56 ) (1664 -400 0 ) (1640 -400 0 ) 
4 70 71 0 (1080 -16 -56 ) (1144 -16 -56 ) (1144 -16 0 ) (1080 -16 0 ) 
4 71 72 0 (1048 -16 -56 ) (1048 -384 -56 ) (1048 -384 0 ) (1048 -16 0 ) 
4 72 111 0 (1024 0 -32 ) (1024 0 -56 ) (1024 -384 -56 ) (1024 -384 -32 ) 
4 72 110 0 (1024 -384 0 ) (1024 0 0 ) (1024 0 -32 ) (1024 -384 -32 ) 
4 73 74 0 (1536 -448 -56 ) (1856 -448 -56 ) (1856 -448 0 ) (1536 -448 0 ) 
4 74 122 0 (1024 -488 0 ) (1024 -448 0 ) (1024 -448 -56 ) (1024 -488 -56 ) 
4 74 75 0 (1024 -488 -56 ) (1824 -488 -56 ) (1824 -488 0 ) (1024 -488 0 ) 
4 75 122 0 (1024 -576 0 ) (1024 -488 0 ) (1024 -488 -56 ) (1024 -576 -56 ) 
4 75 76 0 (1024 -576 -56 ) (1760 -576 -56 ) (1760 -576 0 ) (1024 -576 0 ) 
4 76 122 0 (1024 -640 0 ) (1024 -576 0 ) (1024 -576 -56 ) (1024 -640 -56 ) 
4 77 98 0 (640 0 376 ) (896 0 376 ) (896 0 384 ) (640 0 384 ) 
4 77 82 0 (896 0 376 ) (640 0 376 ) (640 128 376 ) (896 128 376 ) 
4 78 125 0 (0 488 0 ) (0 448 0 ) (0 448 168 ) (0 488 168 ) 
4 78 124 0 (0 576 0 ) (0 488 0 ) (0 488 168 ) (0 576 168 ) 
4 78 123 0 (0 640 168 ) (0 640 0 ) (0 576 0 ) (0 576 168 ) 
4 78 86 0 (0 448 0 ) (0 640 0 ) (1024 640 0 ) (1024 448 0 ) 
4 78 79 0 (664 448 0 ) (872 448 0 ) (872 448 168 ) (664 448 168 ) 
3 79 91 0 (664 448 0 ) (672 448 0 ) (672 440 0 ) 
4 79 89 0 (672 448 0 ) (864 448 0 ) (864 440 0 ) (672 440 0 ) 
3 79 87 0 (864 448 0 ) (872 448 0 ) (864 440 0 ) 
4 79 80 0 (672 440 0 ) (864 440 0 ) (864 440 96 ) (672 440 96 ) 
4 80 89 0 (672 440 0 ) (864 440 0 ) (864 392 0 ) (672 392 0 ) 
4 80 81 0 (672 392 0 ) (864 392 0 ) (864 392 96 ) (672 392 96 ) 
3 81 90 0 (672 392 0 ) (672 384 0 ) (664 384 0 ) 
4 81 89 0 (672 392 0 ) (864 392 0 ) (864 384 0 ) (672 384 0 ) 
3 81 88 0 (864 392 0 ) (872 384 0 ) (864 384 0 ) 
4 81 83 0 (664 384 0 ) (872 384 0 ) (872 384 144 ) (664 384 144 ) 
4 81 82 0 (872 384 144 ) (872 384 176 ) (664 384 176 ) (664 384 144 ) 
4 82 100 0 (488 0 376 ) (456 0 376 ) (456 0 144 ) (488 0 144 ) 
4 82 99 0 (1024 0 144 ) (1024 0 376 ) (488 0 376 ) (488 0 144 ) 
4 82 84 0 (456 16 144 ) (456 384 144 ) (488 384 144 ) (488 16 144 ) 
4 82 83 0 (1024 0 144 ) (488 0 144 ) (488 384 144 ) (1024 384 144 ) 
4 82 85 0 (456 384 376 ) (456 384 144 ) (456 0 144 ) (456 0 376 ) 
4 83 99 0 (488 0 0 ) (1024 0 0 ) (1024 0 144 ) (488 0 144 ) 
4 83 93 0 (1024 0 0 ) (488 0 0 ) (488 64 0 ) (1024 64 0 ) 
4 83 92 0 (488 64 0 ) (488 384 0 ) (1024 384 0 ) (1024 64 0 ) 
4 83 84 0 (488 16 144 ) (488 384 144 ) (488 384 0 ) (488 16 0 ) 
4 84 96 0 (456 16 0 ) (456 64 0 ) (488 64 0 ) (488 16 0 ) 
4 84 92 0 (456 64 0 ) (456 384 0 ) (488 384 0 ) (488 64 0 ) 
4 84 85 0 (456 384 144 ) (456 384 0 ) (456 16 0 ) (456 16 144 ) 
4 85 104 0 (392 0 0 ) (456 0 0 ) (456 0 376 ) (392 0 376 ) 
4 85 97 0 (456 0 0 ) (392 0 0 ) (392 384 0 ) (456 384 0 ) 
4 86 137 0 (0 448 0 ) (0 488 0 ) (0 488 -56 ) (0 448 -56 ) 
4 86 136 0 (0 488 0 ) (0 576 0 ) (0 576 -56 ) (0 488 -56 ) 
4 86 135 0 (0 576 0 ) (0 640 0 ) (0 640 -56 ) (0 576 -56 ) 
4 86 91 0 (664 448 -56 ) (672 448 -56 ) (672 448 0 ) (664 448 0 ) 
4 86 89 0 (672 448 -56 ) (864 448 -56 ) (864 448 0 ) (672 448 0 ) 
4 86 87 0 (864 448 -56 ) (872 448 -56 ) (872 448 0 ) (864 448 0 ) 
4 87 89 0 (864 448 0 ) (864 448 -56 ) (864 440 -56 ) (864 440 0 ) 
4 88 92 0 (864 384 -56 ) (872 384 -56 ) (872 384 0 ) (864 384 0 ) 
4 88 89 0 (864 392 -56 ) (864 384 -56 ) (864 384 0 ) (864 392 0 ) 
4 89 92 0 (672 384 -56 ) (864 384 -56 ) (864 384 0 ) (672 384 0 ) 
4 89 91 0 (672 448 0 ) (672 448 -56 ) (672 440 -56 ) (672 440 0 ) 
4 89 90 0 (672 392 -56 ) (672 384 -56 ) (672 384 0 ) (672 392 0 ) 
4 90 92 0 (664 384 -56 ) (672 384 -56 ) (672 384 0 ) (664 384 0 ) 
4 92 97 0 (456 384 0 ) (456 384 -56 ) (456 64 -56 ) (456 64 0 ) 
4 92 96 0 (456 64 0 ) (456 64 -56 ) (488 64 -56 ) (488 64 0 ) 
4 92 94 0 (832 64 -56 ) (1024 64 -56 ) (1024 64 -32 ) (832 64 -32 ) 
4 92 95 0 (488 64 -56 ) (704 64 -56 ) (704 64 -32 ) (488 64 -32 ) 
4 92 93 0 (1024 64 -32 ) (1024 64 0 ) (488 64 0 ) (488 64 -32 ) 
4 93 110 0 (1024 0 -32 ) (1024 0 0 ) (704 0 0 ) (704 0 -32 ) 
4 93 113 0 (704 0 0 ) (488 0 0 ) (488 0 -32 ) (704 0 -32 ) 
4 93 96 0 (488 64 0 ) (488 64 -32 ) (488 16 -32 ) (488 16 0 ) 
4 93 94 0 (1024 0 -32 ) (832 0 -32 ) (832 64 -32 ) (1024 64 -32 ) 
4 93 95 0 (704 0 -32 ) (488 0 -32 ) (488 64 -32 ) (704 64 -32 ) 
4 94 111 0 (832 0 -56 ) (1024 0 -56 ) (1024 0 -32 ) (832 0 -32 ) 
4 95 113 0 (488 0 -56 ) (704 0 -56 ) (704 0 -32 ) (488 0 -32 ) 
4 95 96 0 (488 64 -32 ) (488 64 -56 ) (488 16 -56 ) (488 16 -32 ) 
4 96 97 0 (456 64 -56 ) (456 16 -56 ) (456 16 0 ) (456 64 0 ) 
4 97 116 0 (392 0 -56 ) (456 0 -56 ) (456 0 0 ) (392 0 0 ) 
4 98 99 0 (640 0 376 ) (896 0 376 ) (896 -128 376 ) (640 -128 376 ) 
4 99 110 0 (704 0 0 ) (1024 0 0 ) (1024 -384 0 ) (704 -384 0 ) 
4 99 113 0 (488 0 0 ) (704 0 0 ) (704 -384 0 ) (488 -384 0 ) 
4 99 106 0 (664 -384 0 ) (864 -384 0 ) (864 -384 176 ) (664 -384 176 ) 
4 99 105 0 (864 -384 0 ) (872 -384 0 ) (872 -384 176 ) (864 -384 176 ) 
4 99 102 0 (488 -288 56 ) (488 -288 144 ) (488 -256 144 ) (488 -256 56 ) 
4 99 101 0 (488 -16 0 ) (488 -256 0 ) (488 -256 144 ) (488 -16 144 ) 
4 99 100 0 (488 -288 144 ) (488 -288 376 ) (488 0 376 ) (488 0 144 ) 
4 99 103 0 (488 -288 0 ) (488 -384 0 ) (488 -384 376 ) (488 -288 376 ) 
4 100 102 0 (488 -288 144 ) (456 -288 144 ) (456 -256 144 ) (488 -256 144 ) 
4 100 101 0 (456 -256 144 ) (456 -16 144 ) (488 -16 144 ) (488 -256 144 ) 
4 100 103 0 (456 -288 376 ) (456 -288 144 ) (488 -288 144 ) (488 -288 376 ) 
4 100 104 0 (456 -288 144 ) (456 -288 376 ) (456 0 376 ) (456 0 144 ) 
4 101 114 0 (488 -16 0 ) (488 -256 0 ) (456 -256 0 ) (456 -16 0 ) 
4 101 102 0 (488 -256 56 ) (488 -256 144 ) (456 -256 144 ) (456 -256 56 ) 
4 101 104 0 (456 -16 0 ) (456 -256 0 ) (456 -256 144 ) (456 -16 144 ) 
4 102 103 0 (456 -288 144 ) (456 -288 56 ) (488 -288 56 ) (488 -288 144 ) 
4 102 104 0 (456 -288 56 ) (456 -288 144 ) (456 -256 144 ) (456 -256 56 ) 
4 103 115 0 (488 -288 0 ) (488 -384 0 ) (456 -384 0 ) (456 -288 0 ) 
4 103 104 0 (456 -288 0 ) (456 -384 0 ) (456 -384 376 ) (456 -288 376 ) 
4 104 116 0 (392 0 0 ) (456 0 0 ) (456 -384 0 ) (392 -384 0 ) 
3 105 117 0 (864 -384 0 ) (872 -384 0 ) (864 -392 0 ) 
4 105 106 0 (864 -392 176 ) (864 -384 176 ) (864 -384 0 ) (864 -392 0 ) 
3 106 121 0 (664 -384 0 ) (672 -384 0 ) (672 -392 0 ) 
4 106 119 0 (672 -384 0 ) (864 -384 0 ) (864 -392 0 ) (672 -392 0 ) 
4 106 107 0 (672 -392 0 ) (864 -392 0 ) (864 -392 96 ) (672 -392 96 ) 
4 107 119 0 (672 -392 0 ) (864 -392 0 ) (864 -440 0 ) (672 -440 0 ) 
4 107 108 0 (672 -440 0 ) (864 -440 0 ) (864 -440 96 ) (672 -440 96 ) 
3 108 120 0 (672 -440 0 ) (672 -448 0 ) (664 -448 0 ) 
3 108 118 0 (864 -440 0 ) (872 -448 0 ) (864 -448 0 ) 
4 108 119 0 (672 -440 0 ) (864 -440 0 ) (864 -448 0 ) (672 -448 0 ) 
4 108 109 0 (664 -448 0 ) (872 -448 0 ) (872 -448 168 ) (664 -448 168 ) 
4 109 156 0 (0 -576 0 ) (0 -640 0 ) (0 -640 168 ) (0 -576 168 ) 
4 109 155 0 (0 -488 0 ) (0 -576 0 ) (0 -576 168 ) (0 -488 168 ) 
4 109 154 0 (0 -448 0 ) (0 -488 0 ) (0 -488 168 ) (0 -448 168 ) 
4 109 122 0 (0 -640 0 ) (0 -448 0 ) (1024 -448 0 ) (1024 -640 0 ) 
4 110 117 0 (872 -384 0 ) (864 -384 0 ) (864 -384 -32 ) (872 -384 -32 ) 
4 110 119 0 (864 -384 0 ) (704 -384 0 ) (704 -384 -32 ) (864 -384 -32 ) 
4 110 112 0 (832 -384 -32 ) (704 -384 -32 ) (704 -64 -32 ) (832 -64 -32 ) 
4 110 111 0 (1024 -384 -32 ) (832 -384 -32 ) (832 0 -32 ) (1024 0 -32 ) 
4 110 113 0 (704 -384 -32 ) (704 -384 0 ) (704 0 0 ) (704 0 -32 ) 
4 111 117 0 (864 -384 -56 ) (872 -384 -56 ) (872 -384 -32 ) (864 -384 -32 ) 
4 111 119 0 (832 -384 -56 ) (864 -384 -56 ) (864 -384 -32 ) (832 -384 -32 ) 
4 111 112 0 (832 -64 -56 ) (832 -384 -56 ) (832 -384 -32 ) (832 -64 -32 ) 
4 112 119 0 (704 -384 -56 ) (832 -384 -56 ) (832 -384 -32 ) (704 -384 -32 ) 
4 112 113 0 (704 -64 -56 ) (704 -384 -56 ) (704 -384 -32 ) (704 -64 -32 ) 
4 113 121 0 (664 -384 -56 ) (672 -384 -56 ) (672 -384 0 ) (664 -384 0 ) 
4 113 119 0 (672 -384 -56 ) (704 -384 -56 ) (704 -384 0 ) (672 -384 0 ) 
4 113 114 0 (488 -16 -56 ) (488 -256 -56 ) (488 -256 0 ) (488 -16 0 ) 
4 113 115 0 (488 -288 -56 ) (488 -384 -56 ) (488 -384 0 ) (488 -288 0 ) 
4 114 116 0 (456 -16 -56 ) (456 -256 -56 ) (456 -256 0 ) (456 -16 0 ) 
4 115 116 0 (456 -288 -56 ) (456 -384 -56 ) (456 -384 0 ) (456 -288 0 ) 
4 117 119 0 (864 -384 0 ) (864 -384 -56 ) (864 -392 -56 ) (864 -392 0 ) 
4 118 122 0 (864 -448 -56 ) (872 -448 -56 ) (872 -448 0 ) (864 -448 0 ) 
4 118 119 0 (864 -440 -56 ) (864 -448 -56 ) (864 -448 0 ) (864 -440 0 ) 
4 119 122 0 (672 -448 -56 ) (864 -448 -56 ) (864 -448 0 ) (672 -448 0 ) 
4 119 121 0 (672 -384 0 ) (672 -384 -56 ) (672 -392 -56 ) (672 -392 0 ) 
4 119 120 0 (672 -440 -56 ) (672 -448 -56 ) (672 -448 0 ) (672 -440 0 ) 
4 120 122 0 (664 -448 -56 ) (672 -448 -56 ) (672 -448 0 ) (664 -448 0 ) 
4 122 178 0 (0 -640 0 ) (0 -576 0 ) (0 -576 -56 ) (0 -640 -56 ) 
4 122 177 0 (0 -576 0 ) (0 -488 0 ) (0 -488 -56 ) (0 -576 -56 ) 
4 122 176 0 (0 -488 0 ) (0 -448 0 ) (0 -448 -56 ) (0 -488 -56 ) 
4 123 135 0 (0 640 0 ) (0 576 0 ) (-224 576 0 ) (-224 640 0 ) 
4 123 124 0 (0 576 168 ) (-224 576 168 ) (-224 576 0 ) (0 576 0 ) 
4 124 136 0 (-288 576 0 ) (0 576 0 ) (0 488 0 ) (-288 488 0 ) 
4 124 125 0 (0 488 168 ) (-288 488 168 ) (-288 488 0 ) (0 488 0 ) 
4 125 137 0 (-320 400 0 ) (-320 488 0 ) (0 488 0 ) (0 400 0 ) 
4 125 127 0 (-120 400 168 ) (-320 400 168 ) (-320 400 0 ) (-120 400 0 ) 
4 125 126 0 (-104 400 168 ) (-120 400 168 ) (-120 400 0 ) (-104 400 0 ) 
4 126 138 0 (-120 320 0 ) (-120 400 0 ) (-104 400 0 ) (-104 320 0 ) 
4 126 127 0 (-120 400 168 ) (-120 400 0 ) (-120 320 0 ) (-120 320 168 ) 
4 127 141 0 (-320 312 0 ) (-320 400 0 ) (-232 400 0 ) (-232 312 0 ) 
4 127 139 0 (-232 400 0 ) (-120 400 0 ) (-120 312 0 ) (-232 312 0 ) 
4 127 128 0 (-128 312 168 ) (-320 312 168 ) (-320 312 0 ) (-128 312 0 ) 
4 128 151 0 (-320 0 0 ) (-128 0 0 ) (-128 0 168 ) (-320 0 168 ) 
4 128 141 0 (-232 0 0 ) (-320 0 0 ) (-320 312 0 ) (-232 312 0 ) 
4 128 140 0 (-128 0 0 ) (-232 0 0 ) (-232 312 0 ) (-128 312 0 ) 
4 128 130 0 (-320 248 0 ) (-320 0 0 ) (-320 0 128 ) (-320 248 128 ) 
4 128 129 0 (-320 0 128 ) (-320 0 152 ) (-320 248 152 ) (-320 248 128 ) 
4 129 157 0 (-504 0 128 ) (-320 0 128 ) (-320 0 152 ) (-504 0 152 ) 
4 129 130 0 (-320 248 128 ) (-320 0 128 ) (-504 0 128 ) (-504 248 128 ) 
4 130 158 0 (-504 0 0 ) (-320 0 0 ) (-320 0 128 ) (-504 0 128 ) 
4 130 131 0 (-504 72 0 ) (-504 64 0 ) (-504 64 128 ) (-504 72 128 ) 
4 130 133 0 (-504 64 0 ) (-504 0 0 ) (-504 0 128 ) (-504 64 128 ) 
4 131 133 0 (-512 64 0 ) (-504 64 0 ) (-504 64 128 ) (-512 64 128 ) 
4 132 134 0 (-640 72 0 ) (-640 64 0 ) (-640 64 128 ) (-640 72 128 ) 
4 132 133 0 (-640 64 128 ) (-640 64 0 ) (-632 64 0 ) (-632 64 128 ) 
4 133 159 0 (-640 0 0 ) (-504 0 0 ) (-504 0 128 ) (-640 0 128 ) 
4 133 134 0 (-640 64 0 ) (-640 0 0 ) (-640 0 128 ) (-640 64 128 ) 
4 134 162 0 (-1016 0 0 ) (-640 0 0 ) (-640 0 128 ) (-1016 0 128 ) 
4 135 136 0 (-224 576 -56 ) (0 576 -56 ) (0 576 0 ) (-224 576 0 ) 
4 136 137 0 (-288 488 -56 ) (0 488 -56 ) (0 488 0 ) (-288 488 0 ) 
4 137 150 0 (-320 400 -48 ) (-320 400 -56 ) (-232 400 -56 ) (-232 400 -48 ) 
4 137 149 0 (-320 400 -40 ) (-320 400 -48 ) (-256 400 -48 ) (-256 400 -40 ) 
4 137 148 0 (-320 400 -32 ) (-320 400 -40 ) (-272 400 -40 ) (-272 400 -32 ) 
4 137 147 0 (-272 400 -40 ) (-256 400 -40 ) (-256 400 -32 ) (-272 400 -32 ) 
4 137 146 0 (-256 400 -48 ) (-232 400 -48 ) (-232 400 -32 ) (-256 400 -32 ) 
4 137 145 0 (-320 400 -24 ) (-320 400 -32 ) (-288 400 -32 ) (-288 400 -24 ) 
4 137 144 0 (-288 400 -32 ) (-232 400 -32 ) (-232 400 -24 ) (-288 400 -24 ) 
4 137 143 0 (-320 400 -16 ) (-320 400 -24 ) (-304 400 -24 ) (-304 400 -16 ) 
4 137 142 0 (-304 400 -24 ) (-232 400 -24 ) (-232 400 -16 ) (-304 400 -16 ) 
4 137 141 0 (-320 400 0 ) (-320 400 -16 ) (-232 400 -16 ) (-232 400 0 ) 
4 137 138 0 (-120 400 -56 ) (-104 400 -56 ) (-104 400 0 ) (-120 400 0 ) 
4 137 139 0 (-232 400 -56 ) (-120 400 -56 ) (-120 400 0 ) (-232 400 0 ) 
4 138 139 0 (-120 400 0 ) (-120 400 -56 ) (-120 320 -56 ) (-120 320 0 ) 
4 139 150 0 (-232 400 -48 ) (-232 400 -56 ) (-232 312 -56 ) (-232 312 -48 ) 
4 139 146 0 (-232 400 -32 ) (-232 400 -48 ) (-232 312 -48 ) (-232 312 -32 ) 
4 139 144 0 (-232 400 -24 ) (-232 400 -32 ) (-232 312 -32 ) (-232 312 -24 ) 
4 139 142 0 (-232 400 -16 ) (-232 400 -24 ) (-232 312 -24 ) (-232 312 -16 ) 
4 139 141 0 (-232 400 0 ) (-232 400 -16 ) (-232 312 -16 ) (-232 312 0 ) 
4 139 140 0 (-232 312 0 ) (-232 312 -56 ) (-128 312 -56 ) (-128 312 0 ) 
4 140 163 0 (-232 0 -56 ) (-128 0 -56 ) (-128 0 0 ) (-232 0 0 ) 
4 140 150 0 (-232 312 -56 ) (-232 120 -56 ) (-232 120 -48 ) (-232 312 -48 ) 
4 140 146 0 (-232 0 -48 ) (-232 0 -32 ) (-232 312 -32 ) (-232 312 -48 ) 
4 140 144 0 (-232 0 -32 ) (-232 0 -24 ) (-232 312 -24 ) (-232 312 -32 ) 
4 140 142 0 (-232 0 -24 ) (-232 0 -16 ) (-232 312 -16 ) (-232 312 -24 ) 
4 140 141 0 (-232 0 -16 ) (-232 0 0 ) (-232 312 0 ) (-232 312 -16 ) 
4 141 164 0 (-232 0 -16 ) (-232 0 0 ) (-320 0 0 ) (-320 0 -16 ) 
4 141 143 0 (-320 24 -16 ) (-320 400 -16 ) (-304 400 -16 ) (-304 24 -16 ) 
4 141 142 0 (-304 400 -16 ) (-232 400 -16 ) (-232 0 -16 ) (-304 0 -16 ) 
4 142 165 0 (-232 0 -24 ) (-232 0 -16 ) (-304 0 -16 ) (-304 0 -24 ) 
4 142 145 0 (-304 400 -24 ) (-288 400 -24 ) (-288 48 -24 ) (-304 48 -24 ) 
4 142 144 0 (-288 400 -24 ) (-232 400 -24 ) (-232 0 -24 ) (-288 0 -24 ) 
4 142 143 0 (-304 400 -24 ) (-304 24 -24 ) (-304 24 -16 ) (-304 400 -16 ) 
4 143 145 0 (-320 48 -24 ) (-320 400 -24 ) (-304 400 -24 ) (-304 48 -24 ) 
4 144 167 0 (-232 0 -32 ) (-232 0 -24 ) (-288 0 -24 ) (-288 0 -32 ) 
4 144 148 0 (-288 400 -32 ) (-272 400 -32 ) (-272 72 -32 ) (-288 72 -32 ) 
4 144 147 0 (-272 400 -32 ) (-256 400 -32 ) (-256 0 -32 ) (-272 0 -32 ) 
4 144 146 0 (-256 400 -32 ) (-232 400 -32 ) (-232 0 -32 ) (-256 0 -32 ) 
4 144 145 0 (-288 400 -32 ) (-288 48 -32 ) (-288 48 -24 ) (-288 400 -24 ) 
4 145 148 0 (-320 72 -32 ) (-320 400 -32 ) (-288 400 -32 ) (-288 72 -32 ) 
4 146 169 0 (-232 0 -48 ) (-232 0 -32 ) (-256 0 -32 ) (-256 0 -48 ) 
4 146 150 0 (-256 400 -48 ) (-232 400 -48 ) (-232 120 -48 ) (-256 120 -48 ) 
4 146 149 0 (-256 400 -48 ) (-256 96 -48 ) (-256 96 -40 ) (-256 400 -40 ) 
4 146 147 0 (-256 0 -40 ) (-256 0 -32 ) (-256 400 -32 ) (-256 400 -40 ) 
4 147 170 0 (-256 0 -32 ) (-272 0 -32 ) (-272 0 -40 ) (-256 0 -40 ) 
4 147 149 0 (-272 400 -40 ) (-256 400 -40 ) (-256 96 -40 ) (-272 96 -40 ) 
4 147 148 0 (-272 400 -40 ) (-272 72 -40 ) (-272 72 -32 ) (-272 400 -32 ) 
4 148 149 0 (-320 96 -40 ) (-320 400 -40 ) (-272 400 -40 ) (-272 96 -40 ) 
4 149 150 0 (-320 120 -48 ) (-320 400 -48 ) (-256 400 -48 ) (-256 120 -48 ) 
4 151 164 0 (-320 0 0 ) (-232 0 0 ) (-232 -312 0 ) (-320 -312 0 ) 
4 151 163 0 (-232 0 0 ) (-128 0 0 ) (-128 -312 0 ) (-232 -312 0 ) 
4 151 158 0 (-320 0 128 ) (-320 0 0 ) (-320 -248 0 ) (-320 -248 128 ) 
4 151 157 0 (-320 0 152 ) (-320 0 128 ) (-320 -248 128 ) (-320 -248 152 ) 
4 151 153 0 (-128 -312 168 ) (-320 -312 168 ) (-320 -312 0 ) (-128 -312 0 ) 
4 152 174 0 (-104 -400 0 ) (-120 -400 0 ) (-120 -320 0 ) (-104 -320 0 ) 
4 152 154 0 (-104 -400 168 ) (-120 -400 168 ) (-120 -400 0 ) (-104 -400 0 ) 
4 152 153 0 (-120 -320 0 ) (-120 -400 0 ) (-120 -400 168 ) (-120 -320 168 ) 
4 153 175 0 (-120 -400 0 ) (-320 -400 0 ) (-320 -312 0 ) (-120 -312 0 ) 
4 153 154 0 (-120 -400 168 ) (-320 -400 168 ) (-320 -400 0 ) (-120 -400 0 ) 
4 154 176 0 (0 -400 0 ) (0 -488 0 ) (-320 -488 0 ) (-320 -400 0 ) 
4 154 155 0 (0 -488 168 ) (-288 -488 168 ) (-288 -488 0 ) (0 -488 0 ) 
4 155 177 0 (0 -488 0 ) (0 -576 0 ) (-288 -576 0 ) (-288 -488 0 ) 
4 155 156 0 (0 -576 168 ) (-224 -576 168 ) (-224 -576 0 ) (0 -576 0 ) 
4 156 178 0 (0 -576 0 ) (0 -640 0 ) (-224 -640 0 ) (-224 -576 0 ) 
4 157 158 0 (-504 0 128 ) (-320 0 128 ) (-320 -248 128 ) (-504 -248 128 ) 
4 158 160 0 (-504 -64 0 ) (-504 -72 0 ) (-504 -72 128 ) (-504 -64 128 ) 
4 158 159 0 (-504 0 0 ) (-504 -64 0 ) (-504 -64 128 ) (-504 0 128 ) 
4 159 162 0 (-640 0 0 ) (-640 -64 0 ) (-640 -64 128 ) (-640 0 128 ) 
4 159 161 0 (-640 -64 128 ) (-640 -64 0 ) (-632 -64 0 ) (-632 -64 128 ) 
4 159 160 0 (-512 -64 0 ) (-504 -64 0 ) (-504 -64 128 ) (-512 -64 128 ) 
4 161 162 0 (-640 -64 0 ) (-640 -72 0 ) (-640 -72 128 ) (-640 -64 128 ) 
4 163 175 0 (-232 -312 -56 ) (-128 -312 -56 ) (-128 -312 0 ) (-232 -312 0 ) 
4 163 173 0 (-232 -120 -56 ) (-232 -312 -56 ) (-232 -312 -48 ) (-232 -120 -48 ) 
4 163 169 0 (-232 -312 -48 ) (-232 -312 -32 ) (-232 0 -32 ) (-232 0 -48 ) 
4 163 167 0 (-232 -312 -32 ) (-232 -312 -24 ) (-232 0 -24 ) (-232 0 -32 ) 
4 163 165 0 (-232 -312 -24 ) (-232 -312 -16 ) (-232 0 -16 ) (-232 0 -24 ) 
4 163 164 0 (-232 -312 -16 ) (-232 -312 0 ) (-232 0 0 ) (-232 0 -16 ) 
4 164 175 0 (-320 -312 0 ) (-320 -312 -16 ) (-232 -312 -16 ) (-232 -312 0 ) 
4 164 166 0 (-304 -312 -16 ) (-320 -312 -16 ) (-320 -24 -16 ) (-304 -24 -16 ) 
4 164 165 0 (-232 0 -16 ) (-232 -312 -16 ) (-304 -312 -16 ) (-304 0 -16 ) 
4 165 175 0 (-304 -312 -24 ) (-232 -312 -24 ) (-232 -312 -16 ) (-304 -312 -16 ) 
4 165 168 0 (-288 -312 -24 ) (-304 -312 -24 ) (-304 -48 -24 ) (-288 -48 -24 ) 
4 165 167 0 (-232 0 -24 ) (-232 -312 -24 ) (-288 -312 -24 ) (-288 0 -24 ) 
4 165 166 0 (-304 -24 -24 ) (-304 -312 -24 ) (-304 -312 -16 ) (-304 -24 -16 ) 
4 166 175 0 (-320 -312 -16 ) (-320 -312 -24 ) (-304 -312 -24 ) (-304 -312 -16 ) 
4 166 168 0 (-304 -312 -24 ) (-320 -312 -24 ) (-320 -48 -24 ) (-304 -48 -24 ) 
4 167 175 0 (-288 -312 -32 ) (-232 -312 -32 ) (-232 -312 -24 ) (-288 -312 -24 ) 
4 167 171 0 (-272 -312 -32 ) (-288 -312 -32 ) (-288 -72 -32 ) (-272 -72 -32 ) 
4 167 170 0 (-256 -312 -32 ) (-272 -312 -32 ) (-272 0 -32 ) (-256 0 -32 ) 
4 167 169 0 (-232 0 -32 ) (-232 -312 -32 ) (-256 -312 -32 ) (-256 0 -32 ) 
4 167 168 0 (-288 -48 -32 ) (-288 -312 -32 ) (-288 -312 -24 ) (-288 -48 -24 ) 
4 168 175 0 (-320 -312 -24 ) (-320 -312 -32 ) (-288 -312 -32 ) (-288 -312 -24 ) 
4 168 171 0 (-288 -312 -32 ) (-320 -312 -32 ) (-320 -72 -32 ) (-288 -72 -32 ) 
4 169 175 0 (-256 -312 -48 ) (-232 -312 -48 ) (-232 -312 -32 ) (-256 -312 -32 ) 
4 169 173 0 (-232 -120 -48 ) (-232 -312 -48 ) (-256 -312 -48 ) (-256 -120 -48 ) 
4 169 172 0 (-256 -96 -48 ) (-256 -312 -48 ) (-256 -312 -40 ) (-256 -96 -40 ) 
4 169 170 0 (-256 -312 -40 ) (-256 -312 -32 ) (-256 0 -32 ) (-256 0 -40 ) 
4 170 175 0 (-272 -312 -40 ) (-256 -312 -40 ) (-256 -312 -32 ) (-272 -312 -32 ) 
4 170 172 0 (-256 -96 -40 ) (-256 -312 -40 ) (-272 -312 -40 ) (-272 -96 -40 ) 
4 170 171 0 (-272 -72 -40 ) (-272 -312 -40 ) (-272 -312 -32 ) (-272 -72 -32 ) 
4 171 175 0 (-320 -312 -32 ) (-320 -312 -40 ) (-272 -312 -40 ) (-272 -312 -32 ) 
4 171 172 0 (-272 -312 -40 ) (-320 -312 -40 ) (-320 -96 -40 ) (-272 -96 -40 ) 
4 172 175 0 (-320 -312 -40 ) (-320 -312 -48 ) (-256 -312 -48 ) (-256 -312 -40 ) 
4 172 173 0 (-256 -312 -48 ) (-320 -312 -48 ) (-320 -120 -48 ) (-256 -120 -48 ) 
4 173 175 0 (-320 -312 -48 ) (-320 -312 -56 ) (-232 -312 -56 ) (-232 -312 -48 ) 
4 174 176 0 (-120 -400 -56 ) (-104 -400 -56 ) (-104 -400 0 ) (-120 -400 0 ) 
4 174 175 0 (-120 -320 -56 ) (-120 -400 -56 ) (-120 -400 0 ) (-120 -320 0 ) 
4 175 176 0 (-320 -400 0 ) (-320 -400 -56 ) (-120 -400 -56 ) (-120 -400 0 ) 
4 176 177 0 (-288 -488 -56 ) (0 -488 -56 ) (0 -488 0 ) (-288 -488 0 ) 
4 177 178 0 (-224 -576 -56 ) (0 -576 -56 ) (0 -576 0 ) (-224 -576 0 ) 
4 0 (2184 184 0 ) (2184 72 0 ) (2184 72 128 ) (2184 184 128 ) 
4 0 (2560 184 128 ) (2184 184 128 ) (2184 0 128 ) (2560 0 128 ) 
4 0 (2560 0 0 ) (2184 0 0 ) (2184 184 0 ) (2560 184 0 ) 
4 0 (2560 184 128 ) (2560 0 128 ) (2560 0 0 ) (2560 184 0 ) 
4 0 (2560 184 128 ) (2560 184 0 ) (2184 184 0 ) (2184 184 128 ) 
3 1 (2184 72 0 ) (2184 64 0 ) (2176 64 0 ) 
3 1 (2176 64 128 ) (2184 64 128 ) (2184 72 128 ) 
4 1 (2184 72 128 ) (2184 72 0 ) (2176 64 0 ) (2176 64 128 ) 
4 2 (2048 64 128 ) (2176 64 128 ) (2176 64 0 ) (2048 64 0 ) 
4 2 (2184 64 128 ) (2048 64 128 ) (2048 0 128 ) (2184 0 128 ) 
4 2 (2184 0 0 ) (2048 0 0 ) (2048 64 0 ) (2184 64 0 ) 
4 3 (2184 -72 0 ) (2184 -184 0 ) (2184 -184 128 ) (2184 -72 128 ) 
4 3 (2184 -184 128 ) (2560 -184 128 ) (2560 0 128 ) (2184 0 128 ) 
4 3 (2184 -184 0 ) (2184 0 0 ) (2560 0 0 ) (2560 -184 0 ) 
4 3 (2560 0 128 ) (2560 -184 128 ) (2560 -184 0 ) (2560 0 0 ) 
4 3 (2184 -184 128 ) (2184 -184 0 ) (2560 -184 0 ) (2560 -184 128 ) 
4 4 (2048 -64 0 ) (2176 -64 0 ) (2176 -64 128 ) (2048 -64 128 ) 
4 4 (2184 -64 128 ) (2184 0 128 ) (2048 0 128 ) (2048 -64 128 ) 
4 4 (2048 -64 0 ) (2048 0 0 ) (2184 0 0 ) (2184 -64 0 ) 
3 5 (2176 -64 0 ) (2184 -64 0 ) (2184 -72 0 ) 
3 5 (2184 -72 128 ) (2184 -64 128 ) (2176 -64 128 ) 
4 5 (2176 -64 128 ) (2176 -64 0 ) (2184 -72 0 ) (2184 -72 128 ) 
4 6 (2048 0 0 ) (2040 0 0 ) (2040 72 0 ) (2048 64 0 ) 
4 6 (2048 64 128 ) (2040 72 128 ) (2040 0 128 ) (2048 0 128 ) 
4 6 (2048 64 0 ) (2040 72 0 ) (2040 72 128 ) (2048 64 128 ) 
4 7 (2040 0 0 ) (1856 0 0 ) (1856 248 0 ) (2040 248 0 ) 
4 7 (2040 248 152 ) (1856 248 152 ) (1856 0 152 ) (2040 0 152 ) 
4 7 (2040 248 128 ) (2040 248 152 ) (2040 0 152 ) (2040 0 128 ) 
4 7 (2040 248 128 ) (2040 72 128 ) (2040 72 0 ) (2040 248 0 ) 
4 7 (1856 248 0 ) (1856 248 152 ) (2040 248 152 ) (2040 248 0 ) 
4 8 (1024 384 376 ) (1144 384 376 ) (1144 384 168 ) (1024 384 168 ) 
4 8 (1144 384 376 ) (1024 384 376 ) (1024 0 376 ) (1144 0 376 ) 
4 8 (1144 0 376 ) (1144 0 168 ) (1144 384 168 ) (1144 384 376 ) 
4 9 (1024 640 168 ) (1760 640 168 ) (1760 640 0 ) (1024 640 0 ) 
4 9 (1760 640 168 ) (1024 640 168 ) (1024 576 168 ) (1760 576 168 ) 
4 9 (1760 576 168 ) (1760 576 0 ) (1760 640 0 ) (1760 640 168 ) 
4 10 (1824 576 168 ) (1024 576 168 ) (1024 488 168 ) (1824 488 168 ) 
4 10 (1760 576 168 ) (1824 576 168 ) (1824 576 0 ) (1760 576 0 ) 
4 10 (1824 488 168 ) (1824 488 0 ) (1824 576 0 ) (1824 576 168 ) 
4 11 (1024 448 0 ) (1536 448 0 ) (1536 448 168 ) (1024 448 168 ) 
4 11 (1824 488 168 ) (1856 488 168 ) (1856 488 0 ) (1824 488 0 ) 
4 11 (1856 488 152 ) (1856 448 152 ) (1856 448 0 ) (1856 488 0 ) 
4 11 (1856 488 168 ) (1856 448 168 ) (1856 448 152 ) (1856 488 152 ) 
4 11 (1024 488 168 ) (1024 448 168 ) (1856 448 168 ) (1856 488 168 ) 
4 12 (1536 400 0 ) (1640 400 0 ) (1640 400 168 ) (1536 400 168 ) 
4 12 (1536 448 168 ) (1536 400 168 ) (1856 400 168 ) (1856 448 168 ) 
4 12 (1856 448 168 ) (1856 400 168 ) (1856 400 152 ) (1856 448 152 ) 
4 12 (1856 448 152 ) (1856 400 152 ) (1856 400 0 ) (1856 448 0 ) 
4 12 (1536 448 168 ) (1536 448 0 ) (1536 400 0 ) (1536 400 168 ) 
4 13 (1664 312 0 ) (1664 0 0 ) (1664 0 168 ) (1664 312 168 ) 
4 13 (1664 384 168 ) (1664 0 168 ) (1856 0 168 ) (1856 384 168 ) 
4 13 (1664 400 168 ) (1664 384 168 ) (1856 384 168 ) (1856 400 168 ) 
4 13 (1856 400 168 ) (1856 0 168 ) (1856 0 152 ) (1856 400 152 ) 
4 13 (1856 400 152 ) (1856 248 152 ) (1856 248 0 ) (1856 400 0 ) 
4 14 (1656 320 0 ) (1656 312 0 ) (1656 312 168 ) (1656 320 168 ) 
4 14 (1664 312 168 ) (1664 384 168 ) (1656 384 168 ) (1656 312 168 ) 
4 14 (1664 400 168 ) (1656 400 168 ) (1656 384 168 ) (1664 384 168 ) 
4 14 (1656 312 168 ) (1656 312 0 ) (1664 312 0 ) (1664 312 168 ) 
4 15 (1640 400 168 ) (1640 400 0 ) (1640 320 0 ) (1640 320 168 ) 
4 15 (1656 400 168 ) (1640 400 168 ) (1640 384 168 ) (1656 384 168 ) 
4 15 (1656 320 168 ) (1656 384 168 ) (1640 384 168 ) (1640 320 168 ) 
4 15 (1640 320 168 ) (1640 320 0 ) (1656 320 0 ) (1656 320 168 ) 
4 16 (1080 16 0 ) (1080 0 0 ) (1080 0 144 ) (1080 16 144 ) 
4 16 (1080 288 0 ) (1080 256 0 ) (1080 256 56 ) (1080 288 56 ) 
4 16 (1144 384 168 ) (1144 0 168 ) (1144 0 0 ) (1144 384 0 ) 
4 16 (1144 384 168 ) (1144 384 0 ) (1080 384 0 ) (1080 384 168 ) 
4 17 (1048 16 144 ) (1048 16 56 ) (1080 16 56 ) (1080 16 144 ) 
4 17 (1048 256 56 ) (1048 288 56 ) (1080 288 56 ) (1080 256 56 ) 
4 17 (1080 384 168 ) (1080 384 56 ) (1048 384 56 ) (1048 384 168 ) 
4 18 (1080 384 56 ) (1080 384 0 ) (1048 384 0 ) (1048 384 56 ) 
4 18 (1080 288 0 ) (1080 288 56 ) (1048 288 56 ) (1048 288 0 ) 
4 19 (1048 16 56 ) (1048 16 0 ) (1080 16 0 ) (1080 16 56 ) 
4 19 (1048 256 0 ) (1048 256 56 ) (1080 256 56 ) (1080 256 0 ) 
4 20 (1048 0 144 ) (1048 16 144 ) (1080 16 144 ) (1080 0 144 ) 
4 21 (1048 288 56 ) (1048 256 56 ) (1048 256 0 ) (1048 288 0 ) 
4 21 (1048 16 144 ) (1048 0 144 ) (1048 0 0 ) (1048 16 0 ) 
4 21 (1024 384 168 ) (1048 384 168 ) (1048 384 0 ) (1024 384 0 ) 
4 22 (1024 640 0 ) (1760 640 0 ) (1760 640 -56 ) (1024 640 -56 ) 
4 22 (1024 576 -56 ) (1024 640 -56 ) (1760 640 -56 ) (1760 576 -56 ) 
4 22 (1760 576 0 ) (1760 576 -56 ) (1760 640 -56 ) (1760 640 0 ) 
4 23 (1024 488 -56 ) (1024 576 -56 ) (1824 576 -56 ) (1824 488 -56 ) 
4 23 (1760 576 0 ) (1824 576 0 ) (1824 576 -56 ) (1760 576 -56 ) 
4 23 (1824 488 0 ) (1824 488 -56 ) (1824 576 -56 ) (1824 576 0 ) 
4 24 (1024 448 -56 ) (1536 448 -56 ) (1536 448 0 ) (1024 448 0 ) 
4 24 (1824 488 0 ) (1856 488 0 ) (1856 488 -56 ) (1824 488 -56 ) 
4 24 (1856 488 0 ) (1856 448 0 ) (1856 448 -56 ) (1856 488 -56 ) 
4 24 (1024 448 -56 ) (1024 488 -56 ) (1856 488 -56 ) (1856 448 -56 ) 
4 25 (1536 400 -56 ) (1640 400 -56 ) (1640 400 0 ) (1536 400 0 ) 
4 25 (1536 448 -56 ) (1856 448 -56 ) (1856 400 -56 ) (1536 400 -56 ) 
4 25 (1856 448 0 ) (1856 400 0 ) (1856 400 -56 ) (1856 448 -56 ) 
4 25 (1536 448 0 ) (1536 448 -56 ) (1536 400 -56 ) (1536 400 0 ) 
4 26 (1664 312 -16 ) (1664 0 -16 ) (1664 0 0 ) (1664 312 0 ) 
4 26 (1840 24 -16 ) (1856 24 -16 ) (1856 0 -16 ) (1840 0 -16 ) 
4 26 (1856 400 -16 ) (1856 400 0 ) (1856 0 0 ) (1856 0 -16 ) 
4 27 (1664 312 -24 ) (1664 24 -24 ) (1664 24 -16 ) (1664 312 -16 ) 
4 27 (1856 48 -24 ) (1856 24 -24 ) (1824 24 -24 ) (1824 48 -24 ) 
4 27 (1840 24 -24 ) (1856 24 -24 ) (1856 24 -16 ) (1840 24 -16 ) 
4 27 (1856 24 -24 ) (1856 400 -24 ) (1856 400 -16 ) (1856 24 -16 ) 
4 28 (1664 24 -24 ) (1664 0 -24 ) (1664 0 -16 ) (1664 24 -16 ) 
4 28 (1824 24 -24 ) (1840 24 -24 ) (1840 0 -24 ) (1824 0 -24 ) 
4 28 (1840 0 -16 ) (1840 0 -24 ) (1840 24 -24 ) (1840 24 -16 ) 
4 29 (1856 72 -32 ) (1856 48 -32 ) (1824 48 -32 ) (1824 72 -32 ) 
4 29 (1856 48 -32 ) (1856 400 -32 ) (1856 400 -24 ) (1856 48 -24 ) 
4 29 (1824 48 -24 ) (1824 48 -32 ) (1856 48 -32 ) (1856 48 -24 ) 
4 30 (1808 0 -32 ) (1808 72 -32 ) (1824 72 -32 ) (1824 0 -32 ) 
4 30 (1824 48 -24 ) (1824 0 -24 ) (1824 0 -32 ) (1824 48 -32 ) 
4 31 (1856 96 -40 ) (1856 72 -40 ) (1808 72 -40 ) (1808 96 -40 ) 
4 31 (1856 72 -40 ) (1856 400 -40 ) (1856 400 -32 ) (1856 72 -32 ) 
4 31 (1856 72 -32 ) (1808 72 -32 ) (1808 72 -40 ) (1856 72 -40 ) 
4 32 (1664 312 -40 ) (1664 0 -40 ) (1664 0 -24 ) (1664 312 -24 ) 
4 32 (1808 96 -40 ) (1808 0 -40 ) (1792 0 -40 ) (1792 96 -40 ) 
4 32 (1808 72 -32 ) (1808 0 -32 ) (1808 0 -40 ) (1808 72 -40 ) 
4 33 (1856 120 -48 ) (1856 96 -48 ) (1792 96 -48 ) (1792 120 -48 ) 
4 33 (1856 96 -48 ) (1856 400 -48 ) (1856 400 -40 ) (1856 96 -40 ) 
4 33 (1792 96 -40 ) (1792 96 -48 ) (1856 96 -48 ) (1856 96 -40 ) 
4 34 (1664 312 -48 ) (1664 0 -48 ) (1664 0 -40 ) (1664 312 -40 ) 
4 34 (1792 120 -48 ) (1792 0 -48 ) (1768 0 -48 ) (1768 120 -48 ) 
4 34 (1792 96 -40 ) (1792 0 -40 ) (1792 0 -48 ) (1792 96 -48 ) 
4 35 (1768 120 -56 ) (1768 400 -56 ) (1856 400 -56 ) (1856 120 -56 ) 
4 35 (1856 400 -48 ) (1856 120 -48 ) (1856 120 -56 ) (1856 400 -56 ) 
4 35 (1768 120 -48 ) (1768 120 -56 ) (1856 120 -56 ) (1856 120 -48 ) 
4 36 (1664 312 -56 ) (1664 0 -56 ) (1664 0 -48 ) (1664 312 -48 ) 
4 36 (1768 0 -56 ) (1768 120 -56 ) (1768 120 -48 ) (1768 0 -48 ) 
4 36 (1768 0 -56 ) (1664 0 -56 ) (1664 400 -56 ) (1768 400 -56 ) 
4 37 (1656 320 -56 ) (1656 312 -56 ) (1656 312 0 ) (1656 320 0 ) 
4 37 (1656 312 -56 ) (1656 400 -56 ) (1664 400 -56 ) (1664 312 -56 ) 
4 37 (1656 312 0 ) (1656 312 -56 ) (1664 312 -56 ) (1664 312 0 ) 
4 38 (1640 400 0 ) (1640 400 -56 ) (1640 320 -56 ) (1640 320 0 ) 
4 38 (1640 320 -56 ) (1640 400 -56 ) (1656 400 -56 ) (1656 320 -56 ) 
4 38 (1640 320 0 ) (1640 320 -56 ) (1656 320 -56 ) (1656 320 0 ) 
4 39 (1080 288 -56 ) (1080 256 -56 ) (1080 256 0 ) (1080 288 0 ) 
4 39 (1080 16 -56 ) (1080 0 -56 ) (1080 0 0 ) (1080 16 0 ) 
4 39 (1144 384 0 ) (1144 0 0 ) (1144 0 -56 ) (1144 384 -56 ) 
4 39 (1144 0 -56 ) (1080 0 -56 ) (1080 384 -56 ) (1144 384 -56 ) 
4 39 (1144 384 0 ) (1144 384 -56 ) (1080 384 -56 ) (1080 384 0 ) 
4 40 (1048 288 0 ) (1048 288 -56 ) (1080 288 -56 ) (1080 288 0 ) 
4 40 (1048 288 -56 ) (1048 384 -56 ) (1080 384 -56 ) (1080 288 -56 ) 
4 40 (1080 384 0 ) (1080 384 -56 ) (1048 384 -56 ) (1048 384 0 ) 
4 41 (1048 16 -56 ) (1048 256 -56 ) (1080 256 -56 ) (1080 16 -56 ) 
4 41 (1048 16 0 ) (1048 16 -56 ) (1080 16 -56 ) (1080 16 0 ) 
4 41 (1080 256 0 ) (1080 256 -56 ) (1048 256 -56 ) (1048 256 0 ) 
4 42 (1048 0 -56 ) (1024 0 -56 ) (1024 384 -56 ) (1048 384 -56 ) 
4 42 (1048 16 0 ) (1048 0 0 ) (1048 0 -56 ) (1048 16 -56 ) 
4 42 (1048 288 0 ) (1048 256 0 ) (1048 256 -56 ) (1048 288 -56 ) 
4 42 (1024 384 0 ) (1048 384 0 ) (1048 384 -56 ) (1024 384 -56 ) 
4 43 (2040 0 0 ) (2048 0 0 ) (2048 -64 0 ) (2040 -72 0 ) 
4 43 (2048 -64 128 ) (2048 0 128 ) (2040 0 128 ) (2040 -72 128 ) 
4 43 (2048 -64 128 ) (2040 -72 128 ) (2040 -72 0 ) (2048 -64 0 ) 
4 44 (1856 0 0 ) (2040 0 0 ) (2040 -248 0 ) (1856 -248 0 ) 
4 44 (2040 -248 152 ) (2040 0 152 ) (1856 0 152 ) (1856 -248 152 ) 
4 44 (2040 -248 128 ) (2040 0 128 ) (2040 0 152 ) (2040 -248 152 ) 
4 44 (2040 -72 128 ) (2040 -248 128 ) (2040 -248 0 ) (2040 -72 0 ) 
4 44 (2040 -248 0 ) (2040 -248 152 ) (1856 -248 152 ) (1856 -248 0 ) 
4 45 (1024 -384 376 ) (1024 -384 168 ) (1144 -384 168 ) (1144 -384 376 ) 
4 45 (1144 -384 376 ) (1144 -384 168 ) (1144 0 168 ) (1144 0 376 ) 
4 45 (1144 0 376 ) (1024 0 376 ) (1024 -384 376 ) (1144 -384 376 ) 
4 46 (1664 0 0 ) (1664 -312 0 ) (1664 -312 168 ) (1664 0 168 ) 
4 46 (1856 -248 152 ) (1856 -400 152 ) (1856 -400 0 ) (1856 -248 0 ) 
4 46 (1856 -400 168 ) (1856 -400 152 ) (1856 0 152 ) (1856 0 168 ) 
4 46 (1664 -400 168 ) (1856 -400 168 ) (1856 0 168 ) (1664 0 168 ) 
4 47 (1656 -312 168 ) (1664 -312 168 ) (1664 -312 0 ) (1656 -312 0 ) 
4 47 (1656 -312 168 ) (1656 -320 168 ) (1664 -320 168 ) (1664 -312 168 ) 
4 47 (1656 -312 168 ) (1656 -312 0 ) (1656 -320 0 ) (1656 -320 168 ) 
4 48 (1656 -320 168 ) (1656 -320 0 ) (1640 -320 0 ) (1640 -320 168 ) 
4 48 (1640 -320 168 ) (1640 -400 168 ) (1664 -400 168 ) (1664 -320 168 ) 
4 48 (1640 -320 0 ) (1640 -400 0 ) (1640 -400 168 ) (1640 -320 168 ) 
4 49 (1048 -16 144 ) (1048 0 144 ) (1080 0 144 ) (1080 -16 144 ) 
4 49 (1144 0 144 ) (1144 0 168 ) (1144 -384 168 ) (1144 -384 144 ) 
4 49 (1144 -384 144 ) (1144 -384 168 ) (1048 -384 168 ) (1048 -384 144 ) 
4 50 (1080 0 0 ) (1080 -16 0 ) (1080 -16 144 ) (1080 0 144 ) 
4 50 (1080 -384 0 ) (1144 -384 0 ) (1144 -384 144 ) (1080 -384 144 ) 
4 50 (1144 0 144 ) (1144 -384 144 ) (1144 -384 0 ) (1144 0 0 ) 
4 51 (1048 -384 0 ) (1080 -384 0 ) (1080 -384 144 ) (1048 -384 144 ) 
4 51 (1048 -16 0 ) (1048 -16 144 ) (1080 -16 144 ) (1080 -16 0 ) 
4 52 (1048 0 144 ) (1048 -16 144 ) (1048 -16 0 ) (1048 0 0 ) 
4 52 (1024 -384 0 ) (1048 -384 0 ) (1048 -384 168 ) (1024 -384 168 ) 
4 53 (1856 -400 152 ) (1856 -448 152 ) (1856 -448 0 ) (1856 -400 0 ) 
4 53 (1856 -400 168 ) (1856 -448 168 ) (1856 -448 152 ) (1856 -400 152 ) 
4 53 (1536 -400 168 ) (1536 -448 168 ) (1856 -448 168 ) (1856 -400 168 ) 
4 53 (1536 -400 168 ) (1640 -400 168 ) (1640 -400 0 ) (1536 -400 0 ) 
4 53 (1536 -400 168 ) (1536 -400 0 ) (1536 -448 0 ) (1536 -448 168 ) 
4 54 (1824 -488 0 ) (1856 -488 0 ) (1856 -488 168 ) (1824 -488 168 ) 
4 54 (1024 -448 168 ) (1536 -448 168 ) (1536 -448 0 ) (1024 -448 0 ) 
4 54 (1856 -448 152 ) (1856 -488 152 ) (1856 -488 0 ) (1856 -448 0 ) 
4 54 (1856 -448 168 ) (1856 -488 168 ) (1856 -488 152 ) (1856 -448 152 ) 
4 54 (1144 -448 168 ) (1144 -488 168 ) (1856 -488 168 ) (1856 -448 168 ) 
4 54 (1144 -488 168 ) (1144 -448 168 ) (1024 -448 168 ) (1024 -488 168 ) 
4 55 (1760 -576 0 ) (1824 -576 0 ) (1824 -576 168 ) (1760 -576 168 ) 
4 55 (1824 -488 168 ) (1144 -488 168 ) (1144 -576 168 ) (1824 -576 168 ) 
4 55 (1144 -576 168 ) (1144 -488 168 ) (1024 -488 168 ) (1024 -576 168 ) 
4 55 (1824 -576 168 ) (1824 -576 0 ) (1824 -488 0 ) (1824 -488 168 ) 
4 56 (1024 -640 0 ) (1760 -640 0 ) (1760 -640 168 ) (1024 -640 168 ) 
4 56 (1760 -576 168 ) (1144 -576 168 ) (1144 -640 168 ) (1760 -640 168 ) 
4 56 (1144 -640 168 ) (1144 -576 168 ) (1024 -576 168 ) (1024 -640 168 ) 
4 56 (1760 -640 168 ) (1760 -640 0 ) (1760 -576 0 ) (1760 -576 168 ) 
4 57 (1840 0 -16 ) (1856 0 -16 ) (1856 -24 -16 ) (1840 -24 -16 ) 
4 57 (1856 0 -16 ) (1856 0 0 ) (1856 -400 0 ) (1856 -400 -16 ) 
4 58 (1824 0 -24 ) (1840 0 -24 ) (1840 -24 -24 ) (1824 -24 -24 ) 
4 58 (1840 0 -16 ) (1840 -24 -16 ) (1840 -24 -24 ) (1840 0 -24 ) 
4 59 (1824 -48 -24 ) (1824 -24 -24 ) (1856 -24 -24 ) (1856 -48 -24 ) 
4 59 (1840 -24 -16 ) (1856 -24 -16 ) (1856 -24 -24 ) (1840 -24 -24 ) 
4 59 (1856 -24 -24 ) (1856 -24 -16 ) (1856 -400 -16 ) (1856 -400 -24 ) 
4 60 (1824 -72 -32 ) (1824 -48 -32 ) (1856 -48 -32 ) (1856 -72 -32 ) 
4 60 (1856 -48 -32 ) (1856 -48 -24 ) (1856 -400 -24 ) (1856 -400 -32 ) 
4 60 (1856 -48 -24 ) (1856 -48 -32 ) (1824 -48 -32 ) (1824 -48 -24 ) 
4 61 (1808 -72 -32 ) (1808 0 -32 ) (1824 0 -32 ) (1824 -72 -32 ) 
4 61 (1824 0 -24 ) (1824 -48 -24 ) (1824 -48 -32 ) (1824 0 -32 ) 
4 62 (1808 -96 -40 ) (1808 -72 -40 ) (1856 -72 -40 ) (1856 -96 -40 ) 
4 62 (1856 -72 -40 ) (1856 -72 -32 ) (1856 -400 -32 ) (1856 -400 -40 ) 
4 62 (1856 -72 -32 ) (1856 -72 -40 ) (1808 -72 -40 ) (1808 -72 -32 ) 
4 63 (1792 -96 -40 ) (1792 0 -40 ) (1808 0 -40 ) (1808 -96 -40 ) 
4 63 (1808 0 -32 ) (1808 -72 -32 ) (1808 -72 -40 ) (1808 0 -40 ) 
4 64 (1792 -120 -48 ) (1792 -96 -48 ) (1856 -96 -48 ) (1856 -120 -48 ) 
4 64 (1856 -96 -48 ) (1856 -96 -40 ) (1856 -400 -40 ) (1856 -400 -48 ) 
4 64 (1856 -96 -40 ) (1856 -96 -48 ) (1792 -96 -48 ) (1792 -96 -40 ) 
4 65 (1768 -120 -48 ) (1768 0 -48 ) (1792 0 -48 ) (1792 -120 -48 ) 
4 65 (1792 0 -40 ) (1792 -96 -40 ) (1792 -96 -48 ) (1792 0 -48 ) 
4 66 (1856 -120 -48 ) (1856 -400 -48 ) (1856 -400 -56 ) (1856 -120 -56 ) 
4 66 (1856 -120 -56 ) (1856 -400 -56 ) (1768 -400 -56 ) (1768 -120 -56 ) 
4 66 (1768 -120 -56 ) (1768 -120 -48 ) (1856 -120 -48 ) (1856 -120 -56 ) 
4 67 (1664 0 -56 ) (1664 -312 -56 ) (1664 -312 0 ) (1664 0 0 ) 
4 67 (1768 0 -48 ) (1768 -120 -48 ) (1768 -120 -56 ) (1768 0 -56 ) 
4 67 (1664 0 -56 ) (1768 0 -56 ) (1768 -400 -56 ) (1664 -400 -56 ) 
4 68 (1656 -312 0 ) (1664 -312 0 ) (1664 -312 -56 ) (1656 -312 -56 ) 
4 68 (1664 -312 -56 ) (1664 -320 -56 ) (1656 -320 -56 ) (1656 -312 -56 ) 
4 68 (1656 -312 0 ) (1656 -312 -56 ) (1656 -320 -56 ) (1656 -320 0 ) 
4 69 (1640 -320 -56 ) (1640 -400 -56 ) (1640 -400 0 ) (1640 -320 0 ) 
4 69 (1656 -320 0 ) (1656 -320 -56 ) (1640 -320 -56 ) (1640 -320 0 ) 
4 69 (1664 -320 -56 ) (1664 -400 -56 ) (1640 -400 -56 ) (1640 -320 -56 ) 
4 70 (1080 0 -56 ) (1144 0 -56 ) (1144 -16 -56 ) (1080 -16 -56 ) 
4 70 (1144 0 0 ) (1144 -16 0 ) (1144 -16 -56 ) (1144 0 -56 ) 
4 70 (1080 0 -56 ) (1080 -16 -56 ) (1080 -16 0 ) (1080 0 0 ) 
4 71 (1080 -16 0 ) (1080 -16 -56 ) (1048 -16 -56 ) (1048 -16 0 ) 
4 71 (1144 -16 0 ) (1144 -384 0 ) (1144 -384 -56 ) (1144 -16 -56 ) 
4 71 (1144 -16 -56 ) (1144 -384 -56 ) (1048 -384 -56 ) (1048 -16 -56 ) 
4 71 (1048 -384 -56 ) (1144 -384 -56 ) (1144 -384 0 ) (1048 -384 0 ) 
4 72 (1048 0 0 ) (1048 -16 0 ) (1048 -16 -56 ) (1048 0 -56 ) 
4 72 (1024 -384 -56 ) (1048 -384 -56 ) (1048 -384 0 ) (1024 -384 0 ) 
4 72 (1024 -384 -56 ) (1024 0 -56 ) (1048 0 -56 ) (1048 -384 -56 ) 
4 73 (1856 -400 0 ) (1856 -448 0 ) (1856 -448 -56 ) (1856 -400 -56 ) 
4 73 (1536 -400 -56 ) (1856 -400 -56 ) (1856 -448 -56 ) (1536 -448 -56 ) 
4 73 (1536 -400 0 ) (1640 -400 0 ) (1640 -400 -56 ) (1536 -400 -56 ) 
4 73 (1536 -400 0 ) (1536 -400 -56 ) (1536 -448 -56 ) (1536 -448 0 ) 
4 74 (1824 -488 -56 ) (1856 -488 -56 ) (1856 -488 0 ) (1824 -488 0 ) 
4 74 (1024 -448 0 ) (1536 -448 0 ) (1536 -448 -56 ) (1024 -448 -56 ) 
4 74 (1856 -448 0 ) (1856 -488 0 ) (1856 -488 -56 ) (1856 -448 -56 ) 
4 74 (1024 -488 -56 ) (1024 -448 -56 ) (1856 -448 -56 ) (1856 -488 -56 ) 
4 75 (1760 -576 -56 ) (1824 -576 -56 ) (1824 -576 0 ) (1760 -576 0 ) 
4 75 (1024 -576 -56 ) (1024 -488 -56 ) (1824 -488 -56 ) (1824 -576 -56 ) 
4 75 (1824 -576 0 ) (1824 -576 -56 ) (1824 -488 -56 ) (1824 -488 0 ) 
4 76 (1024 -640 -56 ) (1760 -640 -56 ) (1760 -640 0 ) (1024 -640 0 ) 
4 76 (1024 -640 -56 ) (1024 -576 -56 ) (1760 -576 -56 ) (1760 -640 -56 ) 
4 76 (1760 -640 0 ) (1760 -640 -56 ) (1760 -576 -56 ) (1760 -576 0 ) 
4 77 (896 0 376 ) (896 128 376 ) (896 128 384 ) (896 0 384 ) 
4 77 (640 128 384 ) (896 128 384 ) (896 128 376 ) (640 128 376 ) 
4 77 (896 128 384 ) (640 128 384 ) (640 0 384 ) (896 0 384 ) 
4 77 (640 0 384 ) (640 128 384 ) (640 128 376 ) (640 0 376 ) 
4 78 (872 448 0 ) (1024 448 0 ) (1024 448 168 ) (872 448 168 ) 
4 78 (0 448 0 ) (664 448 0 ) (664 448 168 ) (0 448 168 ) 
4 78 (1024 640 168 ) (1024 640 0 ) (0 640 0 ) (0 640 168 ) 
4 78 (1024 640 168 ) (0 640 168 ) (0 448 168 ) (1024 448 168 ) 
4 79 (864 440 96 ) (864 440 168 ) (672 440 168 ) (672 440 96 ) 
4 79 (672 440 0 ) (672 440 168 ) (664 448 168 ) (664 448 0 ) 
4 79 (872 448 168 ) (664 448 168 ) (672 440 168 ) (864 440 168 ) 
4 79 (872 448 0 ) (872 448 168 ) (864 440 168 ) (864 440 0 ) 
4 80 (672 392 0 ) (672 392 96 ) (672 440 96 ) (672 440 0 ) 
4 80 (864 440 96 ) (672 440 96 ) (672 392 96 ) (864 392 96 ) 
4 80 (864 440 0 ) (864 440 96 ) (864 392 96 ) (864 392 0 ) 
4 81 (672 392 176 ) (672 392 0 ) (664 384 0 ) (664 384 176 ) 
4 81 (864 392 96 ) (672 392 96 ) (672 392 176 ) (864 392 176 ) 
4 81 (864 392 176 ) (672 392 176 ) (664 384 176 ) (872 384 176 ) 
4 81 (864 392 0 ) (864 392 176 ) (872 384 176 ) (872 384 0 ) 
4 82 (488 0 144 ) (456 0 144 ) (456 16 144 ) (488 16 144 ) 
4 82 (456 128 376 ) (1024 128 376 ) (1024 384 376 ) (456 384 376 ) 
4 82 (1024 128 376 ) (896 128 376 ) (896 0 376 ) (1024 0 376 ) 
4 82 (640 128 376 ) (456 128 376 ) (456 0 376 ) (640 0 376 ) 
4 82 (456 384 176 ) (456 384 376 ) (1024 384 376 ) (1024 384 176 ) 
4 82 (456 384 144 ) (456 384 176 ) (664 384 176 ) (664 384 144 ) 
4 82 (872 384 144 ) (872 384 176 ) (1024 384 176 ) (1024 384 144 ) 
4 83 (488 0 144 ) (488 16 144 ) (488 16 0 ) (488 0 0 ) 
4 83 (872 384 144 ) (1024 384 144 ) (1024 384 0 ) (872 384 0 ) 
4 83 (488 384 144 ) (664 384 144 ) (664 384 0 ) (488 384 0 ) 
4 84 (456 384 144 ) (488 384 144 ) (488 384 0 ) (456 384 0 ) 
4 84 (488 16 0 ) (488 16 144 ) (456 16 144 ) (456 16 0 ) 
4 85 (456 16 144 ) (456 0 144 ) (456 0 0 ) (456 16 0 ) 
4 85 (392 384 376 ) (392 384 0 ) (392 0 0 ) (392 0 376 ) 
4 85 (392 384 176 ) (456 384 176 ) (456 384 0 ) (392 384 0 ) 
4 85 (456 384 176 ) (392 384 176 ) (392 384 376 ) (456 384 376 ) 
4 85 (456 128 376 ) (392 128 376 ) (392 0 376 ) (456 0 376 ) 
4 85 (392 128 376 ) (456 128 376 ) (456 384 376 ) (392 384 376 ) 
4 86 (0 448 -56 ) (664 448 -56 ) (664 448 0 ) (0 448 0 ) 
4 86 (872 448 -56 ) (1024 448 -56 ) (1024 448 0 ) (872 448 0 ) 
4 86 (0 448 -56 ) (0 640 -56 ) (1024 640 -56 ) (1024 448 -56 ) 
4 86 (0 640 0 ) (1024 640 0 ) (1024 640 -56 ) (0 640 -56 ) 
4 87 (864 440 0 ) (864 440 -56 ) (872 448 -56 ) (872 448 0 ) 
3 87 (864 448 -56 ) (872 448 -56 ) (864 440 -56 ) 
3 88 (872 384 -56 ) (864 384 -56 ) (864 392 -56 ) 
4 88 (872 384 0 ) (872 384 -56 ) (864 392 -56 ) (864 392 0 ) 
4 89 (672 440 -56 ) (672 392 -56 ) (672 392 0 ) (672 440 0 ) 
4 89 (672 448 -56 ) (864 448 -56 ) (864 384 -56 ) (672 384 -56 ) 
4 89 (864 440 0 ) (864 392 0 ) (864 392 -56 ) (864 440 -56 ) 
4 90 (672 392 0 ) (672 392 -56 ) (664 384 -56 ) (664 384 0 ) 
3 90 (672 392 -56 ) (672 384 -56 ) (664 384 -56 ) 
3 91 (664 448 -56 ) (672 448 -56 ) (672 440 -56 ) 
4 91 (664 448 0 ) (664 448 -56 ) (672 440 -56 ) (672 440 0 ) 
4 92 (704 64 -56 ) (832 64 -56 ) (832 64 -32 ) (704 64 -32 ) 
4 92 (456 384 0 ) (664 384 0 ) (664 384 -56 ) (456 384 -56 ) 
4 92 (872 384 0 ) (1024 384 0 ) (1024 384 -56 ) (872 384 -56 ) 
4 92 (456 64 -56 ) (456 384 -56 ) (1024 384 -56 ) (1024 64 -56 ) 
4 93 (488 16 -32 ) (488 0 -32 ) (488 0 0 ) (488 16 0 ) 
4 93 (832 0 -32 ) (704 0 -32 ) (704 64 -32 ) (832 64 -32 ) 
4 94 (1024 0 -56 ) (832 0 -56 ) (832 64 -56 ) (1024 64 -56 ) 
4 94 (832 0 -32 ) (832 64 -32 ) (832 64 -56 ) (832 0 -56 ) 
4 95 (488 16 -56 ) (488 0 -56 ) (488 0 -32 ) (488 16 -32 ) 
4 95 (704 0 -56 ) (704 64 -56 ) (704 64 -32 ) (704 0 -32 ) 
4 95 (704 0 -56 ) (488 0 -56 ) (488 64 -56 ) (704 64 -56 ) 
4 96 (456 16 -56 ) (456 64 -56 ) (488 64 -56 ) (488 16 -56 ) 
4 96 (456 16 0 ) (456 16 -56 ) (488 16 -56 ) (488 16 0 ) 
4 97 (392 384 0 ) (456 384 0 ) (456 384 -56 ) (392 384 -56 ) 
4 97 (456 0 -56 ) (392 0 -56 ) (392 384 -56 ) (456 384 -56 ) 
4 97 (456 16 0 ) (456 0 0 ) (456 0 -56 ) (456 16 -56 ) 
4 97 (392 384 0 ) (392 384 -56 ) (392 0 -56 ) (392 0 0 ) 
4 98 (640 -128 376 ) (896 -128 376 ) (896 -128 384 ) (640 -128 384 ) 
4 98 (896 -128 384 ) (896 -128 376 ) (896 0 376 ) (896 0 384 ) 
4 98 (640 -128 384 ) (896 -128 384 ) (896 0 384 ) (640 0 384 ) 
4 98 (640 0 376 ) (640 -128 376 ) (640 -128 384 ) (640 0 384 ) 
4 99 (488 -384 0 ) (664 -384 0 ) (664 -384 176 ) (488 -384 176 ) 
4 99 (872 -384 0 ) (1024 -384 0 ) (1024 -384 176 ) (872 -384 176 ) 
4 99 (1024 -384 176 ) (1024 -384 376 ) (488 -384 376 ) (488 -384 176 ) 
4 99 (488 -256 0 ) (488 -288 0 ) (488 -288 56 ) (488 -256 56 ) 
4 99 (488 0 0 ) (488 -16 0 ) (488 -16 144 ) (488 0 144 ) 
4 99 (1024 -384 376 ) (1024 0 376 ) (896 0 376 ) (896 -384 376 ) 
4 99 (488 -384 376 ) (896 -384 376 ) (896 -128 376 ) (488 -128 376 ) 
4 99 (488 -128 376 ) (640 -128 376 ) (640 0 376 ) (488 0 376 ) 
4 100 (456 -16 144 ) (456 0 144 ) (488 0 144 ) (488 -16 144 ) 
4 100 (456 -288 376 ) (488 -288 376 ) (488 -128 376 ) (456 -128 376 ) 
4 100 (456 -128 376 ) (488 -128 376 ) (488 0 376 ) (456 0 376 ) 
4 101 (488 -256 0 ) (488 -256 56 ) (456 -256 56 ) (456 -256 0 ) 
4 101 (456 -16 0 ) (456 -16 144 ) (488 -16 144 ) (488 -16 0 ) 
4 102 (488 -288 56 ) (456 -288 56 ) (456 -256 56 ) (488 -256 56 ) 
4 103 (456 -384 0 ) (488 -384 0 ) (488 -384 176 ) (456 -384 176 ) 
4 103 (488 -384 176 ) (488 -384 376 ) (456 -384 376 ) (456 -384 176 ) 
4 103 (488 -288 56 ) (488 -288 0 ) (456 -288 0 ) (456 -288 56 ) 
4 103 (456 -288 376 ) (456 -384 376 ) (488 -384 376 ) (488 -288 376 ) 
4 104 (392 -384 0 ) (456 -384 0 ) (456 -384 176 ) (392 -384 176 ) 
4 104 (456 -384 176 ) (456 -384 376 ) (392 -384 376 ) (392 -384 176 ) 
4 104 (456 -256 56 ) (456 -288 56 ) (456 -288 0 ) (456 -256 0 ) 
4 104 (456 0 144 ) (456 -16 144 ) (456 -16 0 ) (456 0 0 ) 
4 104 (392 0 0 ) (392 -384 0 ) (392 -384 376 ) (392 0 376 ) 
4 104 (392 -128 376 ) (456 -128 376 ) (456 0 376 ) (392 0 376 ) 
4 104 (392 -384 376 ) (456 -384 376 ) (456 -128 376 ) (392 -128 376 ) 
3 105 (864 -392 176 ) (872 -384 176 ) (864 -384 176 ) 
4 105 (864 -392 176 ) (864 -392 0 ) (872 -384 0 ) (872 -384 176 ) 
4 106 (864 -392 96 ) (864 -392 176 ) (672 -392 176 ) (672 -392 96 ) 
4 106 (672 -392 176 ) (864 -392 176 ) (864 -384 176 ) (664 -384 176 ) 
4 106 (672 -392 0 ) (672 -392 176 ) (664 -384 176 ) (664 -384 0 ) 
4 107 (672 -392 96 ) (672 -392 0 ) (672 -440 0 ) (672 -440 96 ) 
4 107 (864 -392 0 ) (864 -392 96 ) (864 -440 96 ) (864 -440 0 ) 
4 107 (864 -440 96 ) (864 -392 96 ) (672 -392 96 ) (672 -440 96 ) 
4 108 (864 -440 0 ) (864 -440 168 ) (872 -448 168 ) (872 -448 0 ) 
4 108 (672 -440 96 ) (672 -440 168 ) (864 -440 168 ) (864 -440 96 ) 
4 108 (864 -440 168 ) (672 -440 168 ) (664 -448 168 ) (872 -448 168 ) 
4 108 (664 -448 0 ) (664 -448 168 ) (672 -440 168 ) (672 -440 0 ) 
4 109 (0 -640 168 ) (0 -640 0 ) (1024 -640 0 ) (1024 -640 168 ) 
4 109 (872 -448 168 ) (1024 -448 168 ) (1024 -448 0 ) (872 -448 0 ) 
4 109 (0 -448 168 ) (664 -448 168 ) (664 -448 0 ) (0 -448 0 ) 
4 109 (1024 -448 168 ) (0 -448 168 ) (0 -640 168 ) (1024 -640 168 ) 
4 110 (1024 -384 -32 ) (1024 -384 0 ) (872 -384 0 ) (872 -384 -32 ) 
4 110 (704 -64 -32 ) (704 0 -32 ) (832 0 -32 ) (832 -64 -32 ) 
4 111 (872 -384 -56 ) (1024 -384 -56 ) (1024 -384 -32 ) (872 -384 -32 ) 
4 111 (832 0 -56 ) (832 -64 -56 ) (832 -64 -32 ) (832 0 -32 ) 
4 111 (832 0 -56 ) (1024 0 -56 ) (1024 -384 -56 ) (832 -384 -56 ) 
4 112 (832 -64 -56 ) (832 -384 -56 ) (704 -384 -56 ) (704 -64 -56 ) 
4 112 (704 -64 -56 ) (704 -64 -32 ) (832 -64 -32 ) (832 -64 -56 ) 
4 113 (488 -384 -56 ) (664 -384 -56 ) (664 -384 0 ) (488 -384 0 ) 
4 113 (488 -256 -56 ) (488 -288 -56 ) (488 -288 0 ) (488 -256 0 ) 
4 113 (488 0 -56 ) (488 -16 -56 ) (488 -16 0 ) (488 0 0 ) 
4 113 (704 0 -32 ) (704 -64 -32 ) (704 -64 -56 ) (704 0 -56 ) 
4 113 (488 0 -56 ) (704 0 -56 ) (704 -384 -56 ) (488 -384 -56 ) 
4 114 (488 -16 0 ) (488 -16 -56 ) (456 -16 -56 ) (456 -16 0 ) 
4 114 (488 -16 -56 ) (488 -256 -56 ) (456 -256 -56 ) (456 -16 -56 ) 
4 114 (456 -256 0 ) (456 -256 -56 ) (488 -256 -56 ) (488 -256 0 ) 
4 115 (456 -384 -56 ) (488 -384 -56 ) (488 -384 0 ) (456 -384 0 ) 
4 115 (488 -288 0 ) (488 -288 -56 ) (456 -288 -56 ) (456 -288 0 ) 
4 115 (488 -288 -56 ) (488 -384 -56 ) (456 -384 -56 ) (456 -288 -56 ) 
4 116 (392 -384 -56 ) (456 -384 -56 ) (456 -384 0 ) (392 -384 0 ) 
4 116 (392 0 -56 ) (456 0 -56 ) (456 -384 -56 ) (392 -384 -56 ) 
4 116 (456 0 0 ) (456 -16 0 ) (456 -16 -56 ) (456 0 -56 ) 
4 116 (456 -256 0 ) (456 -288 0 ) (456 -288 -56 ) (456 -256 -56 ) 
4 116 (392 0 -56 ) (392 -384 -56 ) (392 -384 0 ) (392 0 0 ) 
4 117 (864 -392 0 ) (864 -392 -56 ) (872 -384 -56 ) (872 -384 0 ) 
3 117 (864 -384 -56 ) (872 -384 -56 ) (864 -392 -56 ) 
3 118 (872 -448 -56 ) (864 -448 -56 ) (864 -440 -56 ) 
4 118 (872 -448 0 ) (872 -448 -56 ) (864 -440 -56 ) (864 -440 0 ) 
4 119 (672 -392 -56 ) (672 -440 -56 ) (672 -440 0 ) (672 -392 0 ) 
4 119 (864 -392 0 ) (864 -440 0 ) (864 -440 -56 ) (864 -392 -56 ) 
4 119 (672 -384 -56 ) (864 -384 -56 ) (864 -448 -56 ) (672 -448 -56 ) 
4 120 (672 -440 0 ) (672 -440 -56 ) (664 -448 -56 ) (664 -448 0 ) 
3 120 (672 -440 -56 ) (672 -448 -56 ) (664 -448 -56 ) 
3 121 (664 -384 -56 ) (672 -384 -56 ) (672 -392 -56 ) 
4 121 (664 -384 0 ) (664 -384 -56 ) (672 -392 -56 ) (672 -392 0 ) 
4 122 (0 -640 -56 ) (0 -448 -56 ) (1024 -448 -56 ) (1024 -640 -56 ) 
4 122 (872 -448 0 ) (1024 -448 0 ) (1024 -448 -56 ) (872 -448 -56 ) 
4 122 (0 -448 0 ) (664 -448 0 ) (664 -448 -56 ) (0 -448 -56 ) 
4 122 (0 -640 -56 ) (1024 -640 -56 ) (1024 -640 0 ) (0 -640 0 ) 
4 123 (-224 640 0 ) (-224 576 0 ) (-224 576 168 ) (-224 640 168 ) 
4 123 (-224 640 168 ) (-224 576 168 ) (0 576 168 ) (0 640 168 ) 
4 123 (0 640 168 ) (0 640 0 ) (-224 640 0 ) (-224 640 168 ) 
4 124 (-224 576 0 ) (-288 576 0 ) (-288 576 168 ) (-224 576 168 ) 
4 124 (-288 488 168 ) (0 488 168 ) (0 576 168 ) (-288 576 168 ) 
4 124 (-288 576 168 ) (-288 576 0 ) (-288 488 0 ) (-288 488 168 ) 
4 125 (-320 488 0 ) (-320 400 0 ) (-320 400 128 ) (-320 488 128 ) 
4 125 (-320 400 128 ) (-320 400 152 ) (-320 488 152 ) (-320 488 128 ) 
4 125 (-320 400 152 ) (-320 400 168 ) (-320 488 168 ) (-320 488 152 ) 
4 125 (0 400 168 ) (-104 400 168 ) (-104 400 0 ) (0 400 0 ) 
4 125 (0 400 168 ) (0 488 168 ) (-320 488 168 ) (-320 400 168 ) 
4 125 (0 440 168 ) (0 440 0 ) (0 448 0 ) (0 448 168 ) 
4 125 (0 400 96 ) (0 440 96 ) (0 440 168 ) (0 400 168 ) 
4 125 (0 440 96 ) (0 400 96 ) (0 400 0 ) (0 440 0 ) 
4 125 (-288 488 0 ) (-320 488 0 ) (-320 488 168 ) (-288 488 168 ) 
4 126 (-104 320 168 ) (-104 400 168 ) (-120 400 168 ) (-120 320 168 ) 
4 126 (-104 320 168 ) (-104 320 0 ) (-104 400 0 ) (-104 400 168 ) 
4 126 (-120 320 168 ) (-120 320 0 ) (-104 320 0 ) (-104 320 168 ) 
4 127 (-320 400 0 ) (-320 312 0 ) (-320 312 128 ) (-320 400 128 ) 
4 127 (-320 312 128 ) (-320 312 152 ) (-320 400 152 ) (-320 400 128 ) 
4 127 (-320 312 152 ) (-320 312 168 ) (-320 400 168 ) (-320 400 152 ) 
4 127 (-120 312 0 ) (-120 312 168 ) (-128 312 168 ) (-128 312 0 ) 
4 127 (-120 312 168 ) (-120 400 168 ) (-320 400 168 ) (-320 312 168 ) 
4 127 (-120 320 168 ) (-120 312 168 ) (-120 312 0 ) (-120 320 0 ) 
4 128 (-320 312 0 ) (-320 248 0 ) (-320 248 128 ) (-320 312 128 ) 
4 128 (-320 248 152 ) (-320 312 152 ) (-320 312 128 ) (-320 248 128 ) 
4 128 (-320 0 152 ) (-320 0 168 ) (-320 312 168 ) (-320 312 152 ) 
4 128 (-128 312 168 ) (-320 312 168 ) (-320 0 168 ) (-128 0 168 ) 
4 128 (-128 0 168 ) (-128 0 0 ) (-128 312 0 ) (-128 312 168 ) 
4 129 (-504 248 128 ) (-504 0 128 ) (-504 0 152 ) (-504 248 152 ) 
4 129 (-504 248 152 ) (-504 0 152 ) (-320 0 152 ) (-320 248 152 ) 
4 129 (-320 248 152 ) (-320 248 128 ) (-504 248 128 ) (-504 248 152 ) 
4 130 (-320 0 0 ) (-504 0 0 ) (-504 248 0 ) (-320 248 0 ) 
4 130 (-504 248 0 ) (-504 72 0 ) (-504 72 128 ) (-504 248 128 ) 
4 130 (-320 248 128 ) (-320 248 0 ) (-504 248 0 ) (-504 248 128 ) 
3 131 (-504 72 0 ) (-504 64 0 ) (-512 64 0 ) 
4 131 (-504 72 128 ) (-504 72 0 ) (-512 64 0 ) (-512 64 128 ) 
3 131 (-512 64 128 ) (-504 64 128 ) (-504 72 128 ) 
3 132 (-640 64 0 ) (-640 72 0 ) (-632 64 0 ) 
3 132 (-640 72 128 ) (-640 64 128 ) (-632 64 128 ) 
4 132 (-632 64 128 ) (-632 64 0 ) (-640 72 0 ) (-640 72 128 ) 
4 133 (-504 0 0 ) (-640 0 0 ) (-640 64 0 ) (-504 64 0 ) 
4 133 (-632 64 128 ) (-512 64 128 ) (-512 64 0 ) (-632 64 0 ) 
4 133 (-640 64 128 ) (-640 0 128 ) (-504 0 128 ) (-504 64 128 ) 
4 134 (-640 0 0 ) (-1016 0 0 ) (-1016 184 0 ) (-640 184 0 ) 
4 134 (-1016 184 0 ) (-1016 0 0 ) (-1016 0 128 ) (-1016 184 128 ) 
4 134 (-640 184 128 ) (-640 72 128 ) (-640 72 0 ) (-640 184 0 ) 
4 134 (-1016 184 128 ) (-1016 0 128 ) (-640 0 128 ) (-640 184 128 ) 
4 134 (-640 184 128 ) (-640 184 0 ) (-1016 184 0 ) (-1016 184 128 ) 
4 135 (-224 640 -56 ) (-224 576 -56 ) (-224 576 0 ) (-224 640 0 ) 
4 135 (0 640 -56 ) (0 576 -56 ) (-224 576 -56 ) (-224 640 -56 ) 
4 135 (0 640 0 ) (0 640 -56 ) (-224 640 -56 ) (-224 640 0 ) 
4 136 (-288 576 0 ) (-224 576 0 ) (-224 576 -56 ) (-288 576 -56 ) 
4 136 (-288 576 -56 ) (0 576 -56 ) (0 488 -56 ) (-288 488 -56 ) 
4 136 (-288 576 0 ) (-288 576 -56 ) (-288 488 -56 ) (-288 488 0 ) 
4 137 (-104 400 -56 ) (0 400 -56 ) (0 400 0 ) (-104 400 0 ) 
4 137 (-320 488 -56 ) (-320 400 -56 ) (-320 400 0 ) (-320 488 0 ) 
4 137 (0 400 -56 ) (0 448 -56 ) (0 448 0 ) (0 400 0 ) 
4 137 (-320 400 -56 ) (-320 488 -56 ) (0 488 -56 ) (0 400 -56 ) 
4 137 (-288 488 0 ) (-288 488 -56 ) (-320 488 -56 ) (-320 488 0 ) 
4 138 (-120 400 -56 ) (-104 400 -56 ) (-104 320 -56 ) (-120 320 -56 ) 
4 138 (-104 320 0 ) (-104 320 -56 ) (-104 400 -56 ) (-104 400 0 ) 
4 138 (-120 320 0 ) (-120 320 -56 ) (-104 320 -56 ) (-104 320 0 ) 
4 139 (-128 312 -56 ) (-120 312 -56 ) (-120 312 0 ) (-128 312 0 ) 
4 139 (-120 320 0 ) (-120 312 0 ) (-120 312 -56 ) (-120 320 -56 ) 
4 139 (-232 312 -56 ) (-232 400 -56 ) (-120 400 -56 ) (-120 312 -56 ) 
4 140 (-232 120 -56 ) (-232 0 -56 ) (-232 0 -48 ) (-232 120 -48 ) 
4 140 (-128 0 -56 ) (-232 0 -56 ) (-232 312 -56 ) (-128 312 -56 ) 
4 140 (-128 0 0 ) (-128 0 -56 ) (-128 312 -56 ) (-128 312 0 ) 
4 141 (-320 0 -16 ) (-320 24 -16 ) (-304 24 -16 ) (-304 0 -16 ) 
4 141 (-320 0 -16 ) (-320 0 0 ) (-320 400 0 ) (-320 400 -16 ) 
4 142 (-288 48 -24 ) (-288 0 -24 ) (-304 0 -24 ) (-304 48 -24 ) 
4 142 (-304 24 -24 ) (-304 0 -24 ) (-304 0 -16 ) (-304 24 -16 ) 
4 143 (-320 24 -24 ) (-320 48 -24 ) (-304 48 -24 ) (-304 24 -24 ) 
4 143 (-320 24 -16 ) (-320 400 -16 ) (-320 400 -24 ) (-320 24 -24 ) 
4 143 (-320 24 -24 ) (-304 24 -24 ) (-304 24 -16 ) (-320 24 -16 ) 
4 144 (-272 72 -32 ) (-272 0 -32 ) (-288 0 -32 ) (-288 72 -32 ) 
4 144 (-288 48 -32 ) (-288 0 -32 ) (-288 0 -24 ) (-288 48 -24 ) 
4 145 (-320 48 -32 ) (-320 72 -32 ) (-288 72 -32 ) (-288 48 -32 ) 
4 145 (-320 48 -24 ) (-320 400 -24 ) (-320 400 -32 ) (-320 48 -32 ) 
4 145 (-320 48 -32 ) (-288 48 -32 ) (-288 48 -24 ) (-320 48 -24 ) 
4 146 (-232 120 -48 ) (-232 0 -48 ) (-256 0 -48 ) (-256 120 -48 ) 
4 146 (-256 96 -48 ) (-256 0 -48 ) (-256 0 -40 ) (-256 96 -40 ) 
4 147 (-256 96 -40 ) (-256 0 -40 ) (-272 0 -40 ) (-272 96 -40 ) 
4 147 (-272 72 -40 ) (-272 0 -40 ) (-272 0 -32 ) (-272 72 -32 ) 
4 148 (-320 72 -40 ) (-320 96 -40 ) (-272 96 -40 ) (-272 72 -40 ) 
4 148 (-320 72 -32 ) (-320 400 -32 ) (-320 400 -40 ) (-320 72 -40 ) 
4 148 (-320 72 -40 ) (-272 72 -40 ) (-272 72 -32 ) (-320 72 -32 ) 
4 149 (-320 96 -48 ) (-320 120 -48 ) (-256 120 -48 ) (-256 96 -48 ) 
4 149 (-320 96 -40 ) (-320 400 -40 ) (-320 400 -48 ) (-320 96 -48 ) 
4 149 (-320 96 -48 ) (-256 96 -48 ) (-256 96 -40 ) (-320 96 -40 ) 
4 150 (-320 400 -56 ) (-320 120 -56 ) (-320 120 -48 ) (-320 400 -48 ) 
4 150 (-320 120 -56 ) (-320 400 -56 ) (-232 400 -56 ) (-232 120 -56 ) 
4 150 (-232 120 -56 ) (-232 120 -48 ) (-320 120 -48 ) (-320 120 -56 ) 
4 151 (-320 -248 0 ) (-320 -312 0 ) (-320 -312 128 ) (-320 -248 128 ) 
4 151 (-320 -248 128 ) (-320 -312 128 ) (-320 -312 152 ) (-320 -248 152 ) 
4 151 (-320 0 168 ) (-320 0 152 ) (-320 -312 152 ) (-320 -312 168 ) 
4 151 (-128 -312 168 ) (-128 0 168 ) (-320 0 168 ) (-320 -312 168 ) 
4 151 (-128 0 168 ) (-128 -312 168 ) (-128 -312 0 ) (-128 0 0 ) 
4 152 (-104 -320 168 ) (-104 -400 168 ) (-104 -400 0 ) (-104 -320 0 ) 
4 152 (-120 -320 168 ) (-120 -400 168 ) (-104 -400 168 ) (-104 -320 168 ) 
4 152 (-104 -320 168 ) (-104 -320 0 ) (-120 -320 0 ) (-120 -320 168 ) 
4 153 (-320 -312 0 ) (-320 -400 0 ) (-320 -400 128 ) (-320 -312 128 ) 
4 153 (-320 -400 128 ) (-320 -400 152 ) (-320 -312 152 ) (-320 -312 128 ) 
4 153 (-320 -400 152 ) (-320 -400 168 ) (-320 -312 168 ) (-320 -312 152 ) 
4 153 (-120 -320 168 ) (-120 -320 0 ) (-120 -312 0 ) (-120 -312 168 ) 
4 153 (-120 -400 168 ) (-120 -312 168 ) (-320 -312 168 ) (-320 -400 168 ) 
4 153 (-120 -312 0 ) (-128 -312 0 ) (-128 -312 168 ) (-120 -312 168 ) 
4 154 (-320 -400 0 ) (-320 -488 0 ) (-320 -488 128 ) (-320 -400 128 ) 
4 154 (-320 -488 128 ) (-320 -488 152 ) (-320 -400 152 ) (-320 -400 128 ) 
4 154 (-320 -488 152 ) (-320 -488 168 ) (-320 -400 168 ) (-320 -400 152 ) 
4 154 (-288 -488 168 ) (-320 -488 168 ) (-320 -488 0 ) (-288 -488 0 ) 
4 154 (0 -400 0 ) (-104 -400 0 ) (-104 -400 168 ) (0 -400 168 ) 
4 154 (0 -488 168 ) (0 -400 168 ) (-320 -400 168 ) (-320 -488 168 ) 
4 154 (0 -400 168 ) (0 -440 168 ) (0 -440 0 ) (0 -400 0 ) 
4 154 (0 -440 168 ) (0 -448 168 ) (0 -448 0 ) (0 -440 0 ) 
4 155 (-224 -576 168 ) (-288 -576 168 ) (-288 -576 0 ) (-224 -576 0 ) 
4 155 (-288 -576 168 ) (0 -576 168 ) (0 -488 168 ) (-288 -488 168 ) 
4 155 (-288 -488 168 ) (-288 -488 0 ) (-288 -576 0 ) (-288 -576 168 ) 
4 156 (-224 -576 168 ) (-224 -576 0 ) (-224 -640 0 ) (-224 -640 168 ) 
4 156 (-224 -640 168 ) (0 -640 168 ) (0 -576 168 ) (-224 -576 168 ) 
4 156 (-224 -640 168 ) (-224 -640 0 ) (0 -640 0 ) (0 -640 168 ) 
4 157 (-504 0 128 ) (-504 -248 128 ) (-504 -248 152 ) (-504 0 152 ) 
4 157 (-504 -248 152 ) (-320 -248 152 ) (-320 0 152 ) (-504 0 152 ) 
4 157 (-504 -248 152 ) (-504 -248 128 ) (-320 -248 128 ) (-320 -248 152 ) 
4 158 (-504 0 0 ) (-320 0 0 ) (-320 -248 0 ) (-504 -248 0 ) 
4 158 (-504 -72 0 ) (-504 -248 0 ) (-504 -248 128 ) (-504 -72 128 ) 
4 158 (-504 -248 128 ) (-504 -248 0 ) (-320 -248 0 ) (-320 -248 128 ) 
4 159 (-640 0 0 ) (-504 0 0 ) (-504 -64 0 ) (-640 -64 0 ) 
4 159 (-632 -64 0 ) (-512 -64 0 ) (-512 -64 128 ) (-632 -64 128 ) 
4 159 (-640 -64 128 ) (-504 -64 128 ) (-504 0 128 ) (-640 0 128 ) 
3 160 (-504 -64 0 ) (-504 -72 0 ) (-512 -64 0 ) 
4 160 (-512 -64 128 ) (-512 -64 0 ) (-504 -72 0 ) (-504 -72 128 ) 
3 160 (-512 -64 128 ) (-504 -72 128 ) (-504 -64 128 ) 
3 161 (-640 -72 0 ) (-640 -64 0 ) (-632 -64 0 ) 
3 161 (-632 -64 128 ) (-640 -64 128 ) (-640 -72 128 ) 
4 161 (-640 -72 128 ) (-640 -72 0 ) (-632 -64 0 ) (-632 -64 128 ) 
4 162 (-1016 0 0 ) (-640 0 0 ) (-640 -184 0 ) (-1016 -184 0 ) 
4 162 (-1016 0 0 ) (-1016 -184 0 ) (-1016 -184 128 ) (-1016 0 128 ) 
4 162 (-640 -72 128 ) (-640 -184 128 ) (-640 -184 0 ) (-640 -72 0 ) 
4 162 (-1016 -184 128 ) (-640 -184 128 ) (-640 0 128 ) (-1016 0 128 ) 
4 162 (-1016 -184 128 ) (-1016 -184 0 ) (-640 -184 0 ) (-640 -184 128 ) 
4 163 (-232 0 -56 ) (-232 -120 -56 ) (-232 -120 -48 ) (-232 0 -48 ) 
4 163 (-232 0 -56 ) (-128 0 -56 ) (-128 -312 -56 ) (-232 -312 -56 ) 
4 163 (-128 0 0 ) (-128 -312 0 ) (-128 -312 -56 ) (-128 0 -56 ) 
4 164 (-320 -24 -16 ) (-320 0 -16 ) (-304 0 -16 ) (-304 -24 -16 ) 
4 164 (-320 -312 -16 ) (-320 -312 0 ) (-320 0 0 ) (-320 0 -16 ) 
4 165 (-304 -48 -24 ) (-304 0 -24 ) (-288 0 -24 ) (-288 -48 -24 ) 
4 165 (-304 0 -24 ) (-304 -24 -24 ) (-304 -24 -16 ) (-304 0 -16 ) 
4 166 (-320 -48 -24 ) (-320 -24 -24 ) (-304 -24 -24 ) (-304 -48 -24 ) 
4 166 (-320 -312 -24 ) (-320 -312 -16 ) (-320 -24 -16 ) (-320 -24 -24 ) 
4 166 (-320 -24 -16 ) (-304 -24 -16 ) (-304 -24 -24 ) (-320 -24 -24 ) 
4 167 (-288 -72 -32 ) (-288 0 -32 ) (-272 0 -32 ) (-272 -72 -32 ) 
4 167 (-288 0 -32 ) (-288 -48 -32 ) (-288 -48 -24 ) (-288 0 -24 ) 
4 168 (-320 -72 -32 ) (-320 -48 -32 ) (-288 -48 -32 ) (-288 -72 -32 ) 
4 168 (-320 -312 -32 ) (-320 -312 -24 ) (-320 -48 -24 ) (-320 -48 -32 ) 
4 168 (-320 -48 -24 ) (-288 -48 -24 ) (-288 -48 -32 ) (-320 -48 -32 ) 
4 169 (-232 0 -48 ) (-232 -120 -48 ) (-256 -120 -48 ) (-256 0 -48 ) 
4 169 (-256 0 -48 ) (-256 -96 -48 ) (-256 -96 -40 ) (-256 0 -40 ) 
4 170 (-256 0 -40 ) (-256 -96 -40 ) (-272 -96 -40 ) (-272 0 -40 ) 
4 170 (-272 0 -40 ) (-272 -72 -40 ) (-272 -72 -32 ) (-272 0 -32 ) 
4 171 (-320 -96 -40 ) (-320 -72 -40 ) (-272 -72 -40 ) (-272 -96 -40 ) 
4 171 (-320 -312 -40 ) (-320 -312 -32 ) (-320 -72 -32 ) (-320 -72 -40 ) 
4 171 (-320 -72 -32 ) (-272 -72 -32 ) (-272 -72 -40 ) (-320 -72 -40 ) 
4 172 (-320 -120 -48 ) (-320 -96 -48 ) (-256 -96 -48 ) (-256 -120 -48 ) 
4 172 (-320 -312 -48 ) (-320 -312 -40 ) (-320 -96 -40 ) (-320 -96 -48 ) 
4 172 (-320 -96 -40 ) (-256 -96 -40 ) (-256 -96 -48 ) (-320 -96 -48 ) 
4 173 (-320 -120 -56 ) (-320 -312 -56 ) (-320 -312 -48 ) (-320 -120 -48 ) 
4 173 (-232 -120 -56 ) (-232 -312 -56 ) (-320 -312 -56 ) (-320 -120 -56 ) 
4 173 (-320 -120 -56 ) (-320 -120 -48 ) (-232 -120 -48 ) (-232 -120 -56 ) 
4 174 (-104 -320 0 ) (-104 -400 0 ) (-104 -400 -56 ) (-104 -320 -56 ) 
4 174 (-104 -400 -56 ) (-120 -400 -56 ) (-120 -320 -56 ) (-104 -320 -56 ) 
4 174 (-104 -320 0 ) (-104 -320 -56 ) (-120 -320 -56 ) (-120 -320 0 ) 
4 175 (-120 -320 0 ) (-120 -320 -56 ) (-120 -312 -56 ) (-120 -312 0 ) 
4 175 (-320 -312 -56 ) (-320 -400 -56 ) (-320 -400 0 ) (-320 -312 0 ) 
4 175 (-120 -400 -56 ) (-320 -400 -56 ) (-320 -312 -56 ) (-120 -312 -56 ) 
4 175 (-128 -312 0 ) (-120 -312 0 ) (-120 -312 -56 ) (-128 -312 -56 ) 
4 176 (-320 -488 0 ) (-320 -488 -56 ) (-288 -488 -56 ) (-288 -488 0 ) 
4 176 (-104 -400 0 ) (0 -400 0 ) (0 -400 -56 ) (-104 -400 -56 ) 
4 176 (-320 -400 -56 ) (-320 -488 -56 ) (-320 -488 0 ) (-320 -400 0 ) 
4 176 (0 -448 -56 ) (0 -400 -56 ) (0 -400 0 ) (0 -448 0 ) 
4 176 (0 -400 -56 ) (0 -488 -56 ) (-320 -488 -56 ) (-320 -400 -56 ) 
4 177 (-288 -576 -56 ) (-224 -576 -56 ) (-224 -576 0 ) (-288 -576 0 ) 
4 177 (0 -488 -56 ) (0 -576 -56 ) (-288 -576 -56 ) (-288 -488 -56 ) 
4 177 (-288 -488 0 ) (-288 -488 -56 ) (-288 -576 -56 ) (-288 -576 0 ) 
4 178 (-224 -576 0 ) (-224 -576 -56 ) (-224 -640 -56 ) (-224 -640 0 ) 
4 178 (0 -576 -56 ) (0 -640 -56 ) (-224 -640 -56 ) (-224 -576 -56 ) 
4 178 (-224 -640 0 ) (-224 -640 -56 ) (0 -640 -56 ) (0 -640 0 ) 
